sphnx1360.sdcc.bnl.gov
rsyncing from /gpfs/mnt/gpfs02/sphenix/user/samfred/run25/ppg11/histmaking
running: /gpfs/mnt/gpfs02/sphenix/user/samfred/run25/ppg11/histmaking/script.sh -1 Jet30
LD_LIBRARY_PATH now /sphenix/user/samfred/run25/install//lib:/cvmfs/sphenix.sdcc.bnl.gov/alma9.2-gcc-14.2.0/opt/sphenix/core/gcc/14.2.0-2f0a0/x86_64-el9/lib:/cvmfs/sphenix.sdcc.bnl.gov/alma9.2-gcc-14.2.0/opt/sphenix/core/gcc/14.2.0-2f0a0/x86_64-el9/lib64:/cvmfs/sphenix.sdcc.bnl.gov/alma9.2-gcc-14.2.0/opt/sphenix/core/binutils/2.40-acaab/x86_64-el9/lib:.:/cvmfs/sphenix.sdcc.bnl.gov/alma9.2-gcc-14.2.0/release/release_new/new.1/lib64:/cvmfs/sphenix.sdcc.bnl.gov/alma9.2-gcc-14.2.0/release/release_new/new.1/lib:/cvmfs/sphenix.sdcc.bnl.gov/alma9.2-gcc-14.2.0/opt/sphenix/utils/lib:/cvmfs/sphenix.sdcc.bnl.gov/alma9.2-gcc-14.2.0/opt/sphenix/core/lib:/cvmfs/sphenix.sdcc.bnl.gov/alma9.2-gcc-14.2.0/opt/sphenix/core/root-6.32.06/lib:/cvmfs/sphenix.sdcc.bnl.gov/alma9.2-gcc-14.2.0/opt/sphenix/core/geant4.10.07.p04/lib64:/cvmfs/sphenix.sdcc.bnl.gov/alma9.2-gcc-14.2.0/opt/sphenix/core/lhapdf-5.9.1/lib:/usr/local/lib64:/usr/lib64
PATH now /cvmfs/sphenix.sdcc.bnl.gov/alma9.2-gcc-14.2.0/opt/sphenix/core/gcc/14.2.0-2f0a0/x86_64-el9/bin:/cvmfs/sphenix.sdcc.bnl.gov/alma9.2-gcc-14.2.0/opt/sphenix/core/binutils/2.40-acaab/x86_64-el9/bin:.:/cvmfs/sphenix.sdcc.bnl.gov/alma9.2-gcc-14.2.0/release/release_new/new.1/bin:/cvmfs/sphenix.sdcc.bnl.gov/alma9.2-gcc-14.2.0/opt/sphenix/utils/bin:/cvmfs/sphenix.sdcc.bnl.gov/alma9.2-gcc-14.2.0/opt/sphenix/core/bin:/cvmfs/sphenix.sdcc.bnl.gov/alma9.2-gcc-14.2.0/opt/sphenix/core/root-6.32.06/bin:/cvmfs/sphenix.sdcc.bnl.gov/alma9.2-gcc-14.2.0/opt/sphenix/core/geant4.10.07.p04/bin:/usr/local/bin:/usr/bin:/usr/local/sbin:/usr/sbin
SINGULARITY_CACHEDIR=/home/condor/local/sphnx/execute/dir_148104
_CONDOR_CHIRP_CONFIG=/home/condor/local/sphnx/execute/dir_148104/.chirp.config
_CONDOR_JOB_IWD=/sphenix/user/samfred/run25/ppg11/histmaking
G4ENSDFSTATEDATA=/cvmfs/sphenix.sdcc.bnl.gov/alma9.2-gcc-14.2.0/opt/sphenix/core/geant4.10.07.p04/share/Geant4-10.7.4/data/G4ENSDFSTATE2.3
_CONDOR_MACHINE_AD=/home/condor/local/sphnx/execute/dir_148104/.machine.ad
ROOT_MAX_THREADS=1
NUMEXPR_NUM_THREADS=1
CUBACORES=1
_CHIRP_DELAYED_UPDATE_PREFIX=Chirp*
OMP_THREAD_LIMIT=1
G4PIIDATA=/cvmfs/sphenix.sdcc.bnl.gov/alma9.2-gcc-14.2.0/opt/sphenix/core/geant4.10.07.p04/share/Geant4-10.7.4/data/G4PII1.3
_CONDOR_ANCESTOR_148104=154748:1755547814:3038084818
NO_AT_BRIDGE=1
G4_MAIN=/cvmfs/sphenix.sdcc.bnl.gov/alma9.2-gcc-14.2.0/opt/sphenix/core/geant4.10.07.p04
COMPILER_PATH=/cvmfs/sphenix.sdcc.bnl.gov/alma9.2-gcc-14.2.0/opt/sphenix/core/gcc/14.2.0-2f0a0/x86_64-el9
ROOT_INCLUDE_PATH=./:/sphenix/user/samfred/run25/install//include:/sphenix/user/samfred/run25/install//include/caloana:/sphenix/user/samfred/run25/install//include/qa_centrality:/sphenix/user/samfred/run25/install//include/mbdana:/sphenix/user/samfred/run25/install//include/centrality:/cvmfs/sphenix.sdcc.bnl.gov/alma9.2-gcc-14.2.0/release/release_new/new.1/include:/cvmfs/sphenix.sdcc.bnl.gov/alma9.2-gcc-14.2.0/release/release_new/new.1/include:/cvmfs/sphenix.sdcc.bnl.gov/alma9.2-gcc-14.2.0/release/release_new/new.1/include/g4mbd:/cvmfs/sphenix.sdcc.bnl.gov/alma9.2-gcc-14.2.0/release/release_new/new.1/include/fmt:/cvmfs/sphenix.sdcc.bnl.gov/alma9.2-gcc-14.2.0/release/release_new/new.1/include/ffarawobjects:/cvmfs/sphenix.sdcc.bnl.gov/alma9.2-gcc-14.2.0/release/release_new/new.1/include/JSON:/cvmfs/sphenix.sdcc.bnl.gov/alma9.2-gcc-14.2.0/release/release_new/new.1/include/calotreegen:/cvmfs/sphenix.sdcc.bnl.gov/alma9.2-gcc-14.2.0/release/release_new/new.1/include/torch:/cvmfs/sphenix.sdcc.bnl.gov/alma9.2-gcc-14.2.0/release/release_new/new.1/include/g4detectors:/cvmfs/sphenix.sdcc.bnl.gov/alma9.2-gcc-14.2.0/release/release_new/new.1/include/kineto:/cvmfs/sphenix.sdcc.bnl.gov/alma9.2-gcc-14.2.0/release/release_new/new.1/include/g4decayer:/cvmfs/sphenix.sdcc.bnl.gov/alma9.2-gcc-14.2.0/release/release_new/new.1/include/kfparticleqa:/cvmfs/sphenix.sdcc.bnl.gov/alma9.2-gcc-14.2.0/release/release_new/new.1/include/phfield:/cvmfs/sphenix.sdcc.bnl.gov/alma9.2-gcc-14.2.0/release/release_new/new.1/include/LHAPDF:/cvmfs/sphenix.sdcc.bnl.gov/alma9.2-gcc-14.2.0/release/release_new/new.1/include/readdigitalcurrents:/cvmfs/sphenix.sdcc.bnl.gov/alma9.2-gcc-14.2.0/release/release_new/new.1/include/c10:/cvmfs/sphenix.sdcc.bnl.gov/alma9.2-gcc-14.2.0/release/release_new/new.1/include/calovalid:/cvmfs/sphenix.sdcc.bnl.gov/alma9.2-gcc-14.2.0/release/release_new/new.1/include/oneapi:/cvmfs/sphenix.sdcc.bnl.gov/alma9.2-gcc-14.2.0/release/release_new/new.1/include/DDCond:/cvmfs/sphenix.sdcc.bnl.gov/alma9.2-gcc-14.2.0/release/release_new/new.1/include/g4tracking:/cvmfs/sphenix.sdcc.bnl.gov/alma9.2-gcc-14.2.0/release/release_new/new.1/include/litecaloeval:/cvmfs/sphenix.sdcc.bnl.gov/alma9.2-gcc-14.2.0/release/release_new/new.1/include/g4intt:/cvmfs/sphenix.sdcc.bnl.gov/alma9.2-gcc-14.2.0/release/release_new/new.1/include/phool:/cvmfs/sphenix.sdcc.bnl.gov/alma9.2-gcc-14.2.0/release/release_new/new.1/include/boost:/cvmfs/sphenix.sdcc.bnl.gov/alma9.2-gcc-14.2.0/release/release_new/new.1/include/Pythia8Plugins:/cvmfs/sphenix.sdcc.bnl.gov/alma9.2-gcc-14.2.0/release/release_new/new.1/include/calib_emc_pi0:/cvmfs/sphenix.sdcc.bnl.gov/alma9.2-gcc-14.2.0/release/release_new/new.1/include/hijingflipafterburner:/cvmfs/sphenix.sdcc.bnl.gov/alma9.2-gcc-14.2.0/release/release_new/new.1/include/ffaobjects:/cvmfs/sphenix.sdcc.bnl.gov/alma9.2-gcc-14.2.0/release/release_new/new.1/include/EvtGenBase:/cvmfs/sphenix.sdcc.bnl.gov/alma9.2-gcc-14.2.0/release/release_new/new.1/include/flowafterburner:/cvmfs/sphenix.sdcc.bnl.gov/alma9.2-gcc-14.2.0/release/release_new/new.1/include/google:/cvmfs/sphenix.sdcc.bnl.gov/alma9.2-gcc-14.2.0/release/release_new/new.1/include/g4tpc:/cvmfs/sphenix.sdcc.bnl.gov/alma9.2-gcc-14.2.0/release/release_new/new.1/include/caffe2:/cvmfs/sphenix.sdcc.bnl.gov/alma9.2-gcc-14.2.0/release/release_new/new.1/include/EvtGenExternal:/cvmfs/sphenix.sdcc.bnl.gov/alma9.2-gcc-14.2.0/release/release_new/new.1/include/fp16:/cvmfs/sphenix.sdcc.bnl.gov/alma9.2-gcc-14.2.0/release/release_new/new.1/include/ffamodules:/cvmfs/sphenix.sdcc.bnl.gov/alma9.2-gcc-14.2.0/release/release_new/new.1/include/uspin:/cvmfs/sphenix.sdcc.bnl.gov/alma9.2-gcc-14.2.0/release/release_new/new.1/include/Herwig:/cvmfs/sphenix.sdcc.bnl.gov/alma9.2-gcc-14.2.0/release/release_new/new.1/include/genfitexp:/cvmfs/sphenix.sdcc.bnl.gov/alma9.2-gcc-14.2.0/release/release_new/new.1/include/XML:/cvmfs/sphenix.sdcc.bnl.gov/alma9.2-gcc-14.2.0/release/release_new/new.1/include/fbgemm:/cvmfs/sphenix.sdcc.bnl.gov/alma9.2-gcc-14.2.0/release/release_new/new.1/include/DDAlign:/cvmfs/sphenix.sdcc.bnl.gov/alma9.2-gcc-14.2.0/release/release_new/new.1/include/g4mvtx:/cvmfs/sphenix.sdcc.bnl.gov/alma9.2-gcc-14.2.0/release/release_new/new.1/include/kfparticle_sphenix:/cvmfs/sphenix.sdcc.bnl.gov/alma9.2-gcc-14.2.0/release/release_new/new.1/include/fun4all:/cvmfs/sphenix.sdcc.bnl.gov/alma9.2-gcc-14.2.0/release/release_new/new.1/include/intt:/cvmfs/sphenix.sdcc.bnl.gov/alma9.2-gcc-14.2.0/release/release_new/new.1/include/eventdisplay:/cvmfs/sphenix.sdcc.bnl.gov/alma9.2-gcc-14.2.0/release/release_new/new.1/include/EvtGen:/cvmfs/sphenix.sdcc.bnl.gov/alma9.2-gcc-14.2.0/release/release_new/new.1/include/Evaluator:/cvmfs/sphenix.sdcc.bnl.gov/alma9.2-gcc-14.2.0/release/release_new/new.1/include/tpc:/cvmfs/sphenix.sdcc.bnl.gov/alma9.2-gcc-14.2.0/release/release_new/new.1/include/GenFit:/cvmfs/sphenix.sdcc.bnl.gov/alma9.2-gcc-14.2.0/release/release_new/new.1/include/prototype4:/cvmfs/sphenix.sdcc.bnl.gov/alma9.2-gcc-14.2.0/release/release_new/new.1/include/caloembedding:/cvmfs/sphenix.sdcc.bnl.gov/alma9.2-gcc-14.2.0/release/release_new/new.1/include/EvtGenModels:/cvmfs/sphenix.sdcc.bnl.gov/alma9.2-gcc-14.2.0/release/release_new/new.1/include/fastjet:/cvmfs/sphenix.sdcc.bnl.gov/alma9.2-gcc-14.2.0/release/release_new/new.1/include/DDG4:/cvmfs/sphenix.sdcc.bnl.gov/alma9.2-gcc-14.2.0/release/release_new/new.1/include/mbd:/cvmfs/sphenix.sdcc.bnl.gov/alma9.2-gcc-14.2.0/release/release_new/new.1/include/tbb:/cvmfs/sphenix.sdcc.bnl.gov/alma9.2-gcc-14.2.0/release/release_new/new.1/include/phgeom:/cvmfs/sphenix.sdcc.bnl.gov/alma9.2-gcc-14.2.0/release/release_new/new.1/include/g4epd:/cvmfs/sphenix.sdcc.bnl.gov/alma9.2-gcc-14.2.0/release/release_new/new.1/include/oncal:/cvmfs/sphenix.sdcc.bnl.gov/alma9.2-gcc-14.2.0/release/release_new/new.1/include/pybind11:/cvmfs/sphenix.sdcc.bnl.gov/alma9.2-gcc-14.2.0/release/release_new/new.1/include/tpcdistgenerator:/cvmfs/sphenix.sdcc.bnl.gov/alma9.2-gcc-14.2.0/release/release_new/new.1/include/cdbobjects:/cvmfs/sphenix.sdcc.bnl.gov/alma9.2-gcc-14.2.0/release/release_new/new.1/include/g4micromegas:/cvmfs/sphenix.sdcc.bnl.gov/alma9.2-gcc-14.2.0/release/release_new/new.1/include/g4eval:/cvmfs/sphenix.sdcc.bnl.gov/alma9.2-gcc-14.2.0/release/release_new/new.1/include/jetbackground:/cvmfs/sphenix.sdcc.bnl.gov/alma9.2-gcc-14.2.0/release/release_new/new.1/include/micromegas:/cvmfs/sphenix.sdcc.bnl.gov/alma9.2-gcc-14.2.0/release/release_new/new.1/include/hftrackefficiency:/cvmfs/sphenix.sdcc.bnl.gov/alma9.2-gcc-14.2.0/release/release_new/new.1/include/inttrawhitqa:/cvmfs/sphenix.sdcc.bnl.gov/alma9.2-gcc-14.2.0/release/release_new/new.1/include/centrality:/cvmfs/sphenix.sdcc.bnl.gov/alma9.2-gcc-14.2.0/release/release_new/new.1/include/epd:/cvmfs/sphenix.sdcc.bnl.gov/alma9.2-gcc-14.2.0/release/release_new/new.1/include/caloreco:/cvmfs/sphenix.sdcc.bnl.gov/alma9.2-gcc-14.2.0/release/release_new/new.1/include/HepMC:/cvmfs/sphenix.sdcc.bnl.gov/alma9.2-gcc-14.2.0/release/release_new/new.1/include/CLHEP:/cvmfs/sphenix.sdcc.bnl.gov/alma9.2-gcc-14.2.0/release/release_new/new.1/include/Acts:/cvmfs/sphenix.sdcc.bnl.gov/alma9.2-gcc-14.2.0/release/release_new/new.1/include/g4histos:/cvmfs/sphenix.sdcc.bnl.gov/alma9.2-gcc-14.2.0/release/release_new/new.1/include/eventplaneinfo:/cvmfs/sphenix.sdcc.bnl.gov/alma9.2-gcc-14.2.0/release/release_new/new.1/include/fillspacechargemaps:/cvmfs/sphenix.sdcc.bnl.gov/alma9.2-gcc-14.2.0/release/release_new/new.1/include/phhepmc:/cvmfs/sphenix.sdcc.bnl.gov/alma9.2-gcc-14.2.0/release/release_new/new.1/include/trackingqa:/cvmfs/sphenix.sdcc.bnl.gov/alma9.2-gcc-14.2.0/release/release_new/new.1/include/qautils:/cvmfs/sphenix.sdcc.bnl.gov/alma9.2-gcc-14.2.0/release/release_new/new.1/include/trackreco:/cvmfs/sphenix.sdcc.bnl.gov/alma9.2-gcc-14.2.0/release/release_new/new.1/include/g4ohcal:/cvmfs/sphenix.sdcc.bnl.gov/alma9.2-gcc-14.2.0/release/release_new/new.1/include/tpcdvcalib:/cvmfs/sphenix.sdcc.bnl.gov/alma9.2-gcc-14.2.0/release/release_new/new.1/include/zdcinfo:/cvmfs/sphenix.sdcc.bnl.gov/alma9.2-gcc-14.2.0/release/release_new/new.1/include/phpythia8:/cvmfs/sphenix.sdcc.bnl.gov/alma9.2-gcc-14.2.0/release/release_new/new.1/include/fun4allutils:/cvmfs/sphenix.sdcc.bnl.gov/alma9.2-gcc-14.2.0/release/release_new/new.1/include/tpcqa:/cvmfs/sphenix.sdcc.bnl.gov/alma9.2-gcc-14.2.0/release/release_new/new.1/include/Pythia8:/cvmfs/sphenix.sdcc.bnl.gov/alma9.2-gcc-14.2.0/release/release_new/new.1/include/DDRec:/cvmfs/sphenix.sdcc.bnl.gov/alma9.2-gcc-14.2.0/release/release_new/new.1/include/DDDigi:/cvmfs/sphenix.sdcc.bnl.gov/alma9.2-gcc-14.2.0/release/release_new/new.1/include/g4ihcal:/cvmfs/sphenix.sdcc.bnl.gov/alma9.2-gcc-14.2.0/release/release_new/new.1/include/frog:/cvmfs/sphenix.sdcc.bnl.gov/alma9.2-gcc-14.2.0/release/release_new/new.1/include/eigen3:/cvmfs/sphenix.sdcc.bnl.gov/alma9.2-gcc-14.2.0/release/release_new/new.1/include/tensorpipe:/cvmfs/sphenix.sdcc.bnl.gov/alma9.2-gcc-14.2.0/release/release_new/new.1/include/sphenixnpc:/cvmfs/sphenix.sdcc.bnl.gov/alma9.2-gcc-14.2.0/release/release_new/new.1/include/siscone:/cvmfs/sphenix.sdcc.bnl.gov/alma9.2-gcc-14.2.0/release/release_new/new.1/include/pmonitor:/cvmfs/sphenix.sdcc.bnl.gov/alma9.2-gcc-14.2.0/release/release_new/new.1/include/calobase:/cvmfs/sphenix.sdcc.bnl.gov/alma9.2-gcc-14.2.0/release/release_new/new.1/include/ActsExamples:/cvmfs/sphenix.sdcc.bnl.gov/alma9.2-gcc-14.2.0/release/release_new/new.1/include/g4gdml:/cvmfs/sphenix.sdcc.bnl.gov/alma9.2-gcc-14.2.0/release/release_new/new.1/include/mvtx_decoder:/cvmfs/sphenix.sdcc.bnl.gov/alma9.2-gcc-14.2.0/release/release_new/new.1/include/ROOT:/cvmfs/sphenix.sdcc.bnl.gov/alma9.2-gcc-14.2.0/release/release_new/new.1/include/phparameter:/cvmfs/sphenix.sdcc.bnl.gov/alma9.2-gcc-14.2.0/release/release_new/new.1/include/rsa:/cvmfs/sphenix.sdcc.bnl.gov/alma9.2-gcc-14.2.0/release/release_new/new.1/include/fun4allraw:/cvmfs/sphenix.sdcc.bnl.gov/alma9.2-gcc-14.2.0/release/release_new/new.1/include/trackbase_historic:/cvmfs/sphenix.sdcc.bnl.gov/alma9.2-gcc-14.2.0/release/release_new/new.1/include/g4jets:/cvmfs/sphenix.sdcc.bnl.gov/alma9.2-gcc-14.2.0/release/release_new/new.1/include/jetqa:/cvmfs/sphenix.sdcc.bnl.gov/alma9.2-gcc-14.2.0/release/release_new/new.1/include/phoolraw:/cvmfs/sphenix.sdcc.bnl.gov/alma9.2-gcc-14.2.0/release/release_new/new.1/include/g4calo:/cvmfs/sphenix.sdcc.bnl.gov/alma9.2-gcc-14.2.0/release/release_new/new.1/include/mvtxrawhitqa:/cvmfs/sphenix.sdcc.bnl.gov/alma9.2-gcc-14.2.0/release/release_new/new.1/include/HepMC3:/cvmfs/sphenix.sdcc.bnl.gov/alma9.2-gcc-14.2.0/release/release_new/new.1/include/calowaveformsim:/cvmfs/sphenix.sdcc.bnl.gov/alma9.2-gcc-14.2.0/release/release_new/new.1/include/g4caloprototype:/cvmfs/sphenix.sdcc.bnl.gov/alma9.2-gcc-14.2.0/release/release_new/new.1/include/pdbcalbase:/cvmfs/sphenix.sdcc.bnl.gov/alma9.2-gcc-14.2.0/release/release_new/new.1/include/gsl:/cvmfs/sphenix.sdcc.bnl.gov/alma9.2-gcc-14.2.0/release/release_new/new.1/include/nodedump:/cvmfs/sphenix.sdcc.bnl.gov/alma9.2-gcc-14.2.0/release/release_new/new.1/include/emcnoisytowerfinder:/cvmfs/sphenix.sdcc.bnl.gov/alma9.2-gcc-14.2.0/release/release_new/new.1/include/ActsFatras:/cvmfs/sphenix.sdcc.bnl.gov/alma9.2-gcc-14.2.0/release/release_new/new.1/include/ffarawmodules:/cvmfs/sphenix.sdcc.bnl.gov/alma9.2-gcc-14.2.0/release/release_new/new.1/include/Event:/cvmfs/sphenix.sdcc.bnl.gov/alma9.2-gcc-14.2.0/release/release_new/new.1/include/prototype3:/cvmfs/sphenix.sdcc.bnl.gov/alma9.2-gcc-14.2.0/release/release_new/new.1/include/fermimotionafterburner:/cvmfs/sphenix.sdcc.bnl.gov/alma9.2-gcc-14.2.0/release/release_new/new.1/include/Photos:/cvmfs/sphenix.sdcc.bnl.gov/alma9.2-gcc-14.2.0/release/release_new/new.1/include/xingshiftcal:/cvmfs/sphenix.sdcc.bnl.gov/alma9.2-gcc-14.2.0/release/release_new/new.1/include/trackbase:/cvmfs/sphenix.sdcc.bnl.gov/alma9.2-gcc-14.2.0/release/release_new/new.1/include/jetdstskimmer:/cvmfs/sphenix.sdcc.bnl.gov/alma9.2-gcc-14.2.0/release/release_new/new.1/include/clusteriso:/cvmfs/sphenix.sdcc.bnl.gov/alma9.2-gcc-14.2.0/release/release_new/new.1/include/asmjit:/cvmfs/sphenix.sdcc.bnl.gov/alma9.2-gcc-14.2.0/release/release_new/new.1/include/particleflowreco:/cvmfs/sphenix.sdcc.bnl.gov/alma9.2-gcc-14.2.0/release/release_new/new.1/include/tpchittrackdisplay:/cvmfs/sphenix.sdcc.bnl.gov/alma9.2-gcc-14.2.0/release/release_new/new.1/include/caloana:/cvmfs/sphenix.sdcc.bnl.gov/alma9.2-gcc-14.2.0/release/release_new/new.1/include/calotrigger:/cvmfs/sphenix.sdcc.bnl.gov/alma9.2-gcc-14.2.0/release/release_new/new.1/include/nopayloadclient:/cvmfs/sphenix.sdcc.bnl.gov/alma9.2-gcc-14.2.0/release/release_new/new.1/include/trackermillepedealignment:/cvmfs/sphenix.sdcc.bnl.gov/alma9.2-gcc-14.2.0/release/release_new/new.1/include/DD4hep:/cvmfs/sphenix.sdcc.bnl.gov/alma9.2-gcc-14.2.0/release/release_new/new.1/include/g4trackfastsim:/cvmfs/sphenix.sdcc.bnl.gov/alma9.2-gcc-14.2.0/release/release_new/new.1/include/prototype2:/cvmfs/sphenix.sdcc.bnl.gov/alma9.2-gcc-14.2.0/release/release_new/new.1/include/ATen:/cvmfs/sphenix.sdcc.bnl.gov/alma9.2-gcc-14.2.0/release/release_new/new.1/include/g4main:/cvmfs/sphenix.sdcc.bnl.gov/alma9.2-gcc-14.2.0/release/release_new/new.1/include/Tauola:/cvmfs/sphenix.sdcc.bnl.gov/alma9.2-gcc-14.2.0/release/release_new/new.1/include/inttcalib:/cvmfs/sphenix.sdcc.bnl.gov/alma9.2-gcc-14.2.0/release/release_new/new.1/include/reactionplaneafterburner:/cvmfs/sphenix.sdcc.bnl.gov/alma9.2-gcc-14.2.0/release/release_new/new.1/include/globalqa:/cvmfs/sphenix.sdcc.bnl.gov/alma9.2-gcc-14.2.0/release/release_new/new.1/include/tpccalib:/cvmfs/sphenix.sdcc.bnl.gov/alma9.2-gcc-14.2.0/release/release_new/new.1/include/DDSegmentation:/cvmfs/sphenix.sdcc.bnl.gov/alma9.2-gcc-14.2.0/release/release_new/new.1/include/decayfinder:/cvmfs/sphenix.sdcc.bnl.gov/alma9.2-gcc-14.2.0/release/release_new/new.1/include/compressclus:/cvmfs/sphenix.sdcc.bnl.gov/alma9.2-gcc-14.2.0/release/release_new/new.1/include/simqa_modules:/cvmfs/sphenix.sdcc.bnl.gov/alma9.2-gcc-14.2.0/release/release_new/new.1/include/resonancejettagging:/cvmfs/sphenix.sdcc.bnl.gov/alma9.2-gcc-14.2.0/release/release_new/new.1/include/g4centrality:/cvmfs/sphenix.sdcc.bnl.gov/alma9.2-gcc-14.2.0/release/release_new/new.1/include/mvtx:/cvmfs/sphenix.sdcc.bnl.gov/alma9.2-gcc-14.2.0/release/release_new/new.1/include/nlohmann:/cvmfs/sphenix.sdcc.bnl.gov/alma9.2-gcc-14.2.0/release/release_new/new.1/include/localpoloffmon:/cvmfs/sphenix.sdcc.bnl.gov/alma9.2-gcc-14.2.0/release/release_new/new.1/include/DDEve:/cvmfs/sphenix.sdcc.bnl.gov/alma9.2-gcc-14.2.0/release/release_new/new.1/include/Parsers:/cvmfs/sphenix.sdcc.bnl.gov/alma9.2-gcc-14.2.0/release/release_new/new.1/include/trackingdiagnostics:/cvmfs/sphenix.sdcc.bnl.gov/alma9.2-gcc-14.2.0/release/release_new/new.1/include/g4vertex:/cvmfs/sphenix.sdcc.bnl.gov/alma9.2-gcc-14.2.0/release/release_new/new.1/include/jetbase:/cvmfs/sphenix.sdcc.bnl.gov/alma9.2-gcc-14.2.0/release/release_new/new.1/include/globalvertex:/cvmfs/sphenix.sdcc.bnl.gov/alma9.2-gcc-14.2.0/release/release_new/new.1/include/phgenfit:/cvmfs/sphenix.sdcc.bnl.gov/alma9.2-gcc-14.2.0/release/release_new/new.1/include/rawbcolumi:/cvmfs/sphenix.sdcc.bnl.gov/alma9.2-gcc-14.2.0/release/release_new/new.1/include/eicsmear:/cvmfs/sphenix.sdcc.bnl.gov/alma9.2-gcc-14.2.0/release/release_new/new.1/include/tpclinelaserdiode:/cvmfs/sphenix.sdcc.bnl.gov/alma9.2-gcc-14.2.0/release/release_new/new.1/include/hepmcjettrigger:/cvmfs/sphenix.sdcc.bnl.gov/alma9.2-gcc-14.2.0/release/release_new/new.1/include/core:/cvmfs/sphenix.sdcc.bnl.gov/alma9.2-gcc-14.2.0/release/release_new/new.1/include/mvtxcalib:/cvmfs/sphenix.sdcc.bnl.gov/alma9.2-gcc-14.2.0/release/release_new/new.1/include/calo_cdb:/cvmfs/sphenix.sdcc.bnl.gov/alma9.2-gcc-14.2.0/release/release_new/new.1/include/mvtxclustershapesqa:/cvmfs/sphenix.sdcc.bnl.gov/alma9.2-gcc-14.2.0/release/release_new/new.1/include/calopacketskimmer:/cvmfs/sphenix.sdcc.bnl.gov/alma9.2-gcc-14.2.0/opt/sphenix/core/geant4.10.07.p04/include:/cvmfs/sphenix.sdcc.bnl.gov/alma9.2-gcc-14.2.0/release/release_new/new.1/rootmacros:/cvmfs/sphenix.sdcc.bnl.gov/alma9.2-gcc-14.2.0/opt/sphenix/core/include
GSEARCHPATH=.:PG:LUSTRE:RAWDATA
PWD=/gpfs/mnt/gpfs02/sphenix/user/samfred/run25/ppg11/histmaking
LOGNAME=samfred
_CONDOR_JOB_AD=/home/condor/local/sphnx/execute/dir_148104/.job.ad
MANPATH=/cvmfs/sphenix.sdcc.bnl.gov/alma9.2-gcc-14.2.0/opt/sphenix/core/gcc/14.2.0-2f0a0/x86_64-el9/share/man:/cvmfs/sphenix.sdcc.bnl.gov/alma9.2-gcc-14.2.0/opt/sphenix/core/binutils/2.40-acaab/x86_64-el9/share/man:/cvmfs/sphenix.sdcc.bnl.gov/alma9.2-gcc-14.2.0/release/release_new/new.1/share/man:/cvmfs/sphenix.sdcc.bnl.gov/alma9.2-gcc-14.2.0/opt/sphenix/utils/share/man:/cvmfs/sphenix.sdcc.bnl.gov/alma9.2-gcc-14.2.0/opt/sphenix/core/share/man:/cvmfs/sphenix.sdcc.bnl.gov/alma9.2-gcc-14.2.0/opt/sphenix/core/root-6.32.06/man:/usr/local/share/man:/usr/share/man
_CONDOR_ANCESTOR_15123=148104:1755547814:1002506800
PYTHIA8=/cvmfs/sphenix.sdcc.bnl.gov/alma9.2-gcc-14.2.0/release/release_new/new.1/share/Pythia8
G4INCLDATA=/cvmfs/sphenix.sdcc.bnl.gov/alma9.2-gcc-14.2.0/opt/sphenix/core/geant4.10.07.p04/share/Geant4-10.7.4/data/G4INCL1.0
ORIG_PATH=/usr/local/bin:/usr/bin
CXX=/cvmfs/sphenix.sdcc.bnl.gov/alma9.2-gcc-14.2.0/opt/sphenix/core/gcc/14.2.0-2f0a0/x86_64-el9/bin/g++
G4LEDATA=/cvmfs/sphenix.sdcc.bnl.gov/alma9.2-gcc-14.2.0/opt/sphenix/core/geant4.10.07.p04/share/Geant4-10.7.4/data/G4EMLOW7.13
PYTHON_CPU_COUNT=1
OPENBLAS_NUM_THREADS=1
_CONDOR_BIN=/usr/bin
HOME=/sphenix/u/samfred
G4PARTICLEXSDATA=/cvmfs/sphenix.sdcc.bnl.gov/alma9.2-gcc-14.2.0/opt/sphenix/core/geant4.10.07.p04/share/Geant4-10.7.4/data/G4PARTICLEXS3.1.1
ONLINE_MAIN=/cvmfs/sphenix.sdcc.bnl.gov/alma9.2-gcc-14.2.0/release/release_new/new.1
CALIBRATIONROOT=/cvmfs/sphenix.sdcc.bnl.gov/alma9.2-gcc-14.2.0/release/release_new/new.1/share/calibrations
TMPDIR=/tmp
_CONDOR_SCRATCH_DIR=/home/condor/local/sphnx/execute/dir_148104
PGUSER=phnxrc
NOPAYLOADCLIENT_CONF=/cvmfs/sphenix.sdcc.bnl.gov/alma9.2-gcc-14.2.0/opt/sphenix/core/etc/sPHENIX_newcdb.json
XERCESCROOT=/cvmfs/sphenix.sdcc.bnl.gov/alma9.2-gcc-14.2.0/opt/sphenix/core/geant4.10.07.p04
LHAPATH=/cvmfs/sphenix.sdcc.bnl.gov/alma9.2-gcc-14.2.0/opt/sphenix/core/lhapdf-5.9.1/share/lhapdf/PDFsets
G4NEUTRONHPDATA=/cvmfs/sphenix.sdcc.bnl.gov/alma9.2-gcc-14.2.0/opt/sphenix/core/geant4.10.07.p04/share/Geant4-10.7.4/data/G4NDL4.6
PYTHONPATH=.:/cvmfs/sphenix.sdcc.bnl.gov/alma9.2-gcc-14.2.0/release/release_new/new.1/lib/python3.13/site-packages:/cvmfs/sphenix.sdcc.bnl.gov/alma9.2-gcc-14.2.0/opt/sphenix/core/lib/python3.13/site-packages:/cvmfs/sphenix.sdcc.bnl.gov/alma9.2-gcc-14.2.0/opt/sphenix/core/root-6.32.06/lib
USER=samfred
_CONDOR_JOB_PIDS=
TEMP=/tmp
GOMAXPROCS=1
OFFLINE_MAIN=/cvmfs/sphenix.sdcc.bnl.gov/alma9.2-gcc-14.2.0/release/release_new/new.1
SHLVL=1
TF_NUM_THREADS=1
G4SAIDXSDATA=/cvmfs/sphenix.sdcc.bnl.gov/alma9.2-gcc-14.2.0/opt/sphenix/core/geant4.10.07.p04/share/Geant4-10.7.4/data/G4SAIDDATA2.0
APPTAINER_CACHEDIR=/home/condor/local/sphnx/execute/dir_148104
ROOTSYS=/cvmfs/sphenix.sdcc.bnl.gov/alma9.2-gcc-14.2.0/opt/sphenix/core/root-6.32.06
BATCH_SYSTEM=HTCondor
_CONDOR_SLOT=slot1_11
LD_LIBRARY_PATH=/sphenix/user/samfred/run25/install//lib:/cvmfs/sphenix.sdcc.bnl.gov/alma9.2-gcc-14.2.0/opt/sphenix/core/gcc/14.2.0-2f0a0/x86_64-el9/lib:/cvmfs/sphenix.sdcc.bnl.gov/alma9.2-gcc-14.2.0/opt/sphenix/core/gcc/14.2.0-2f0a0/x86_64-el9/lib64:/cvmfs/sphenix.sdcc.bnl.gov/alma9.2-gcc-14.2.0/opt/sphenix/core/binutils/2.40-acaab/x86_64-el9/lib:.:/cvmfs/sphenix.sdcc.bnl.gov/alma9.2-gcc-14.2.0/release/release_new/new.1/lib64:/cvmfs/sphenix.sdcc.bnl.gov/alma9.2-gcc-14.2.0/release/release_new/new.1/lib:/cvmfs/sphenix.sdcc.bnl.gov/alma9.2-gcc-14.2.0/opt/sphenix/utils/lib:/cvmfs/sphenix.sdcc.bnl.gov/alma9.2-gcc-14.2.0/opt/sphenix/core/lib:/cvmfs/sphenix.sdcc.bnl.gov/alma9.2-gcc-14.2.0/opt/sphenix/core/root-6.32.06/lib:/cvmfs/sphenix.sdcc.bnl.gov/alma9.2-gcc-14.2.0/opt/sphenix/core/geant4.10.07.p04/lib64:/cvmfs/sphenix.sdcc.bnl.gov/alma9.2-gcc-14.2.0/opt/sphenix/core/lhapdf-5.9.1/lib:/usr/local/lib64:/usr/lib64
OPT_SPHENIX=/cvmfs/sphenix.sdcc.bnl.gov/alma9.2-gcc-14.2.0/opt/sphenix/core
TF_LOOP_PARALLEL_ITERATIONS=1
EVT_LIB=/cvmfs/sphenix.sdcc.bnl.gov/alma9.2-gcc-14.2.0/opt/sphenix/core/root-6.32.06/lib
PGHOST=sphnxdbmaster.sdcc.bnl.gov
OMP_NUM_THREADS=1
G4REALSURFACEDATA=/cvmfs/sphenix.sdcc.bnl.gov/alma9.2-gcc-14.2.0/opt/sphenix/core/geant4.10.07.p04/share/Geant4-10.7.4/data/RealSurface2.2
FC=/cvmfs/sphenix.sdcc.bnl.gov/alma9.2-gcc-14.2.0/opt/sphenix/core/gcc/14.2.0-2f0a0/x86_64-el9/bin/gfortran
G4ABLADATA=/cvmfs/sphenix.sdcc.bnl.gov/alma9.2-gcc-14.2.0/opt/sphenix/core/geant4.10.07.p04/share/Geant4-10.7.4/data/G4ABLA3.1
PARASOFT=doesnotexist
TMP=/tmp
OPT_UTILS=/cvmfs/sphenix.sdcc.bnl.gov/alma9.2-gcc-14.2.0/opt/sphenix/utils
CONFIG_SITE=/cvmfs/sphenix.sdcc.bnl.gov/alma9.2-gcc-14.2.0/opt/sphenix/core/etc/config.site
PATH=/cvmfs/sphenix.sdcc.bnl.gov/alma9.2-gcc-14.2.0/opt/sphenix/core/gcc/14.2.0-2f0a0/x86_64-el9/bin:/cvmfs/sphenix.sdcc.bnl.gov/alma9.2-gcc-14.2.0/opt/sphenix/core/binutils/2.40-acaab/x86_64-el9/bin:.:/cvmfs/sphenix.sdcc.bnl.gov/alma9.2-gcc-14.2.0/release/release_new/new.1/bin:/cvmfs/sphenix.sdcc.bnl.gov/alma9.2-gcc-14.2.0/opt/sphenix/utils/bin:/cvmfs/sphenix.sdcc.bnl.gov/alma9.2-gcc-14.2.0/opt/sphenix/core/bin:/cvmfs/sphenix.sdcc.bnl.gov/alma9.2-gcc-14.2.0/opt/sphenix/core/root-6.32.06/bin:/cvmfs/sphenix.sdcc.bnl.gov/alma9.2-gcc-14.2.0/opt/sphenix/core/geant4.10.07.p04/bin:/usr/local/bin:/usr/bin:/usr/local/sbin:/usr/sbin
G4LEVELGAMMADATA=/cvmfs/sphenix.sdcc.bnl.gov/alma9.2-gcc-14.2.0/opt/sphenix/core/geant4.10.07.p04/share/Geant4-10.7.4/data/PhotonEvaporation5.7
CC=/cvmfs/sphenix.sdcc.bnl.gov/alma9.2-gcc-14.2.0/opt/sphenix/core/gcc/14.2.0-2f0a0/x86_64-el9/bin/gcc
G4RADIOACTIVEDATA=/cvmfs/sphenix.sdcc.bnl.gov/alma9.2-gcc-14.2.0/opt/sphenix/core/geant4.10.07.p04/share/Geant4-10.7.4/data/RadioactiveDecay5.6
JULIA_NUM_THREADS=1
MKL_NUM_THREADS=1
LHAPDF_DATA_PATH=/cvmfs/sphenix.sdcc.bnl.gov/alma9.2-gcc-14.2.0/release/release_new/new.1/share/LHAPDF
XPLOAD_CONFIG_DIR=/cvmfs/sphenix.sdcc.bnl.gov/alma9.2-gcc-14.2.0/opt/sphenix/core/etc
_CONDOR_ANCESTOR_15088=15123:1744830720:2980448665
OLDPWD=/cvmfs/sphenix.sdcc.bnl.gov/alma9.2-gcc-14.2.0/release/release_new/new.1/geant4
_=/usr/bin/printenv
runnumber...
-1
trigger...
Jet30
   ------------------------------------------------------------------
  | Welcome to ROOT 6.32.06                        https://root.cern |
  | (c) 1995-2024, The ROOT Team; conception: R. Brun, F. Rademakers |
  | Built for linuxx8664gcc on Dec 13 2024, 17:23:48                 |
  | From tags/6-32-06@6-32-06                                        |
  | With g++ (GCC) 14.2.0                                            |
  | Try '.help'/'.?', '.demo', '.license', '.credits', '.quit'/'.q'  |
   ------------------------------------------------------------------


Processing truthhistmaker.C(-1,"Jet30")...
entry 2000/9771159 (0.0204684%)
entry 5000/9771159 (0.051171%)
entry 8000/9771159 (0.0818736%)
entry 14000/9771159 (0.143279%)
entry 15000/9771159 (0.153513%)
entry 20000/9771159 (0.204684%)
entry 23000/9771159 (0.235387%)
entry 33000/9771159 (0.337729%)
entry 39000/9771159 (0.399134%)
entry 42000/9771159 (0.429836%)
entry 45000/9771159 (0.460539%)
entry 48000/9771159 (0.491242%)
entry 53000/9771159 (0.542413%)
entry 58000/9771159 (0.593584%)
entry 64000/9771159 (0.654989%)
entry 66000/9771159 (0.675457%)
entry 72000/9771159 (0.736862%)
entry 74000/9771159 (0.757331%)
entry 75000/9771159 (0.767565%)
entry 76000/9771159 (0.777799%)
entry 78000/9771159 (0.798268%)
entry 81000/9771159 (0.82897%)
entry 91000/9771159 (0.931312%)
entry 92000/9771159 (0.941546%)
entry 97000/9771159 (0.992717%)
entry 99000/9771159 (1.01319%)
entry 102000/9771159 (1.04389%)
entry 105000/9771159 (1.07459%)
entry 106000/9771159 (1.08483%)
entry 107000/9771159 (1.09506%)
entry 111000/9771159 (1.136%)
entry 125000/9771159 (1.27928%)
entry 127000/9771159 (1.29974%)
entry 134000/9771159 (1.37138%)
entry 135000/9771159 (1.38162%)
entry 146000/9771159 (1.49419%)
entry 147000/9771159 (1.50443%)
entry 158000/9771159 (1.617%)
entry 174000/9771159 (1.78075%)
entry 180000/9771159 (1.84216%)
entry 183000/9771159 (1.87286%)
entry 189000/9771159 (1.93426%)
entry 191000/9771159 (1.95473%)
entry 194000/9771159 (1.98543%)
entry 202000/9771159 (2.06731%)
entry 206000/9771159 (2.10825%)
entry 217000/9771159 (2.22082%)
entry 220000/9771159 (2.25152%)
entry 221000/9771159 (2.26176%)
entry 228000/9771159 (2.3334%)
entry 233000/9771159 (2.38457%)
entry 236000/9771159 (2.41527%)
entry 241000/9771159 (2.46644%)
entry 244000/9771159 (2.49714%)
entry 247000/9771159 (2.52785%)
entry 248000/9771159 (2.53808%)
entry 249000/9771159 (2.54832%)
entry 252000/9771159 (2.57902%)
entry 256000/9771159 (2.61996%)
entry 257000/9771159 (2.63019%)
entry 259000/9771159 (2.65066%)
entry 264000/9771159 (2.70183%)
entry 265000/9771159 (2.71206%)
entry 266000/9771159 (2.7223%)
entry 267000/9771159 (2.73253%)
entry 269000/9771159 (2.753%)
entry 291000/9771159 (2.97815%)
entry 292000/9771159 (2.98839%)
entry 293000/9771159 (2.99862%)
entry 296000/9771159 (3.02932%)
entry 297000/9771159 (3.03956%)
entry 301000/9771159 (3.08049%)
entry 304000/9771159 (3.1112%)
entry 313000/9771159 (3.2033%)
entry 316000/9771159 (3.23401%)
entry 321000/9771159 (3.28518%)
entry 323000/9771159 (3.30565%)
entry 326000/9771159 (3.33635%)
entry 329000/9771159 (3.36705%)
entry 330000/9771159 (3.37729%)
entry 334000/9771159 (3.41822%)
entry 341000/9771159 (3.48986%)
entry 345000/9771159 (3.5308%)
entry 346000/9771159 (3.54103%)
entry 347000/9771159 (3.55127%)
entry 353000/9771159 (3.61267%)
entry 357000/9771159 (3.65361%)
entry 359000/9771159 (3.67408%)
entry 363000/9771159 (3.71501%)
entry 367000/9771159 (3.75595%)
entry 376000/9771159 (3.84806%)
entry 379000/9771159 (3.87876%)
entry 387000/9771159 (3.96064%)
entry 392000/9771159 (4.01181%)
entry 405000/9771159 (4.14485%)
entry 406000/9771159 (4.15509%)
entry 410000/9771159 (4.19602%)
entry 411000/9771159 (4.20626%)
entry 412000/9771159 (4.21649%)
entry 413000/9771159 (4.22672%)
entry 414000/9771159 (4.23696%)
entry 415000/9771159 (4.24719%)
entry 419000/9771159 (4.28813%)
entry 420000/9771159 (4.29836%)
entry 421000/9771159 (4.3086%)
entry 425000/9771159 (4.34954%)
entry 426000/9771159 (4.35977%)
entry 429000/9771159 (4.39047%)
entry 432000/9771159 (4.42117%)
entry 435000/9771159 (4.45188%)
entry 451000/9771159 (4.61562%)
entry 452000/9771159 (4.62586%)
entry 463000/9771159 (4.73843%)
entry 465000/9771159 (4.7589%)
entry 467000/9771159 (4.77937%)
entry 470000/9771159 (4.81007%)
entry 471000/9771159 (4.82031%)
entry 472000/9771159 (4.83054%)
entry 474000/9771159 (4.85101%)
entry 479000/9771159 (4.90218%)
entry 480000/9771159 (4.91242%)
entry 485000/9771159 (4.96359%)
entry 492000/9771159 (5.03523%)
entry 493000/9771159 (5.04546%)
entry 495000/9771159 (5.06593%)
entry 497000/9771159 (5.0864%)
entry 500000/9771159 (5.1171%)
entry 506000/9771159 (5.17851%)
entry 515000/9771159 (5.27061%)
entry 525000/9771159 (5.37296%)
entry 532000/9771159 (5.44459%)
entry 535000/9771159 (5.4753%)
entry 537000/9771159 (5.49577%)
entry 542000/9771159 (5.54694%)
entry 546000/9771159 (5.58787%)
entry 548000/9771159 (5.60834%)
entry 549000/9771159 (5.61858%)
entry 552000/9771159 (5.64928%)
entry 553000/9771159 (5.65951%)
entry 557000/9771159 (5.70045%)
entry 561000/9771159 (5.74139%)
entry 565000/9771159 (5.78232%)
entry 573000/9771159 (5.8642%)
entry 578000/9771159 (5.91537%)
entry 583000/9771159 (5.96654%)
entry 593000/9771159 (6.06888%)
entry 594000/9771159 (6.07911%)
entry 597000/9771159 (6.10982%)
entry 598000/9771159 (6.12005%)
entry 600000/9771159 (6.14052%)
entry 601000/9771159 (6.15075%)
entry 604000/9771159 (6.18146%)
entry 605000/9771159 (6.19169%)
entry 612000/9771159 (6.26333%)
entry 632000/9771159 (6.46801%)
entry 634000/9771159 (6.48848%)
entry 641000/9771159 (6.56012%)
entry 646000/9771159 (6.61129%)
entry 648000/9771159 (6.63176%)
entry 660000/9771159 (6.75457%)
entry 662000/9771159 (6.77504%)
entry 667000/9771159 (6.82621%)
entry 671000/9771159 (6.86715%)
entry 675000/9771159 (6.90809%)
entry 677000/9771159 (6.92855%)
entry 679000/9771159 (6.94902%)
entry 689000/9771159 (7.05136%)
entry 691000/9771159 (7.07183%)
entry 693000/9771159 (7.0923%)
entry 725000/9771159 (7.4198%)
entry 727000/9771159 (7.44026%)
entry 728000/9771159 (7.4505%)
entry 735000/9771159 (7.52214%)
entry 742000/9771159 (7.59378%)
entry 749000/9771159 (7.66542%)
entry 751000/9771159 (7.68588%)
entry 752000/9771159 (7.69612%)
entry 753000/9771159 (7.70635%)
entry 754000/9771159 (7.71659%)
entry 756000/9771159 (7.73706%)
entry 774000/9771159 (7.92127%)
entry 775000/9771159 (7.93151%)
entry 785000/9771159 (8.03385%)
entry 786000/9771159 (8.04408%)
entry 797000/9771159 (8.15666%)
entry 804000/9771159 (8.2283%)
entry 805000/9771159 (8.23853%)
entry 808000/9771159 (8.26923%)
entry 811000/9771159 (8.29994%)
entry 812000/9771159 (8.31017%)
entry 813000/9771159 (8.32041%)
entry 817000/9771159 (8.36134%)
entry 818000/9771159 (8.37158%)
entry 820000/9771159 (8.39204%)
entry 821000/9771159 (8.40228%)
entry 824000/9771159 (8.43298%)
entry 825000/9771159 (8.44322%)
entry 827000/9771159 (8.46368%)
entry 828000/9771159 (8.47392%)
entry 829000/9771159 (8.48415%)
entry 837000/9771159 (8.56603%)
entry 841000/9771159 (8.60696%)
entry 847000/9771159 (8.66837%)
entry 850000/9771159 (8.69907%)
entry 858000/9771159 (8.78094%)
entry 864000/9771159 (8.84235%)
entry 866000/9771159 (8.86282%)
entry 881000/9771159 (9.01633%)
entry 882000/9771159 (9.02656%)
entry 884000/9771159 (9.04703%)
entry 885000/9771159 (9.05727%)
entry 905000/9771159 (9.26195%)
entry 906000/9771159 (9.27219%)
entry 920000/9771159 (9.41546%)
entry 924000/9771159 (9.4564%)
entry 925000/9771159 (9.46664%)
entry 926000/9771159 (9.47687%)
entry 927000/9771159 (9.4871%)
entry 928000/9771159 (9.49734%)
entry 948000/9771159 (9.70202%)
entry 955000/9771159 (9.77366%)
entry 957000/9771159 (9.79413%)
entry 958000/9771159 (9.80436%)
entry 962000/9771159 (9.8453%)
entry 965000/9771159 (9.876%)
entry 972000/9771159 (9.94764%)
entry 981000/9771159 (10.0398%)
entry 985000/9771159 (10.0807%)
entry 989000/9771159 (10.1216%)
entry 997000/9771159 (10.2035%)
entry 1002000/9771159 (10.2547%)
entry 1003000/9771159 (10.2649%)
entry 1004000/9771159 (10.2751%)
entry 1005000/9771159 (10.2854%)
entry 1006000/9771159 (10.2956%)
entry 1014000/9771159 (10.3775%)
entry 1022000/9771159 (10.4594%)
entry 1024000/9771159 (10.4798%)
entry 1036000/9771159 (10.6026%)
entry 1037000/9771159 (10.6129%)
entry 1051000/9771159 (10.7561%)
entry 1057000/9771159 (10.8176%)
entry 1060000/9771159 (10.8483%)
entry 1067000/9771159 (10.9199%)
entry 1084000/9771159 (11.0939%)
entry 1087000/9771159 (11.1246%)
entry 1090000/9771159 (11.1553%)
entry 1093000/9771159 (11.186%)
entry 1094000/9771159 (11.1962%)
entry 1100000/9771159 (11.2576%)
entry 1105000/9771159 (11.3088%)
entry 1106000/9771159 (11.319%)
entry 1107000/9771159 (11.3293%)
entry 1109000/9771159 (11.3497%)
entry 1112000/9771159 (11.3804%)
entry 1114000/9771159 (11.4009%)
entry 1116000/9771159 (11.4214%)
entry 1122000/9771159 (11.4828%)
entry 1129000/9771159 (11.5544%)
entry 1131000/9771159 (11.5749%)
entry 1134000/9771159 (11.6056%)
entry 1135000/9771159 (11.6158%)
entry 1149000/9771159 (11.7591%)
entry 1151000/9771159 (11.7796%)
entry 1152000/9771159 (11.7898%)
entry 1155000/9771159 (11.8205%)
entry 1156000/9771159 (11.8307%)
entry 1159000/9771159 (11.8614%)
entry 1169000/9771159 (11.9638%)
entry 1180000/9771159 (12.0764%)
entry 1185000/9771159 (12.1275%)
entry 1192000/9771159 (12.1992%)
entry 1194000/9771159 (12.2196%)
entry 1200000/9771159 (12.281%)
entry 1216000/9771159 (12.4448%)
entry 1223000/9771159 (12.5164%)
entry 1227000/9771159 (12.5574%)
entry 1228000/9771159 (12.5676%)
entry 1231000/9771159 (12.5983%)
entry 1232000/9771159 (12.6085%)
entry 1233000/9771159 (12.6188%)
entry 1234000/9771159 (12.629%)
entry 1236000/9771159 (12.6495%)
entry 1245000/9771159 (12.7416%)
entry 1247000/9771159 (12.762%)
entry 1248000/9771159 (12.7723%)
entry 1249000/9771159 (12.7825%)
entry 1251000/9771159 (12.803%)
entry 1261000/9771159 (12.9053%)
entry 1266000/9771159 (12.9565%)
entry 1268000/9771159 (12.977%)
entry 1278000/9771159 (13.0793%)
entry 1279000/9771159 (13.0895%)
entry 1282000/9771159 (13.1202%)
entry 1285000/9771159 (13.1509%)
entry 1287000/9771159 (13.1714%)
entry 1289000/9771159 (13.1919%)
entry 1300000/9771159 (13.3045%)
entry 1301000/9771159 (13.3147%)
entry 1304000/9771159 (13.3454%)
entry 1307000/9771159 (13.3761%)
entry 1309000/9771159 (13.3966%)
entry 1310000/9771159 (13.4068%)
entry 1311000/9771159 (13.417%)
entry 1314000/9771159 (13.4477%)
entry 1316000/9771159 (13.4682%)
entry 1318000/9771159 (13.4887%)
entry 1322000/9771159 (13.5296%)
entry 1335000/9771159 (13.6627%)
entry 1337000/9771159 (13.6831%)
entry 1338000/9771159 (13.6934%)
entry 1342000/9771159 (13.7343%)
entry 1343000/9771159 (13.7445%)
entry 1350000/9771159 (13.8162%)
entry 1351000/9771159 (13.8264%)
entry 1361000/9771159 (13.9287%)
entry 1363000/9771159 (13.9492%)
entry 1372000/9771159 (14.0413%)
entry 1377000/9771159 (14.0925%)
entry 1380000/9771159 (14.1232%)
entry 1386000/9771159 (14.1846%)
entry 1390000/9771159 (14.2255%)
entry 1391000/9771159 (14.2358%)
entry 1392000/9771159 (14.246%)
entry 1394000/9771159 (14.2665%)
entry 1397000/9771159 (14.2972%)
entry 1404000/9771159 (14.3688%)
entry 1414000/9771159 (14.4712%)
entry 1417000/9771159 (14.5019%)
entry 1423000/9771159 (14.5633%)
entry 1424000/9771159 (14.5735%)
entry 1425000/9771159 (14.5837%)
entry 1427000/9771159 (14.6042%)
entry 1430000/9771159 (14.6349%)
entry 1432000/9771159 (14.6554%)
entry 1438000/9771159 (14.7168%)
entry 1444000/9771159 (14.7782%)
entry 1447000/9771159 (14.8089%)
entry 1455000/9771159 (14.8908%)
entry 1461000/9771159 (14.9522%)
entry 1466000/9771159 (15.0033%)
entry 1467000/9771159 (15.0136%)
entry 1469000/9771159 (15.034%)
entry 1484000/9771159 (15.1876%)
entry 1487000/9771159 (15.2183%)
entry 1493000/9771159 (15.2797%)
entry 1498000/9771159 (15.3308%)
entry 1502000/9771159 (15.3718%)
entry 1509000/9771159 (15.4434%)
entry 1515000/9771159 (15.5048%)
entry 1529000/9771159 (15.6481%)
entry 1537000/9771159 (15.73%)
entry 1547000/9771159 (15.8323%)
entry 1551000/9771159 (15.8732%)
entry 1553000/9771159 (15.8937%)
entry 1555000/9771159 (15.9142%)
entry 1557000/9771159 (15.9347%)
entry 1562000/9771159 (15.9858%)
entry 1564000/9771159 (16.0063%)
entry 1575000/9771159 (16.1189%)
entry 1577000/9771159 (16.1393%)
entry 1580000/9771159 (16.17%)
entry 1581000/9771159 (16.1803%)
entry 1585000/9771159 (16.2212%)
entry 1590000/9771159 (16.2724%)
entry 1591000/9771159 (16.2826%)
entry 1592000/9771159 (16.2928%)
entry 1600000/9771159 (16.3747%)
entry 1605000/9771159 (16.4259%)
entry 1608000/9771159 (16.4566%)
entry 1611000/9771159 (16.4873%)
entry 1614000/9771159 (16.518%)
entry 1615000/9771159 (16.5282%)
entry 1618000/9771159 (16.5589%)
entry 1626000/9771159 (16.6408%)
entry 1630000/9771159 (16.6817%)
entry 1632000/9771159 (16.7022%)
entry 1633000/9771159 (16.7124%)
entry 1635000/9771159 (16.7329%)
entry 1636000/9771159 (16.7432%)
entry 1640000/9771159 (16.7841%)
entry 1646000/9771159 (16.8455%)
entry 1649000/9771159 (16.8762%)
entry 1650000/9771159 (16.8864%)
entry 1652000/9771159 (16.9069%)
entry 1654000/9771159 (16.9274%)
entry 1657000/9771159 (16.9581%)
entry 1658000/9771159 (16.9683%)
entry 1661000/9771159 (16.999%)
entry 1664000/9771159 (17.0297%)
entry 1665000/9771159 (17.0399%)
entry 1671000/9771159 (17.1013%)
entry 1685000/9771159 (17.2446%)
entry 1689000/9771159 (17.2856%)
entry 1695000/9771159 (17.347%)
entry 1698000/9771159 (17.3777%)
entry 1707000/9771159 (17.4698%)
entry 1710000/9771159 (17.5005%)
entry 1711000/9771159 (17.5107%)
entry 1720000/9771159 (17.6028%)
entry 1726000/9771159 (17.6642%)
entry 1728000/9771159 (17.6847%)
entry 1741000/9771159 (17.8177%)
entry 1746000/9771159 (17.8689%)
entry 1747000/9771159 (17.8791%)
entry 1749000/9771159 (17.8996%)
entry 1752000/9771159 (17.9303%)
entry 1756000/9771159 (17.9713%)
entry 1758000/9771159 (17.9917%)
entry 1762000/9771159 (18.0327%)
entry 1763000/9771159 (18.0429%)
entry 1767000/9771159 (18.0838%)
entry 1769000/9771159 (18.1043%)
entry 1773000/9771159 (18.1452%)
entry 1778000/9771159 (18.1964%)
entry 1787000/9771159 (18.2885%)
entry 1792000/9771159 (18.3397%)
entry 1796000/9771159 (18.3806%)
entry 1805000/9771159 (18.4727%)
entry 1818000/9771159 (18.6058%)
entry 1828000/9771159 (18.7081%)
entry 1833000/9771159 (18.7593%)
entry 1836000/9771159 (18.79%)
entry 1842000/9771159 (18.8514%)
entry 1844000/9771159 (18.8719%)
entry 1845000/9771159 (18.8821%)
entry 1852000/9771159 (18.9537%)
entry 1857000/9771159 (19.0049%)
entry 1859000/9771159 (19.0254%)
entry 1864000/9771159 (19.0766%)
entry 1865000/9771159 (19.0868%)
entry 1866000/9771159 (19.097%)
entry 1868000/9771159 (19.1175%)
entry 1886000/9771159 (19.3017%)
entry 1893000/9771159 (19.3733%)
entry 1896000/9771159 (19.404%)
entry 1906000/9771159 (19.5064%)
entry 1912000/9771159 (19.5678%)
entry 1921000/9771159 (19.6599%)
entry 1929000/9771159 (19.7418%)
entry 1932000/9771159 (19.7725%)
entry 1936000/9771159 (19.8134%)
entry 1945000/9771159 (19.9055%)
entry 1946000/9771159 (19.9158%)
entry 1975000/9771159 (20.2125%)
entry 1982000/9771159 (20.2842%)
entry 1984000/9771159 (20.3047%)
entry 1986000/9771159 (20.3251%)
entry 1989000/9771159 (20.3558%)
entry 1993000/9771159 (20.3968%)
entry 1997000/9771159 (20.4377%)
entry 1998000/9771159 (20.4479%)
entry 2000000/9771159 (20.4684%)
entry 2003000/9771159 (20.4991%)
entry 2008000/9771159 (20.5503%)
entry 2010000/9771159 (20.5707%)
entry 2013000/9771159 (20.6014%)
entry 2016000/9771159 (20.6321%)
entry 2018000/9771159 (20.6526%)
entry 2020000/9771159 (20.6731%)
entry 2025000/9771159 (20.7243%)
entry 2027000/9771159 (20.7447%)
entry 2030000/9771159 (20.7754%)
entry 2032000/9771159 (20.7959%)
entry 2045000/9771159 (20.9289%)
entry 2049000/9771159 (20.9699%)
entry 2054000/9771159 (21.021%)
entry 2064000/9771159 (21.1234%)
entry 2065000/9771159 (21.1336%)
entry 2074000/9771159 (21.2257%)
entry 2077000/9771159 (21.2564%)
entry 2082000/9771159 (21.3076%)
entry 2090000/9771159 (21.3895%)
entry 2091000/9771159 (21.3997%)
entry 2095000/9771159 (21.4407%)
entry 2096000/9771159 (21.4509%)
entry 2098000/9771159 (21.4714%)
entry 2101000/9771159 (21.5021%)
entry 2102000/9771159 (21.5123%)
entry 2104000/9771159 (21.5328%)
entry 2105000/9771159 (21.543%)
entry 2108000/9771159 (21.5737%)
entry 2117000/9771159 (21.6658%)
entry 2120000/9771159 (21.6965%)
entry 2124000/9771159 (21.7374%)
entry 2125000/9771159 (21.7477%)
entry 2126000/9771159 (21.7579%)
entry 2128000/9771159 (21.7784%)
entry 2129000/9771159 (21.7886%)
entry 2133000/9771159 (21.8295%)
entry 2135000/9771159 (21.85%)
entry 2139000/9771159 (21.891%)
entry 2140000/9771159 (21.9012%)
entry 2146000/9771159 (21.9626%)
entry 2151000/9771159 (22.0138%)
entry 2160000/9771159 (22.1059%)
entry 2161000/9771159 (22.1161%)
entry 2163000/9771159 (22.1366%)
entry 2165000/9771159 (22.157%)
entry 2167000/9771159 (22.1775%)
entry 2168000/9771159 (22.1877%)
entry 2170000/9771159 (22.2082%)
entry 2171000/9771159 (22.2184%)
entry 2174000/9771159 (22.2492%)
entry 2182000/9771159 (22.331%)
entry 2186000/9771159 (22.372%)
entry 2188000/9771159 (22.3924%)
entry 2189000/9771159 (22.4027%)
entry 2193000/9771159 (22.4436%)
entry 2208000/9771159 (22.5971%)
entry 2211000/9771159 (22.6278%)
entry 2221000/9771159 (22.7302%)
entry 2226000/9771159 (22.7813%)
entry 2228000/9771159 (22.8018%)
entry 2236000/9771159 (22.8837%)
entry 2241000/9771159 (22.9348%)
entry 2244000/9771159 (22.9655%)
entry 2245000/9771159 (22.9758%)
entry 2247000/9771159 (22.9962%)
entry 2255000/9771159 (23.0781%)
entry 2258000/9771159 (23.1088%)
entry 2265000/9771159 (23.1805%)
entry 2275000/9771159 (23.2828%)
entry 2278000/9771159 (23.3135%)
entry 2282000/9771159 (23.3544%)
entry 2285000/9771159 (23.3851%)
entry 2288000/9771159 (23.4159%)
entry 2290000/9771159 (23.4363%)
entry 2291000/9771159 (23.4466%)
entry 2292000/9771159 (23.4568%)
entry 2301000/9771159 (23.5489%)
entry 2316000/9771159 (23.7024%)
entry 2331000/9771159 (23.8559%)
entry 2332000/9771159 (23.8662%)
entry 2356000/9771159 (24.1118%)
entry 2361000/9771159 (24.1629%)
entry 2362000/9771159 (24.1732%)
entry 2372000/9771159 (24.2755%)
entry 2375000/9771159 (24.3062%)
entry 2389000/9771159 (24.4495%)
entry 2392000/9771159 (24.4802%)
entry 2393000/9771159 (24.4904%)
entry 2394000/9771159 (24.5007%)
entry 2395000/9771159 (24.5109%)
entry 2406000/9771159 (24.6235%)
entry 2407000/9771159 (24.6337%)
entry 2408000/9771159 (24.644%)
entry 2411000/9771159 (24.6747%)
entry 2415000/9771159 (24.7156%)
entry 2416000/9771159 (24.7258%)
entry 2422000/9771159 (24.7872%)
entry 2427000/9771159 (24.8384%)
entry 2428000/9771159 (24.8486%)
entry 2434000/9771159 (24.91%)
entry 2440000/9771159 (24.9714%)
entry 2441000/9771159 (24.9817%)
entry 2442000/9771159 (24.9919%)
entry 2443000/9771159 (25.0022%)
entry 2444000/9771159 (25.0124%)
entry 2447000/9771159 (25.0431%)
entry 2454000/9771159 (25.1147%)
entry 2462000/9771159 (25.1966%)
entry 2464000/9771159 (25.2171%)
entry 2465000/9771159 (25.2273%)
entry 2471000/9771159 (25.2887%)
entry 2474000/9771159 (25.3194%)
entry 2476000/9771159 (25.3399%)
entry 2478000/9771159 (25.3603%)
entry 2479000/9771159 (25.3706%)
entry 2480000/9771159 (25.3808%)
entry 2488000/9771159 (25.4627%)
entry 2491000/9771159 (25.4934%)
entry 2495000/9771159 (25.5343%)
entry 2496000/9771159 (25.5446%)
entry 2505000/9771159 (25.6367%)
entry 2512000/9771159 (25.7083%)
entry 2513000/9771159 (25.7185%)
entry 2515000/9771159 (25.739%)
entry 2521000/9771159 (25.8004%)
entry 2525000/9771159 (25.8414%)
entry 2526000/9771159 (25.8516%)
entry 2529000/9771159 (25.8823%)
entry 2531000/9771159 (25.9028%)
entry 2543000/9771159 (26.0256%)
entry 2555000/9771159 (26.1484%)
entry 2561000/9771159 (26.2098%)
entry 2565000/9771159 (26.2507%)
entry 2573000/9771159 (26.3326%)
entry 2574000/9771159 (26.3428%)
entry 2577000/9771159 (26.3735%)
entry 2578000/9771159 (26.3838%)
entry 2584000/9771159 (26.4452%)
entry 2588000/9771159 (26.4861%)
entry 2596000/9771159 (26.568%)
entry 2602000/9771159 (26.6294%)
entry 2604000/9771159 (26.6499%)
entry 2607000/9771159 (26.6806%)
entry 2612000/9771159 (26.7317%)
entry 2615000/9771159 (26.7624%)
entry 2618000/9771159 (26.7931%)
entry 2623000/9771159 (26.8443%)
entry 2625000/9771159 (26.8648%)
entry 2629000/9771159 (26.9057%)
entry 2632000/9771159 (26.9364%)
entry 2638000/9771159 (26.9978%)
entry 2641000/9771159 (27.0285%)
entry 2643000/9771159 (27.049%)
entry 2645000/9771159 (27.0695%)
entry 2646000/9771159 (27.0797%)
entry 2647000/9771159 (27.0899%)
entry 2668000/9771159 (27.3048%)
entry 2672000/9771159 (27.3458%)
entry 2673000/9771159 (27.356%)
entry 2674000/9771159 (27.3663%)
entry 2676000/9771159 (27.3867%)
entry 2678000/9771159 (27.4072%)
entry 2682000/9771159 (27.4481%)
entry 2685000/9771159 (27.4788%)
entry 2695000/9771159 (27.5812%)
entry 2697000/9771159 (27.6016%)
entry 2702000/9771159 (27.6528%)
entry 2708000/9771159 (27.7142%)
entry 2709000/9771159 (27.7244%)
entry 2717000/9771159 (27.8063%)
entry 2720000/9771159 (27.837%)
entry 2734000/9771159 (27.9803%)
entry 2736000/9771159 (28.0008%)
entry 2739000/9771159 (28.0315%)
entry 2740000/9771159 (28.0417%)
entry 2744000/9771159 (28.0826%)
entry 2751000/9771159 (28.1543%)
entry 2755000/9771159 (28.1952%)
entry 2765000/9771159 (28.2976%)
entry 2769000/9771159 (28.3385%)
entry 2770000/9771159 (28.3487%)
entry 2780000/9771159 (28.4511%)
entry 2784000/9771159 (28.492%)
entry 2787000/9771159 (28.5227%)
entry 2794000/9771159 (28.5944%)
entry 2802000/9771159 (28.6762%)
entry 2809000/9771159 (28.7479%)
entry 2810000/9771159 (28.7581%)
entry 2811000/9771159 (28.7683%)
entry 2812000/9771159 (28.7786%)
entry 2819000/9771159 (28.8502%)
entry 2820000/9771159 (28.8604%)
entry 2828000/9771159 (28.9423%)
entry 2831000/9771159 (28.973%)
entry 2844000/9771159 (29.1061%)
entry 2846000/9771159 (29.1265%)
entry 2849000/9771159 (29.1572%)
entry 2850000/9771159 (29.1675%)
entry 2854000/9771159 (29.2084%)
entry 2857000/9771159 (29.2391%)
entry 2863000/9771159 (29.3005%)
entry 2864000/9771159 (29.3108%)
entry 2867000/9771159 (29.3415%)
entry 2868000/9771159 (29.3517%)
entry 2877000/9771159 (29.4438%)
entry 2882000/9771159 (29.495%)
entry 2890000/9771159 (29.5768%)
entry 2897000/9771159 (29.6485%)
entry 2898000/9771159 (29.6587%)
entry 2900000/9771159 (29.6792%)
entry 2903000/9771159 (29.7099%)
entry 2906000/9771159 (29.7406%)
entry 2909000/9771159 (29.7713%)
entry 2911000/9771159 (29.7918%)
entry 2915000/9771159 (29.8327%)
entry 2916000/9771159 (29.8429%)
entry 2929000/9771159 (29.976%)
entry 2933000/9771159 (30.0169%)
entry 2934000/9771159 (30.0271%)
entry 2939000/9771159 (30.0783%)
entry 2949000/9771159 (30.1807%)
entry 2950000/9771159 (30.1909%)
entry 2951000/9771159 (30.2011%)
entry 2953000/9771159 (30.2216%)
entry 2954000/9771159 (30.2318%)
entry 2957000/9771159 (30.2625%)
entry 2958000/9771159 (30.2728%)
entry 2960000/9771159 (30.2932%)
entry 2962000/9771159 (30.3137%)
entry 2964000/9771159 (30.3342%)
entry 2966000/9771159 (30.3546%)
entry 2967000/9771159 (30.3649%)
entry 2982000/9771159 (30.5184%)
entry 2988000/9771159 (30.5798%)
entry 2992000/9771159 (30.6207%)
entry 2994000/9771159 (30.6412%)
entry 2997000/9771159 (30.6719%)
entry 2998000/9771159 (30.6821%)
entry 3000000/9771159 (30.7026%)
entry 3003000/9771159 (30.7333%)
entry 3009000/9771159 (30.7947%)
entry 3011000/9771159 (30.8152%)
entry 3013000/9771159 (30.8356%)
entry 3015000/9771159 (30.8561%)
entry 3016000/9771159 (30.8663%)
entry 3017000/9771159 (30.8766%)
entry 3019000/9771159 (30.8971%)
entry 3026000/9771159 (30.9687%)
entry 3028000/9771159 (30.9892%)
entry 3029000/9771159 (30.9994%)
entry 3032000/9771159 (31.0301%)
entry 3038000/9771159 (31.0915%)
entry 3039000/9771159 (31.1017%)
entry 3047000/9771159 (31.1836%)
entry 3058000/9771159 (31.2962%)
entry 3060000/9771159 (31.3167%)
entry 3068000/9771159 (31.3985%)
entry 3080000/9771159 (31.5213%)
entry 3086000/9771159 (31.5827%)
entry 3087000/9771159 (31.593%)
entry 3094000/9771159 (31.6646%)
entry 3095000/9771159 (31.6748%)
entry 3096000/9771159 (31.6851%)
entry 3098000/9771159 (31.7056%)
entry 3114000/9771159 (31.8693%)
entry 3115000/9771159 (31.8795%)
entry 3119000/9771159 (31.9205%)
entry 3124000/9771159 (31.9716%)
entry 3132000/9771159 (32.0535%)
entry 3139000/9771159 (32.1252%)
entry 3145000/9771159 (32.1866%)
entry 3148000/9771159 (32.2173%)
entry 3152000/9771159 (32.2582%)
entry 3155000/9771159 (32.2889%)
entry 3158000/9771159 (32.3196%)
entry 3160000/9771159 (32.3401%)
entry 3170000/9771159 (32.4424%)
entry 3172000/9771159 (32.4629%)
entry 3173000/9771159 (32.4731%)
entry 3177000/9771159 (32.5141%)
entry 3182000/9771159 (32.5652%)
entry 3185000/9771159 (32.5959%)
entry 3190000/9771159 (32.6471%)
entry 3196000/9771159 (32.7085%)
entry 3198000/9771159 (32.729%)
entry 3214000/9771159 (32.8927%)
entry 3216000/9771159 (32.9132%)
entry 3228000/9771159 (33.036%)
entry 3231000/9771159 (33.0667%)
entry 3232000/9771159 (33.0769%)
entry 3234000/9771159 (33.0974%)
entry 3238000/9771159 (33.1383%)
entry 3250000/9771159 (33.2612%)
entry 3260000/9771159 (33.3635%)
entry 3261000/9771159 (33.3737%)
entry 3262000/9771159 (33.384%)
entry 3265000/9771159 (33.4147%)
entry 3266000/9771159 (33.4249%)
entry 3270000/9771159 (33.4658%)
entry 3272000/9771159 (33.4863%)
entry 3276000/9771159 (33.5272%)
entry 3279000/9771159 (33.5579%)
entry 3290000/9771159 (33.6705%)
entry 3294000/9771159 (33.7115%)
entry 3300000/9771159 (33.7729%)
entry 3302000/9771159 (33.7933%)
entry 3303000/9771159 (33.8036%)
entry 3304000/9771159 (33.8138%)
entry 3310000/9771159 (33.8752%)
entry 3314000/9771159 (33.9161%)
entry 3328000/9771159 (34.0594%)
entry 3333000/9771159 (34.1106%)
entry 3339000/9771159 (34.172%)
entry 3342000/9771159 (34.2027%)
entry 3345000/9771159 (34.2334%)
entry 3354000/9771159 (34.3255%)
entry 3359000/9771159 (34.3767%)
entry 3360000/9771159 (34.3869%)
entry 3369000/9771159 (34.479%)
entry 3372000/9771159 (34.5097%)
entry 3383000/9771159 (34.6223%)
entry 3384000/9771159 (34.6325%)
entry 3394000/9771159 (34.7349%)
entry 3397000/9771159 (34.7656%)
entry 3406000/9771159 (34.8577%)
entry 3411000/9771159 (34.9089%)
entry 3415000/9771159 (34.9498%)
entry 3417000/9771159 (34.9703%)
entry 3420000/9771159 (35.001%)
entry 3431000/9771159 (35.1135%)
entry 3432000/9771159 (35.1238%)
entry 3434000/9771159 (35.1442%)
entry 3437000/9771159 (35.1749%)
entry 3439000/9771159 (35.1954%)
entry 3442000/9771159 (35.2261%)
entry 3443000/9771159 (35.2364%)
entry 3444000/9771159 (35.2466%)
entry 3445000/9771159 (35.2568%)
entry 3447000/9771159 (35.2773%)
entry 3454000/9771159 (35.3489%)
entry 3455000/9771159 (35.3592%)
entry 3462000/9771159 (35.4308%)
entry 3464000/9771159 (35.4513%)
entry 3465000/9771159 (35.4615%)
entry 3467000/9771159 (35.482%)
entry 3480000/9771159 (35.615%)
entry 3484000/9771159 (35.656%)
entry 3488000/9771159 (35.6969%)
entry 3492000/9771159 (35.7378%)
entry 3494000/9771159 (35.7583%)
entry 3495000/9771159 (35.7685%)
entry 3497000/9771159 (35.789%)
entry 3500000/9771159 (35.8197%)
entry 3501000/9771159 (35.8299%)
entry 3506000/9771159 (35.8811%)
entry 3513000/9771159 (35.9527%)
entry 3514000/9771159 (35.963%)
entry 3517000/9771159 (35.9937%)
entry 3520000/9771159 (36.0244%)
entry 3523000/9771159 (36.0551%)
entry 3524000/9771159 (36.0653%)
entry 3526000/9771159 (36.0858%)
entry 3528000/9771159 (36.1063%)
entry 3530000/9771159 (36.1267%)
entry 3531000/9771159 (36.137%)
entry 3533000/9771159 (36.1574%)
entry 3534000/9771159 (36.1677%)
entry 3542000/9771159 (36.2495%)
entry 3544000/9771159 (36.27%)
entry 3548000/9771159 (36.3109%)
entry 3552000/9771159 (36.3519%)
entry 3555000/9771159 (36.3826%)
entry 3562000/9771159 (36.4542%)
entry 3576000/9771159 (36.5975%)
entry 3578000/9771159 (36.618%)
entry 3586000/9771159 (36.6998%)
entry 3591000/9771159 (36.751%)
entry 3593000/9771159 (36.7715%)
entry 3602000/9771159 (36.8636%)
entry 3612000/9771159 (36.9659%)
entry 3615000/9771159 (36.9966%)
entry 3622000/9771159 (37.0683%)
entry 3625000/9771159 (37.099%)
entry 3628000/9771159 (37.1297%)
entry 3631000/9771159 (37.1604%)
entry 3632000/9771159 (37.1706%)
entry 3655000/9771159 (37.406%)
entry 3657000/9771159 (37.4265%)
entry 3658000/9771159 (37.4367%)
entry 3662000/9771159 (37.4776%)
entry 3665000/9771159 (37.5083%)
entry 3678000/9771159 (37.6414%)
entry 3679000/9771159 (37.6516%)
entry 3681000/9771159 (37.6721%)
entry 3683000/9771159 (37.6926%)
entry 3699000/9771159 (37.8563%)
entry 3701000/9771159 (37.8768%)
entry 3703000/9771159 (37.8972%)
entry 3706000/9771159 (37.9279%)
entry 3710000/9771159 (37.9689%)
entry 3714000/9771159 (38.0098%)
entry 3718000/9771159 (38.0508%)
entry 3727000/9771159 (38.1429%)
entry 3732000/9771159 (38.194%)
entry 3734000/9771159 (38.2145%)
entry 3735000/9771159 (38.2247%)
entry 3745000/9771159 (38.3271%)
entry 3747000/9771159 (38.3475%)
entry 3748000/9771159 (38.3578%)
entry 3753000/9771159 (38.409%)
entry 3754000/9771159 (38.4192%)
entry 3763000/9771159 (38.5113%)
entry 3767000/9771159 (38.5522%)
entry 3781000/9771159 (38.6955%)
entry 3792000/9771159 (38.8081%)
entry 3797000/9771159 (38.8593%)
entry 3799000/9771159 (38.8797%)
entry 3804000/9771159 (38.9309%)
entry 3807000/9771159 (38.9616%)
entry 3809000/9771159 (38.9821%)
entry 3811000/9771159 (39.0025%)
entry 3815000/9771159 (39.0435%)
entry 3821000/9771159 (39.1049%)
entry 3831000/9771159 (39.2072%)
entry 3839000/9771159 (39.2891%)
entry 3841000/9771159 (39.3096%)
entry 3849000/9771159 (39.3914%)
entry 3850000/9771159 (39.4017%)
entry 3852000/9771159 (39.4221%)
entry 3854000/9771159 (39.4426%)
entry 3858000/9771159 (39.4835%)
entry 3864000/9771159 (39.545%)
entry 3866000/9771159 (39.5654%)
entry 3867000/9771159 (39.5757%)
entry 3876000/9771159 (39.6678%)
entry 3877000/9771159 (39.678%)
entry 3886000/9771159 (39.7701%)
entry 3887000/9771159 (39.7803%)
entry 3901000/9771159 (39.9236%)
entry 3909000/9771159 (40.0055%)
entry 3910000/9771159 (40.0157%)
entry 3915000/9771159 (40.0669%)
entry 3925000/9771159 (40.1692%)
entry 3934000/9771159 (40.2613%)
entry 3935000/9771159 (40.2716%)
entry 3937000/9771159 (40.292%)
entry 3938000/9771159 (40.3023%)
entry 3941000/9771159 (40.333%)
entry 3956000/9771159 (40.4865%)
entry 3957000/9771159 (40.4967%)
entry 3960000/9771159 (40.5274%)
entry 3961000/9771159 (40.5377%)
entry 3968000/9771159 (40.6093%)
entry 3970000/9771159 (40.6298%)
entry 3971000/9771159 (40.64%)
entry 3976000/9771159 (40.6912%)
entry 3983000/9771159 (40.7628%)
entry 3987000/9771159 (40.8038%)
entry 3989000/9771159 (40.8242%)
entry 3991000/9771159 (40.8447%)
entry 3992000/9771159 (40.8549%)
entry 3998000/9771159 (40.9163%)
entry 4002000/9771159 (40.9573%)
entry 4005000/9771159 (40.988%)
entry 4013000/9771159 (41.0698%)
entry 4017000/9771159 (41.1108%)
entry 4034000/9771159 (41.2848%)
entry 4036000/9771159 (41.3052%)
entry 4045000/9771159 (41.3973%)
entry 4048000/9771159 (41.428%)
entry 4052000/9771159 (41.469%)
entry 4059000/9771159 (41.5406%)
entry 4060000/9771159 (41.5509%)
entry 4064000/9771159 (41.5918%)
entry 4066000/9771159 (41.6123%)
entry 4067000/9771159 (41.6225%)
entry 4074000/9771159 (41.6941%)
entry 4076000/9771159 (41.7146%)
entry 4078000/9771159 (41.7351%)
entry 4081000/9771159 (41.7658%)
entry 4089000/9771159 (41.8476%)
entry 4091000/9771159 (41.8681%)
entry 4092000/9771159 (41.8783%)
entry 4103000/9771159 (41.9909%)
entry 4108000/9771159 (42.0421%)
entry 4110000/9771159 (42.0626%)
entry 4113000/9771159 (42.0933%)
entry 4114000/9771159 (42.1035%)
entry 4117000/9771159 (42.1342%)
entry 4118000/9771159 (42.1444%)
entry 4121000/9771159 (42.1751%)
entry 4122000/9771159 (42.1854%)
entry 4125000/9771159 (42.2161%)
entry 4130000/9771159 (42.2672%)
entry 4132000/9771159 (42.2877%)
entry 4135000/9771159 (42.3184%)
entry 4149000/9771159 (42.4617%)
entry 4157000/9771159 (42.5436%)
entry 4158000/9771159 (42.5538%)
entry 4160000/9771159 (42.5743%)
entry 4164000/9771159 (42.6152%)
entry 4169000/9771159 (42.6664%)
entry 4174000/9771159 (42.7176%)
entry 4182000/9771159 (42.7994%)
entry 4183000/9771159 (42.8097%)
entry 4186000/9771159 (42.8404%)
entry 4189000/9771159 (42.8711%)
entry 4192000/9771159 (42.9018%)
entry 4194000/9771159 (42.9222%)
entry 4196000/9771159 (42.9427%)
entry 4199000/9771159 (42.9734%)
entry 4211000/9771159 (43.0962%)
entry 4214000/9771159 (43.1269%)
entry 4221000/9771159 (43.1986%)
entry 4222000/9771159 (43.2088%)
entry 4227000/9771159 (43.26%)
entry 4232000/9771159 (43.3111%)
entry 4236000/9771159 (43.3521%)
entry 4237000/9771159 (43.3623%)
entry 4241000/9771159 (43.4032%)
entry 4243000/9771159 (43.4237%)
entry 4247000/9771159 (43.4646%)
entry 4248000/9771159 (43.4749%)
entry 4249000/9771159 (43.4851%)
entry 4252000/9771159 (43.5158%)
entry 4254000/9771159 (43.5363%)
entry 4260000/9771159 (43.5977%)
entry 4263000/9771159 (43.6284%)
entry 4265000/9771159 (43.6489%)
entry 4268000/9771159 (43.6796%)
entry 4271000/9771159 (43.7103%)
entry 4276000/9771159 (43.7614%)
entry 4283000/9771159 (43.8331%)
entry 4288000/9771159 (43.8843%)
entry 4294000/9771159 (43.9457%)
entry 4299000/9771159 (43.9968%)
entry 4305000/9771159 (44.0582%)
entry 4308000/9771159 (44.0889%)
entry 4312000/9771159 (44.1299%)
entry 4315000/9771159 (44.1606%)
entry 4332000/9771159 (44.3346%)
entry 4333000/9771159 (44.3448%)
entry 4334000/9771159 (44.355%)
entry 4335000/9771159 (44.3653%)
entry 4344000/9771159 (44.4574%)
entry 4348000/9771159 (44.4983%)
entry 4361000/9771159 (44.6313%)
entry 4362000/9771159 (44.6416%)
entry 4365000/9771159 (44.6723%)
entry 4368000/9771159 (44.703%)
entry 4369000/9771159 (44.7132%)
entry 4382000/9771159 (44.8463%)
entry 4384000/9771159 (44.8667%)
entry 4386000/9771159 (44.8872%)
entry 4388000/9771159 (44.9077%)
entry 4389000/9771159 (44.9179%)
entry 4390000/9771159 (44.9281%)
entry 4394000/9771159 (44.9691%)
entry 4401000/9771159 (45.0407%)
entry 4412000/9771159 (45.1533%)
entry 4424000/9771159 (45.2761%)
entry 4433000/9771159 (45.3682%)
entry 4436000/9771159 (45.3989%)
entry 4437000/9771159 (45.4091%)
entry 4442000/9771159 (45.4603%)
entry 4448000/9771159 (45.5217%)
entry 4453000/9771159 (45.5729%)
entry 4454000/9771159 (45.5831%)
entry 4463000/9771159 (45.6752%)
entry 4464000/9771159 (45.6855%)
entry 4465000/9771159 (45.6957%)
entry 4483000/9771159 (45.8799%)
entry 4487000/9771159 (45.9209%)
entry 4491000/9771159 (45.9618%)
entry 4492000/9771159 (45.972%)
entry 4497000/9771159 (46.0232%)
entry 4514000/9771159 (46.1972%)
entry 4515000/9771159 (46.2074%)
entry 4519000/9771159 (46.2484%)
entry 4521000/9771159 (46.2688%)
entry 4525000/9771159 (46.3098%)
entry 4526000/9771159 (46.32%)
entry 4527000/9771159 (46.3302%)
entry 4528000/9771159 (46.3405%)
entry 4532000/9771159 (46.3814%)
entry 4533000/9771159 (46.3916%)
entry 4553000/9771159 (46.5963%)
entry 4557000/9771159 (46.6373%)
entry 4559000/9771159 (46.6577%)
entry 4565000/9771159 (46.7191%)
entry 4571000/9771159 (46.7805%)
entry 4574000/9771159 (46.8112%)
entry 4579000/9771159 (46.8624%)
entry 4589000/9771159 (46.9647%)
entry 4597000/9771159 (47.0466%)
entry 4598000/9771159 (47.0569%)
entry 4601000/9771159 (47.0876%)
entry 4603000/9771159 (47.108%)
entry 4604000/9771159 (47.1183%)
entry 4615000/9771159 (47.2308%)
entry 4617000/9771159 (47.2513%)
entry 4623000/9771159 (47.3127%)
entry 4626000/9771159 (47.3434%)
entry 4628000/9771159 (47.3639%)
entry 4633000/9771159 (47.4151%)
entry 4647000/9771159 (47.5583%)
entry 4653000/9771159 (47.6197%)
entry 4654000/9771159 (47.63%)
entry 4658000/9771159 (47.6709%)
entry 4661000/9771159 (47.7016%)
entry 4665000/9771159 (47.7425%)
entry 4666000/9771159 (47.7528%)
entry 4669000/9771159 (47.7835%)
entry 4670000/9771159 (47.7937%)
entry 4672000/9771159 (47.8142%)
entry 4673000/9771159 (47.8244%)
entry 4674000/9771159 (47.8347%)
entry 4677000/9771159 (47.8654%)
entry 4680000/9771159 (47.8961%)
entry 4683000/9771159 (47.9268%)
entry 4685000/9771159 (47.9472%)
entry 4689000/9771159 (47.9882%)
entry 4699000/9771159 (48.0905%)
entry 4700000/9771159 (48.1007%)
entry 4707000/9771159 (48.1724%)
entry 4708000/9771159 (48.1826%)
entry 4712000/9771159 (48.2236%)
entry 4718000/9771159 (48.285%)
entry 4721000/9771159 (48.3157%)
entry 4722000/9771159 (48.3259%)
entry 4725000/9771159 (48.3566%)
entry 4727000/9771159 (48.3771%)
entry 4731000/9771159 (48.418%)
entry 4733000/9771159 (48.4385%)
entry 4734000/9771159 (48.4487%)
entry 4736000/9771159 (48.4692%)
entry 4739000/9771159 (48.4999%)
entry 4740000/9771159 (48.5101%)
entry 4741000/9771159 (48.5203%)
entry 4743000/9771159 (48.5408%)
entry 4750000/9771159 (48.6125%)
entry 4753000/9771159 (48.6432%)
entry 4760000/9771159 (48.7148%)
entry 4773000/9771159 (48.8478%)
entry 4774000/9771159 (48.8581%)
entry 4783000/9771159 (48.9502%)
entry 4785000/9771159 (48.9706%)
entry 4786000/9771159 (48.9809%)
entry 4791000/9771159 (49.0321%)
entry 4795000/9771159 (49.073%)
entry 4796000/9771159 (49.0832%)
entry 4803000/9771159 (49.1549%)
entry 4807000/9771159 (49.1958%)
entry 4809000/9771159 (49.2163%)
entry 4810000/9771159 (49.2265%)
entry 4812000/9771159 (49.247%)
entry 4813000/9771159 (49.2572%)
entry 4814000/9771159 (49.2674%)
entry 4817000/9771159 (49.2981%)
entry 4819000/9771159 (49.3186%)
entry 4821000/9771159 (49.3391%)
entry 4825000/9771159 (49.38%)
entry 4828000/9771159 (49.4107%)
entry 4831000/9771159 (49.4414%)
entry 4833000/9771159 (49.4619%)
entry 4847000/9771159 (49.6052%)
entry 4855000/9771159 (49.687%)
entry 4863000/9771159 (49.7689%)
entry 4865000/9771159 (49.7894%)
entry 4871000/9771159 (49.8508%)
entry 4872000/9771159 (49.861%)
entry 4875000/9771159 (49.8917%)
entry 4876000/9771159 (49.902%)
entry 4879000/9771159 (49.9327%)
entry 4880000/9771159 (49.9429%)
entry 4881000/9771159 (49.9531%)
entry 4882000/9771159 (49.9634%)
entry 4886000/9771159 (50.0043%)
entry 4889000/9771159 (50.035%)
entry 4897000/9771159 (50.1169%)
entry 4902000/9771159 (50.168%)
entry 4904000/9771159 (50.1885%)
entry 4906000/9771159 (50.209%)
entry 4907000/9771159 (50.2192%)
entry 4908000/9771159 (50.2295%)
entry 4910000/9771159 (50.2499%)
entry 4911000/9771159 (50.2602%)
entry 4913000/9771159 (50.2806%)
entry 4917000/9771159 (50.3216%)
entry 4922000/9771159 (50.3727%)
entry 4928000/9771159 (50.4341%)
entry 4934000/9771159 (50.4955%)
entry 4935000/9771159 (50.5058%)
entry 4940000/9771159 (50.557%)
entry 4945000/9771159 (50.6081%)
entry 4946000/9771159 (50.6184%)
entry 4949000/9771159 (50.6491%)
entry 4960000/9771159 (50.7616%)
entry 4965000/9771159 (50.8128%)
entry 4977000/9771159 (50.9356%)
entry 4979000/9771159 (50.9561%)
entry 4988000/9771159 (51.0482%)
entry 4989000/9771159 (51.0584%)
entry 4992000/9771159 (51.0891%)
entry 5000000/9771159 (51.171%)
entry 5011000/9771159 (51.2836%)
entry 5027000/9771159 (51.4473%)
entry 5028000/9771159 (51.4576%)
entry 5029000/9771159 (51.4678%)
entry 5030000/9771159 (51.478%)
entry 5032000/9771159 (51.4985%)
entry 5038000/9771159 (51.5599%)
entry 5043000/9771159 (51.6111%)
entry 5044000/9771159 (51.6213%)
entry 5046000/9771159 (51.6418%)
entry 5047000/9771159 (51.652%)
entry 5050000/9771159 (51.6827%)
entry 5054000/9771159 (51.7236%)
entry 5056000/9771159 (51.7441%)
entry 5058000/9771159 (51.7646%)
entry 5065000/9771159 (51.8362%)
entry 5070000/9771159 (51.8874%)
entry 5079000/9771159 (51.9795%)
entry 5080000/9771159 (51.9897%)
entry 5085000/9771159 (52.0409%)
entry 5088000/9771159 (52.0716%)
entry 5091000/9771159 (52.1023%)
entry 5099000/9771159 (52.1842%)
entry 5101000/9771159 (52.2047%)
entry 5103000/9771159 (52.2251%)
entry 5105000/9771159 (52.2456%)
entry 5110000/9771159 (52.2968%)
entry 5112000/9771159 (52.3172%)
entry 5120000/9771159 (52.3991%)
entry 5121000/9771159 (52.4093%)
entry 5126000/9771159 (52.4605%)
entry 5133000/9771159 (52.5321%)
entry 5139000/9771159 (52.5936%)
entry 5142000/9771159 (52.6243%)
entry 5145000/9771159 (52.655%)
entry 5148000/9771159 (52.6857%)
entry 5152000/9771159 (52.7266%)
entry 5159000/9771159 (52.7982%)
entry 5160000/9771159 (52.8085%)
entry 5183000/9771159 (53.0439%)
entry 5189000/9771159 (53.1053%)
entry 5192000/9771159 (53.136%)
entry 5200000/9771159 (53.2178%)
entry 5202000/9771159 (53.2383%)
entry 5207000/9771159 (53.2895%)
entry 5210000/9771159 (53.3202%)
entry 5214000/9771159 (53.3611%)
entry 5218000/9771159 (53.4021%)
entry 5219000/9771159 (53.4123%)
entry 5230000/9771159 (53.5249%)
entry 5247000/9771159 (53.6988%)
entry 5248000/9771159 (53.7091%)
entry 5255000/9771159 (53.7807%)
entry 5272000/9771159 (53.9547%)
entry 5277000/9771159 (54.0059%)
entry 5280000/9771159 (54.0366%)
entry 5281000/9771159 (54.0468%)
entry 5283000/9771159 (54.0673%)
entry 5286000/9771159 (54.098%)
entry 5288000/9771159 (54.1185%)
entry 5290000/9771159 (54.1389%)
entry 5291000/9771159 (54.1492%)
entry 5294000/9771159 (54.1799%)
entry 5298000/9771159 (54.2208%)
entry 5309000/9771159 (54.3334%)
entry 5314000/9771159 (54.3845%)
entry 5316000/9771159 (54.405%)
entry 5322000/9771159 (54.4664%)
entry 5326000/9771159 (54.5074%)
entry 5330000/9771159 (54.5483%)
entry 5332000/9771159 (54.5688%)
entry 5335000/9771159 (54.5995%)
entry 5340000/9771159 (54.6506%)
entry 5345000/9771159 (54.7018%)
entry 5348000/9771159 (54.7325%)
entry 5349000/9771159 (54.7427%)
entry 5351000/9771159 (54.7632%)
entry 5352000/9771159 (54.7734%)
entry 5354000/9771159 (54.7939%)
entry 5358000/9771159 (54.8348%)
entry 5370000/9771159 (54.9577%)
entry 5375000/9771159 (55.0088%)
entry 5376000/9771159 (55.0191%)
entry 5379000/9771159 (55.0498%)
entry 5382000/9771159 (55.0805%)
entry 5383000/9771159 (55.0907%)
entry 5386000/9771159 (55.1214%)
entry 5390000/9771159 (55.1623%)
entry 5394000/9771159 (55.2033%)
entry 5401000/9771159 (55.2749%)
entry 5403000/9771159 (55.2954%)
entry 5408000/9771159 (55.3466%)
entry 5411000/9771159 (55.3773%)
entry 5412000/9771159 (55.3875%)
entry 5420000/9771159 (55.4694%)
entry 5423000/9771159 (55.5001%)
entry 5426000/9771159 (55.5308%)
entry 5427000/9771159 (55.541%)
entry 5431000/9771159 (55.5819%)
entry 5440000/9771159 (55.6741%)
entry 5441000/9771159 (55.6843%)
entry 5445000/9771159 (55.7252%)
entry 5446000/9771159 (55.7355%)
entry 5453000/9771159 (55.8071%)
entry 5454000/9771159 (55.8173%)
entry 5457000/9771159 (55.848%)
entry 5463000/9771159 (55.9094%)
entry 5464000/9771159 (55.9197%)
entry 5483000/9771159 (56.1141%)
entry 5503000/9771159 (56.3188%)
entry 5508000/9771159 (56.37%)
entry 5510000/9771159 (56.3904%)
entry 5512000/9771159 (56.4109%)
entry 5515000/9771159 (56.4416%)
entry 5522000/9771159 (56.5133%)
entry 5529000/9771159 (56.5849%)
entry 5549000/9771159 (56.7896%)
entry 5550000/9771159 (56.7998%)
entry 5553000/9771159 (56.8305%)
entry 5561000/9771159 (56.9124%)
entry 5567000/9771159 (56.9738%)
entry 5570000/9771159 (57.0045%)
entry 5571000/9771159 (57.0147%)
entry 5573000/9771159 (57.0352%)
entry 5585000/9771159 (57.158%)
entry 5587000/9771159 (57.1785%)
entry 5594000/9771159 (57.2501%)
entry 5595000/9771159 (57.2604%)
entry 5599000/9771159 (57.3013%)
entry 5601000/9771159 (57.3218%)
entry 5602000/9771159 (57.332%)
entry 5604000/9771159 (57.3525%)
entry 5610000/9771159 (57.4139%)
entry 5617000/9771159 (57.4855%)
entry 5619000/9771159 (57.506%)
entry 5628000/9771159 (57.5981%)
entry 5637000/9771159 (57.6902%)
entry 5639000/9771159 (57.7107%)
entry 5645000/9771159 (57.7721%)
entry 5654000/9771159 (57.8642%)
entry 5661000/9771159 (57.9358%)
entry 5662000/9771159 (57.946%)
entry 5665000/9771159 (57.9767%)
entry 5669000/9771159 (58.0177%)
entry 5670000/9771159 (58.0279%)
entry 5678000/9771159 (58.1098%)
entry 5681000/9771159 (58.1405%)
entry 5682000/9771159 (58.1507%)
entry 5685000/9771159 (58.1814%)
entry 5687000/9771159 (58.2019%)
entry 5693000/9771159 (58.2633%)
entry 5708000/9771159 (58.4168%)
entry 5709000/9771159 (58.427%)
entry 5710000/9771159 (58.4373%)
entry 5715000/9771159 (58.4885%)
entry 5720000/9771159 (58.5396%)
entry 5721000/9771159 (58.5499%)
entry 5725000/9771159 (58.5908%)
entry 5726000/9771159 (58.601%)
entry 5728000/9771159 (58.6215%)
entry 5731000/9771159 (58.6522%)
entry 5733000/9771159 (58.6727%)
entry 5742000/9771159 (58.7648%)
entry 5747000/9771159 (58.816%)
entry 5748000/9771159 (58.8262%)
entry 5752000/9771159 (58.8671%)
entry 5754000/9771159 (58.8876%)
entry 5761000/9771159 (58.9592%)
