sphnx1431.sdcc.bnl.gov
rsyncing from /gpfs/mnt/gpfs02/sphenix/user/samfred/run25/ppg11/histmaking
running: /gpfs/mnt/gpfs02/sphenix/user/samfred/run25/ppg11/histmaking/script.sh -1 Jet20
LD_LIBRARY_PATH now /sphenix/user/samfred/run25/install//lib:/cvmfs/sphenix.sdcc.bnl.gov/alma9.2-gcc-14.2.0/opt/sphenix/core/gcc/14.2.0-2f0a0/x86_64-el9/lib:/cvmfs/sphenix.sdcc.bnl.gov/alma9.2-gcc-14.2.0/opt/sphenix/core/gcc/14.2.0-2f0a0/x86_64-el9/lib64:/cvmfs/sphenix.sdcc.bnl.gov/alma9.2-gcc-14.2.0/opt/sphenix/core/binutils/2.40-acaab/x86_64-el9/lib:.:/cvmfs/sphenix.sdcc.bnl.gov/alma9.2-gcc-14.2.0/release/release_new/new.1/lib64:/cvmfs/sphenix.sdcc.bnl.gov/alma9.2-gcc-14.2.0/release/release_new/new.1/lib:/cvmfs/sphenix.sdcc.bnl.gov/alma9.2-gcc-14.2.0/opt/sphenix/utils/lib:/cvmfs/sphenix.sdcc.bnl.gov/alma9.2-gcc-14.2.0/opt/sphenix/core/lib:/cvmfs/sphenix.sdcc.bnl.gov/alma9.2-gcc-14.2.0/opt/sphenix/core/root-6.32.06/lib:/cvmfs/sphenix.sdcc.bnl.gov/alma9.2-gcc-14.2.0/opt/sphenix/core/geant4.10.07.p04/lib64:/cvmfs/sphenix.sdcc.bnl.gov/alma9.2-gcc-14.2.0/opt/sphenix/core/lhapdf-5.9.1/lib:/usr/local/lib64:/usr/lib64
PATH now /cvmfs/sphenix.sdcc.bnl.gov/alma9.2-gcc-14.2.0/opt/sphenix/core/gcc/14.2.0-2f0a0/x86_64-el9/bin:/cvmfs/sphenix.sdcc.bnl.gov/alma9.2-gcc-14.2.0/opt/sphenix/core/binutils/2.40-acaab/x86_64-el9/bin:.:/cvmfs/sphenix.sdcc.bnl.gov/alma9.2-gcc-14.2.0/release/release_new/new.1/bin:/cvmfs/sphenix.sdcc.bnl.gov/alma9.2-gcc-14.2.0/opt/sphenix/utils/bin:/cvmfs/sphenix.sdcc.bnl.gov/alma9.2-gcc-14.2.0/opt/sphenix/core/bin:/cvmfs/sphenix.sdcc.bnl.gov/alma9.2-gcc-14.2.0/opt/sphenix/core/root-6.32.06/bin:/cvmfs/sphenix.sdcc.bnl.gov/alma9.2-gcc-14.2.0/opt/sphenix/core/geant4.10.07.p04/bin:/usr/local/bin:/usr/bin:/usr/local/sbin:/usr/sbin
SINGULARITY_CACHEDIR=/home/condor/local/sphnx/execute/dir_57143
_CONDOR_CHIRP_CONFIG=/home/condor/local/sphnx/execute/dir_57143/.chirp.config
_CONDOR_JOB_IWD=/sphenix/user/samfred/run25/ppg11/histmaking
G4ENSDFSTATEDATA=/cvmfs/sphenix.sdcc.bnl.gov/alma9.2-gcc-14.2.0/opt/sphenix/core/geant4.10.07.p04/share/Geant4-10.7.4/data/G4ENSDFSTATE2.3
_CONDOR_MACHINE_AD=/home/condor/local/sphnx/execute/dir_57143/.machine.ad
ROOT_MAX_THREADS=1
NUMEXPR_NUM_THREADS=1
CUBACORES=1
_CHIRP_DELAYED_UPDATE_PREFIX=Chirp*
OMP_THREAD_LIMIT=1
G4PIIDATA=/cvmfs/sphenix.sdcc.bnl.gov/alma9.2-gcc-14.2.0/opt/sphenix/core/geant4.10.07.p04/share/Geant4-10.7.4/data/G4PII1.3
NO_AT_BRIDGE=1
G4_MAIN=/cvmfs/sphenix.sdcc.bnl.gov/alma9.2-gcc-14.2.0/opt/sphenix/core/geant4.10.07.p04
COMPILER_PATH=/cvmfs/sphenix.sdcc.bnl.gov/alma9.2-gcc-14.2.0/opt/sphenix/core/gcc/14.2.0-2f0a0/x86_64-el9
ROOT_INCLUDE_PATH=./:/sphenix/user/samfred/run25/install//include:/sphenix/user/samfred/run25/install//include/caloana:/sphenix/user/samfred/run25/install//include/qa_centrality:/sphenix/user/samfred/run25/install//include/mbdana:/sphenix/user/samfred/run25/install//include/centrality:/cvmfs/sphenix.sdcc.bnl.gov/alma9.2-gcc-14.2.0/release/release_new/new.1/include:/cvmfs/sphenix.sdcc.bnl.gov/alma9.2-gcc-14.2.0/release/release_new/new.1/include:/cvmfs/sphenix.sdcc.bnl.gov/alma9.2-gcc-14.2.0/release/release_new/new.1/include/g4mbd:/cvmfs/sphenix.sdcc.bnl.gov/alma9.2-gcc-14.2.0/release/release_new/new.1/include/fmt:/cvmfs/sphenix.sdcc.bnl.gov/alma9.2-gcc-14.2.0/release/release_new/new.1/include/ffarawobjects:/cvmfs/sphenix.sdcc.bnl.gov/alma9.2-gcc-14.2.0/release/release_new/new.1/include/JSON:/cvmfs/sphenix.sdcc.bnl.gov/alma9.2-gcc-14.2.0/release/release_new/new.1/include/calotreegen:/cvmfs/sphenix.sdcc.bnl.gov/alma9.2-gcc-14.2.0/release/release_new/new.1/include/torch:/cvmfs/sphenix.sdcc.bnl.gov/alma9.2-gcc-14.2.0/release/release_new/new.1/include/g4detectors:/cvmfs/sphenix.sdcc.bnl.gov/alma9.2-gcc-14.2.0/release/release_new/new.1/include/kineto:/cvmfs/sphenix.sdcc.bnl.gov/alma9.2-gcc-14.2.0/release/release_new/new.1/include/g4decayer:/cvmfs/sphenix.sdcc.bnl.gov/alma9.2-gcc-14.2.0/release/release_new/new.1/include/kfparticleqa:/cvmfs/sphenix.sdcc.bnl.gov/alma9.2-gcc-14.2.0/release/release_new/new.1/include/phfield:/cvmfs/sphenix.sdcc.bnl.gov/alma9.2-gcc-14.2.0/release/release_new/new.1/include/LHAPDF:/cvmfs/sphenix.sdcc.bnl.gov/alma9.2-gcc-14.2.0/release/release_new/new.1/include/readdigitalcurrents:/cvmfs/sphenix.sdcc.bnl.gov/alma9.2-gcc-14.2.0/release/release_new/new.1/include/c10:/cvmfs/sphenix.sdcc.bnl.gov/alma9.2-gcc-14.2.0/release/release_new/new.1/include/calovalid:/cvmfs/sphenix.sdcc.bnl.gov/alma9.2-gcc-14.2.0/release/release_new/new.1/include/oneapi:/cvmfs/sphenix.sdcc.bnl.gov/alma9.2-gcc-14.2.0/release/release_new/new.1/include/DDCond:/cvmfs/sphenix.sdcc.bnl.gov/alma9.2-gcc-14.2.0/release/release_new/new.1/include/g4tracking:/cvmfs/sphenix.sdcc.bnl.gov/alma9.2-gcc-14.2.0/release/release_new/new.1/include/litecaloeval:/cvmfs/sphenix.sdcc.bnl.gov/alma9.2-gcc-14.2.0/release/release_new/new.1/include/g4intt:/cvmfs/sphenix.sdcc.bnl.gov/alma9.2-gcc-14.2.0/release/release_new/new.1/include/phool:/cvmfs/sphenix.sdcc.bnl.gov/alma9.2-gcc-14.2.0/release/release_new/new.1/include/boost:/cvmfs/sphenix.sdcc.bnl.gov/alma9.2-gcc-14.2.0/release/release_new/new.1/include/Pythia8Plugins:/cvmfs/sphenix.sdcc.bnl.gov/alma9.2-gcc-14.2.0/release/release_new/new.1/include/calib_emc_pi0:/cvmfs/sphenix.sdcc.bnl.gov/alma9.2-gcc-14.2.0/release/release_new/new.1/include/hijingflipafterburner:/cvmfs/sphenix.sdcc.bnl.gov/alma9.2-gcc-14.2.0/release/release_new/new.1/include/ffaobjects:/cvmfs/sphenix.sdcc.bnl.gov/alma9.2-gcc-14.2.0/release/release_new/new.1/include/EvtGenBase:/cvmfs/sphenix.sdcc.bnl.gov/alma9.2-gcc-14.2.0/release/release_new/new.1/include/flowafterburner:/cvmfs/sphenix.sdcc.bnl.gov/alma9.2-gcc-14.2.0/release/release_new/new.1/include/google:/cvmfs/sphenix.sdcc.bnl.gov/alma9.2-gcc-14.2.0/release/release_new/new.1/include/g4tpc:/cvmfs/sphenix.sdcc.bnl.gov/alma9.2-gcc-14.2.0/release/release_new/new.1/include/caffe2:/cvmfs/sphenix.sdcc.bnl.gov/alma9.2-gcc-14.2.0/release/release_new/new.1/include/EvtGenExternal:/cvmfs/sphenix.sdcc.bnl.gov/alma9.2-gcc-14.2.0/release/release_new/new.1/include/fp16:/cvmfs/sphenix.sdcc.bnl.gov/alma9.2-gcc-14.2.0/release/release_new/new.1/include/ffamodules:/cvmfs/sphenix.sdcc.bnl.gov/alma9.2-gcc-14.2.0/release/release_new/new.1/include/uspin:/cvmfs/sphenix.sdcc.bnl.gov/alma9.2-gcc-14.2.0/release/release_new/new.1/include/Herwig:/cvmfs/sphenix.sdcc.bnl.gov/alma9.2-gcc-14.2.0/release/release_new/new.1/include/genfitexp:/cvmfs/sphenix.sdcc.bnl.gov/alma9.2-gcc-14.2.0/release/release_new/new.1/include/XML:/cvmfs/sphenix.sdcc.bnl.gov/alma9.2-gcc-14.2.0/release/release_new/new.1/include/fbgemm:/cvmfs/sphenix.sdcc.bnl.gov/alma9.2-gcc-14.2.0/release/release_new/new.1/include/DDAlign:/cvmfs/sphenix.sdcc.bnl.gov/alma9.2-gcc-14.2.0/release/release_new/new.1/include/g4mvtx:/cvmfs/sphenix.sdcc.bnl.gov/alma9.2-gcc-14.2.0/release/release_new/new.1/include/kfparticle_sphenix:/cvmfs/sphenix.sdcc.bnl.gov/alma9.2-gcc-14.2.0/release/release_new/new.1/include/fun4all:/cvmfs/sphenix.sdcc.bnl.gov/alma9.2-gcc-14.2.0/release/release_new/new.1/include/intt:/cvmfs/sphenix.sdcc.bnl.gov/alma9.2-gcc-14.2.0/release/release_new/new.1/include/eventdisplay:/cvmfs/sphenix.sdcc.bnl.gov/alma9.2-gcc-14.2.0/release/release_new/new.1/include/EvtGen:/cvmfs/sphenix.sdcc.bnl.gov/alma9.2-gcc-14.2.0/release/release_new/new.1/include/Evaluator:/cvmfs/sphenix.sdcc.bnl.gov/alma9.2-gcc-14.2.0/release/release_new/new.1/include/tpc:/cvmfs/sphenix.sdcc.bnl.gov/alma9.2-gcc-14.2.0/release/release_new/new.1/include/GenFit:/cvmfs/sphenix.sdcc.bnl.gov/alma9.2-gcc-14.2.0/release/release_new/new.1/include/prototype4:/cvmfs/sphenix.sdcc.bnl.gov/alma9.2-gcc-14.2.0/release/release_new/new.1/include/caloembedding:/cvmfs/sphenix.sdcc.bnl.gov/alma9.2-gcc-14.2.0/release/release_new/new.1/include/EvtGenModels:/cvmfs/sphenix.sdcc.bnl.gov/alma9.2-gcc-14.2.0/release/release_new/new.1/include/fastjet:/cvmfs/sphenix.sdcc.bnl.gov/alma9.2-gcc-14.2.0/release/release_new/new.1/include/DDG4:/cvmfs/sphenix.sdcc.bnl.gov/alma9.2-gcc-14.2.0/release/release_new/new.1/include/mbd:/cvmfs/sphenix.sdcc.bnl.gov/alma9.2-gcc-14.2.0/release/release_new/new.1/include/tbb:/cvmfs/sphenix.sdcc.bnl.gov/alma9.2-gcc-14.2.0/release/release_new/new.1/include/phgeom:/cvmfs/sphenix.sdcc.bnl.gov/alma9.2-gcc-14.2.0/release/release_new/new.1/include/g4epd:/cvmfs/sphenix.sdcc.bnl.gov/alma9.2-gcc-14.2.0/release/release_new/new.1/include/oncal:/cvmfs/sphenix.sdcc.bnl.gov/alma9.2-gcc-14.2.0/release/release_new/new.1/include/pybind11:/cvmfs/sphenix.sdcc.bnl.gov/alma9.2-gcc-14.2.0/release/release_new/new.1/include/tpcdistgenerator:/cvmfs/sphenix.sdcc.bnl.gov/alma9.2-gcc-14.2.0/release/release_new/new.1/include/cdbobjects:/cvmfs/sphenix.sdcc.bnl.gov/alma9.2-gcc-14.2.0/release/release_new/new.1/include/g4micromegas:/cvmfs/sphenix.sdcc.bnl.gov/alma9.2-gcc-14.2.0/release/release_new/new.1/include/g4eval:/cvmfs/sphenix.sdcc.bnl.gov/alma9.2-gcc-14.2.0/release/release_new/new.1/include/jetbackground:/cvmfs/sphenix.sdcc.bnl.gov/alma9.2-gcc-14.2.0/release/release_new/new.1/include/micromegas:/cvmfs/sphenix.sdcc.bnl.gov/alma9.2-gcc-14.2.0/release/release_new/new.1/include/hftrackefficiency:/cvmfs/sphenix.sdcc.bnl.gov/alma9.2-gcc-14.2.0/release/release_new/new.1/include/inttrawhitqa:/cvmfs/sphenix.sdcc.bnl.gov/alma9.2-gcc-14.2.0/release/release_new/new.1/include/centrality:/cvmfs/sphenix.sdcc.bnl.gov/alma9.2-gcc-14.2.0/release/release_new/new.1/include/epd:/cvmfs/sphenix.sdcc.bnl.gov/alma9.2-gcc-14.2.0/release/release_new/new.1/include/caloreco:/cvmfs/sphenix.sdcc.bnl.gov/alma9.2-gcc-14.2.0/release/release_new/new.1/include/HepMC:/cvmfs/sphenix.sdcc.bnl.gov/alma9.2-gcc-14.2.0/release/release_new/new.1/include/CLHEP:/cvmfs/sphenix.sdcc.bnl.gov/alma9.2-gcc-14.2.0/release/release_new/new.1/include/Acts:/cvmfs/sphenix.sdcc.bnl.gov/alma9.2-gcc-14.2.0/release/release_new/new.1/include/g4histos:/cvmfs/sphenix.sdcc.bnl.gov/alma9.2-gcc-14.2.0/release/release_new/new.1/include/eventplaneinfo:/cvmfs/sphenix.sdcc.bnl.gov/alma9.2-gcc-14.2.0/release/release_new/new.1/include/fillspacechargemaps:/cvmfs/sphenix.sdcc.bnl.gov/alma9.2-gcc-14.2.0/release/release_new/new.1/include/phhepmc:/cvmfs/sphenix.sdcc.bnl.gov/alma9.2-gcc-14.2.0/release/release_new/new.1/include/trackingqa:/cvmfs/sphenix.sdcc.bnl.gov/alma9.2-gcc-14.2.0/release/release_new/new.1/include/qautils:/cvmfs/sphenix.sdcc.bnl.gov/alma9.2-gcc-14.2.0/release/release_new/new.1/include/trackreco:/cvmfs/sphenix.sdcc.bnl.gov/alma9.2-gcc-14.2.0/release/release_new/new.1/include/g4ohcal:/cvmfs/sphenix.sdcc.bnl.gov/alma9.2-gcc-14.2.0/release/release_new/new.1/include/tpcdvcalib:/cvmfs/sphenix.sdcc.bnl.gov/alma9.2-gcc-14.2.0/release/release_new/new.1/include/zdcinfo:/cvmfs/sphenix.sdcc.bnl.gov/alma9.2-gcc-14.2.0/release/release_new/new.1/include/phpythia8:/cvmfs/sphenix.sdcc.bnl.gov/alma9.2-gcc-14.2.0/release/release_new/new.1/include/fun4allutils:/cvmfs/sphenix.sdcc.bnl.gov/alma9.2-gcc-14.2.0/release/release_new/new.1/include/tpcqa:/cvmfs/sphenix.sdcc.bnl.gov/alma9.2-gcc-14.2.0/release/release_new/new.1/include/Pythia8:/cvmfs/sphenix.sdcc.bnl.gov/alma9.2-gcc-14.2.0/release/release_new/new.1/include/DDRec:/cvmfs/sphenix.sdcc.bnl.gov/alma9.2-gcc-14.2.0/release/release_new/new.1/include/DDDigi:/cvmfs/sphenix.sdcc.bnl.gov/alma9.2-gcc-14.2.0/release/release_new/new.1/include/g4ihcal:/cvmfs/sphenix.sdcc.bnl.gov/alma9.2-gcc-14.2.0/release/release_new/new.1/include/frog:/cvmfs/sphenix.sdcc.bnl.gov/alma9.2-gcc-14.2.0/release/release_new/new.1/include/eigen3:/cvmfs/sphenix.sdcc.bnl.gov/alma9.2-gcc-14.2.0/release/release_new/new.1/include/tensorpipe:/cvmfs/sphenix.sdcc.bnl.gov/alma9.2-gcc-14.2.0/release/release_new/new.1/include/sphenixnpc:/cvmfs/sphenix.sdcc.bnl.gov/alma9.2-gcc-14.2.0/release/release_new/new.1/include/siscone:/cvmfs/sphenix.sdcc.bnl.gov/alma9.2-gcc-14.2.0/release/release_new/new.1/include/pmonitor:/cvmfs/sphenix.sdcc.bnl.gov/alma9.2-gcc-14.2.0/release/release_new/new.1/include/calobase:/cvmfs/sphenix.sdcc.bnl.gov/alma9.2-gcc-14.2.0/release/release_new/new.1/include/ActsExamples:/cvmfs/sphenix.sdcc.bnl.gov/alma9.2-gcc-14.2.0/release/release_new/new.1/include/g4gdml:/cvmfs/sphenix.sdcc.bnl.gov/alma9.2-gcc-14.2.0/release/release_new/new.1/include/mvtx_decoder:/cvmfs/sphenix.sdcc.bnl.gov/alma9.2-gcc-14.2.0/release/release_new/new.1/include/ROOT:/cvmfs/sphenix.sdcc.bnl.gov/alma9.2-gcc-14.2.0/release/release_new/new.1/include/phparameter:/cvmfs/sphenix.sdcc.bnl.gov/alma9.2-gcc-14.2.0/release/release_new/new.1/include/rsa:/cvmfs/sphenix.sdcc.bnl.gov/alma9.2-gcc-14.2.0/release/release_new/new.1/include/fun4allraw:/cvmfs/sphenix.sdcc.bnl.gov/alma9.2-gcc-14.2.0/release/release_new/new.1/include/trackbase_historic:/cvmfs/sphenix.sdcc.bnl.gov/alma9.2-gcc-14.2.0/release/release_new/new.1/include/g4jets:/cvmfs/sphenix.sdcc.bnl.gov/alma9.2-gcc-14.2.0/release/release_new/new.1/include/jetqa:/cvmfs/sphenix.sdcc.bnl.gov/alma9.2-gcc-14.2.0/release/release_new/new.1/include/phoolraw:/cvmfs/sphenix.sdcc.bnl.gov/alma9.2-gcc-14.2.0/release/release_new/new.1/include/g4calo:/cvmfs/sphenix.sdcc.bnl.gov/alma9.2-gcc-14.2.0/release/release_new/new.1/include/mvtxrawhitqa:/cvmfs/sphenix.sdcc.bnl.gov/alma9.2-gcc-14.2.0/release/release_new/new.1/include/HepMC3:/cvmfs/sphenix.sdcc.bnl.gov/alma9.2-gcc-14.2.0/release/release_new/new.1/include/calowaveformsim:/cvmfs/sphenix.sdcc.bnl.gov/alma9.2-gcc-14.2.0/release/release_new/new.1/include/g4caloprototype:/cvmfs/sphenix.sdcc.bnl.gov/alma9.2-gcc-14.2.0/release/release_new/new.1/include/pdbcalbase:/cvmfs/sphenix.sdcc.bnl.gov/alma9.2-gcc-14.2.0/release/release_new/new.1/include/gsl:/cvmfs/sphenix.sdcc.bnl.gov/alma9.2-gcc-14.2.0/release/release_new/new.1/include/nodedump:/cvmfs/sphenix.sdcc.bnl.gov/alma9.2-gcc-14.2.0/release/release_new/new.1/include/emcnoisytowerfinder:/cvmfs/sphenix.sdcc.bnl.gov/alma9.2-gcc-14.2.0/release/release_new/new.1/include/ActsFatras:/cvmfs/sphenix.sdcc.bnl.gov/alma9.2-gcc-14.2.0/release/release_new/new.1/include/ffarawmodules:/cvmfs/sphenix.sdcc.bnl.gov/alma9.2-gcc-14.2.0/release/release_new/new.1/include/Event:/cvmfs/sphenix.sdcc.bnl.gov/alma9.2-gcc-14.2.0/release/release_new/new.1/include/prototype3:/cvmfs/sphenix.sdcc.bnl.gov/alma9.2-gcc-14.2.0/release/release_new/new.1/include/fermimotionafterburner:/cvmfs/sphenix.sdcc.bnl.gov/alma9.2-gcc-14.2.0/release/release_new/new.1/include/Photos:/cvmfs/sphenix.sdcc.bnl.gov/alma9.2-gcc-14.2.0/release/release_new/new.1/include/xingshiftcal:/cvmfs/sphenix.sdcc.bnl.gov/alma9.2-gcc-14.2.0/release/release_new/new.1/include/trackbase:/cvmfs/sphenix.sdcc.bnl.gov/alma9.2-gcc-14.2.0/release/release_new/new.1/include/jetdstskimmer:/cvmfs/sphenix.sdcc.bnl.gov/alma9.2-gcc-14.2.0/release/release_new/new.1/include/clusteriso:/cvmfs/sphenix.sdcc.bnl.gov/alma9.2-gcc-14.2.0/release/release_new/new.1/include/asmjit:/cvmfs/sphenix.sdcc.bnl.gov/alma9.2-gcc-14.2.0/release/release_new/new.1/include/particleflowreco:/cvmfs/sphenix.sdcc.bnl.gov/alma9.2-gcc-14.2.0/release/release_new/new.1/include/tpchittrackdisplay:/cvmfs/sphenix.sdcc.bnl.gov/alma9.2-gcc-14.2.0/release/release_new/new.1/include/caloana:/cvmfs/sphenix.sdcc.bnl.gov/alma9.2-gcc-14.2.0/release/release_new/new.1/include/calotrigger:/cvmfs/sphenix.sdcc.bnl.gov/alma9.2-gcc-14.2.0/release/release_new/new.1/include/nopayloadclient:/cvmfs/sphenix.sdcc.bnl.gov/alma9.2-gcc-14.2.0/release/release_new/new.1/include/trackermillepedealignment:/cvmfs/sphenix.sdcc.bnl.gov/alma9.2-gcc-14.2.0/release/release_new/new.1/include/DD4hep:/cvmfs/sphenix.sdcc.bnl.gov/alma9.2-gcc-14.2.0/release/release_new/new.1/include/g4trackfastsim:/cvmfs/sphenix.sdcc.bnl.gov/alma9.2-gcc-14.2.0/release/release_new/new.1/include/prototype2:/cvmfs/sphenix.sdcc.bnl.gov/alma9.2-gcc-14.2.0/release/release_new/new.1/include/ATen:/cvmfs/sphenix.sdcc.bnl.gov/alma9.2-gcc-14.2.0/release/release_new/new.1/include/g4main:/cvmfs/sphenix.sdcc.bnl.gov/alma9.2-gcc-14.2.0/release/release_new/new.1/include/Tauola:/cvmfs/sphenix.sdcc.bnl.gov/alma9.2-gcc-14.2.0/release/release_new/new.1/include/inttcalib:/cvmfs/sphenix.sdcc.bnl.gov/alma9.2-gcc-14.2.0/release/release_new/new.1/include/reactionplaneafterburner:/cvmfs/sphenix.sdcc.bnl.gov/alma9.2-gcc-14.2.0/release/release_new/new.1/include/globalqa:/cvmfs/sphenix.sdcc.bnl.gov/alma9.2-gcc-14.2.0/release/release_new/new.1/include/tpccalib:/cvmfs/sphenix.sdcc.bnl.gov/alma9.2-gcc-14.2.0/release/release_new/new.1/include/DDSegmentation:/cvmfs/sphenix.sdcc.bnl.gov/alma9.2-gcc-14.2.0/release/release_new/new.1/include/decayfinder:/cvmfs/sphenix.sdcc.bnl.gov/alma9.2-gcc-14.2.0/release/release_new/new.1/include/compressclus:/cvmfs/sphenix.sdcc.bnl.gov/alma9.2-gcc-14.2.0/release/release_new/new.1/include/simqa_modules:/cvmfs/sphenix.sdcc.bnl.gov/alma9.2-gcc-14.2.0/release/release_new/new.1/include/resonancejettagging:/cvmfs/sphenix.sdcc.bnl.gov/alma9.2-gcc-14.2.0/release/release_new/new.1/include/g4centrality:/cvmfs/sphenix.sdcc.bnl.gov/alma9.2-gcc-14.2.0/release/release_new/new.1/include/mvtx:/cvmfs/sphenix.sdcc.bnl.gov/alma9.2-gcc-14.2.0/release/release_new/new.1/include/nlohmann:/cvmfs/sphenix.sdcc.bnl.gov/alma9.2-gcc-14.2.0/release/release_new/new.1/include/localpoloffmon:/cvmfs/sphenix.sdcc.bnl.gov/alma9.2-gcc-14.2.0/release/release_new/new.1/include/DDEve:/cvmfs/sphenix.sdcc.bnl.gov/alma9.2-gcc-14.2.0/release/release_new/new.1/include/Parsers:/cvmfs/sphenix.sdcc.bnl.gov/alma9.2-gcc-14.2.0/release/release_new/new.1/include/trackingdiagnostics:/cvmfs/sphenix.sdcc.bnl.gov/alma9.2-gcc-14.2.0/release/release_new/new.1/include/g4vertex:/cvmfs/sphenix.sdcc.bnl.gov/alma9.2-gcc-14.2.0/release/release_new/new.1/include/jetbase:/cvmfs/sphenix.sdcc.bnl.gov/alma9.2-gcc-14.2.0/release/release_new/new.1/include/globalvertex:/cvmfs/sphenix.sdcc.bnl.gov/alma9.2-gcc-14.2.0/release/release_new/new.1/include/phgenfit:/cvmfs/sphenix.sdcc.bnl.gov/alma9.2-gcc-14.2.0/release/release_new/new.1/include/rawbcolumi:/cvmfs/sphenix.sdcc.bnl.gov/alma9.2-gcc-14.2.0/release/release_new/new.1/include/eicsmear:/cvmfs/sphenix.sdcc.bnl.gov/alma9.2-gcc-14.2.0/release/release_new/new.1/include/tpclinelaserdiode:/cvmfs/sphenix.sdcc.bnl.gov/alma9.2-gcc-14.2.0/release/release_new/new.1/include/hepmcjettrigger:/cvmfs/sphenix.sdcc.bnl.gov/alma9.2-gcc-14.2.0/release/release_new/new.1/include/core:/cvmfs/sphenix.sdcc.bnl.gov/alma9.2-gcc-14.2.0/release/release_new/new.1/include/mvtxcalib:/cvmfs/sphenix.sdcc.bnl.gov/alma9.2-gcc-14.2.0/release/release_new/new.1/include/calo_cdb:/cvmfs/sphenix.sdcc.bnl.gov/alma9.2-gcc-14.2.0/release/release_new/new.1/include/mvtxclustershapesqa:/cvmfs/sphenix.sdcc.bnl.gov/alma9.2-gcc-14.2.0/release/release_new/new.1/include/calopacketskimmer:/cvmfs/sphenix.sdcc.bnl.gov/alma9.2-gcc-14.2.0/opt/sphenix/core/geant4.10.07.p04/include:/cvmfs/sphenix.sdcc.bnl.gov/alma9.2-gcc-14.2.0/release/release_new/new.1/rootmacros:/cvmfs/sphenix.sdcc.bnl.gov/alma9.2-gcc-14.2.0/opt/sphenix/core/include
GSEARCHPATH=.:PG:LUSTRE:RAWDATA
PWD=/gpfs/mnt/gpfs02/sphenix/user/samfred/run25/ppg11/histmaking
_CONDOR_ANCESTOR_237535=237570:1747417942:3986210064
LOGNAME=samfred
_CONDOR_JOB_AD=/home/condor/local/sphnx/execute/dir_57143/.job.ad
MANPATH=/cvmfs/sphenix.sdcc.bnl.gov/alma9.2-gcc-14.2.0/opt/sphenix/core/gcc/14.2.0-2f0a0/x86_64-el9/share/man:/cvmfs/sphenix.sdcc.bnl.gov/alma9.2-gcc-14.2.0/opt/sphenix/core/binutils/2.40-acaab/x86_64-el9/share/man:/cvmfs/sphenix.sdcc.bnl.gov/alma9.2-gcc-14.2.0/release/release_new/new.1/share/man:/cvmfs/sphenix.sdcc.bnl.gov/alma9.2-gcc-14.2.0/opt/sphenix/utils/share/man:/cvmfs/sphenix.sdcc.bnl.gov/alma9.2-gcc-14.2.0/opt/sphenix/core/share/man:/cvmfs/sphenix.sdcc.bnl.gov/alma9.2-gcc-14.2.0/opt/sphenix/core/root-6.32.06/man:/usr/local/share/man:/usr/share/man
PYTHIA8=/cvmfs/sphenix.sdcc.bnl.gov/alma9.2-gcc-14.2.0/release/release_new/new.1/share/Pythia8
G4INCLDATA=/cvmfs/sphenix.sdcc.bnl.gov/alma9.2-gcc-14.2.0/opt/sphenix/core/geant4.10.07.p04/share/Geant4-10.7.4/data/G4INCL1.0
ORIG_PATH=/usr/local/bin:/usr/bin
CXX=/cvmfs/sphenix.sdcc.bnl.gov/alma9.2-gcc-14.2.0/opt/sphenix/core/gcc/14.2.0-2f0a0/x86_64-el9/bin/g++
G4LEDATA=/cvmfs/sphenix.sdcc.bnl.gov/alma9.2-gcc-14.2.0/opt/sphenix/core/geant4.10.07.p04/share/Geant4-10.7.4/data/G4EMLOW7.13
PYTHON_CPU_COUNT=1
OPENBLAS_NUM_THREADS=1
_CONDOR_BIN=/usr/bin
HOME=/sphenix/u/samfred
G4PARTICLEXSDATA=/cvmfs/sphenix.sdcc.bnl.gov/alma9.2-gcc-14.2.0/opt/sphenix/core/geant4.10.07.p04/share/Geant4-10.7.4/data/G4PARTICLEXS3.1.1
ONLINE_MAIN=/cvmfs/sphenix.sdcc.bnl.gov/alma9.2-gcc-14.2.0/release/release_new/new.1
CALIBRATIONROOT=/cvmfs/sphenix.sdcc.bnl.gov/alma9.2-gcc-14.2.0/release/release_new/new.1/share/calibrations
TMPDIR=/tmp
_CONDOR_SCRATCH_DIR=/home/condor/local/sphnx/execute/dir_57143
PGUSER=phnxrc
NOPAYLOADCLIENT_CONF=/cvmfs/sphenix.sdcc.bnl.gov/alma9.2-gcc-14.2.0/opt/sphenix/core/etc/sPHENIX_newcdb.json
XERCESCROOT=/cvmfs/sphenix.sdcc.bnl.gov/alma9.2-gcc-14.2.0/opt/sphenix/core/geant4.10.07.p04
LHAPATH=/cvmfs/sphenix.sdcc.bnl.gov/alma9.2-gcc-14.2.0/opt/sphenix/core/lhapdf-5.9.1/share/lhapdf/PDFsets
G4NEUTRONHPDATA=/cvmfs/sphenix.sdcc.bnl.gov/alma9.2-gcc-14.2.0/opt/sphenix/core/geant4.10.07.p04/share/Geant4-10.7.4/data/G4NDL4.6
PYTHONPATH=.:/cvmfs/sphenix.sdcc.bnl.gov/alma9.2-gcc-14.2.0/release/release_new/new.1/lib/python3.13/site-packages:/cvmfs/sphenix.sdcc.bnl.gov/alma9.2-gcc-14.2.0/opt/sphenix/core/lib/python3.13/site-packages:/cvmfs/sphenix.sdcc.bnl.gov/alma9.2-gcc-14.2.0/opt/sphenix/core/root-6.32.06/lib
USER=samfred
_CONDOR_JOB_PIDS=
TEMP=/tmp
GOMAXPROCS=1
OFFLINE_MAIN=/cvmfs/sphenix.sdcc.bnl.gov/alma9.2-gcc-14.2.0/release/release_new/new.1
SHLVL=1
_CONDOR_ANCESTOR_57143=69334:1755547814:243771709
TF_NUM_THREADS=1
G4SAIDXSDATA=/cvmfs/sphenix.sdcc.bnl.gov/alma9.2-gcc-14.2.0/opt/sphenix/core/geant4.10.07.p04/share/Geant4-10.7.4/data/G4SAIDDATA2.0
APPTAINER_CACHEDIR=/home/condor/local/sphnx/execute/dir_57143
ROOTSYS=/cvmfs/sphenix.sdcc.bnl.gov/alma9.2-gcc-14.2.0/opt/sphenix/core/root-6.32.06
BATCH_SYSTEM=HTCondor
_CONDOR_SLOT=slot1_74
LD_LIBRARY_PATH=/sphenix/user/samfred/run25/install//lib:/cvmfs/sphenix.sdcc.bnl.gov/alma9.2-gcc-14.2.0/opt/sphenix/core/gcc/14.2.0-2f0a0/x86_64-el9/lib:/cvmfs/sphenix.sdcc.bnl.gov/alma9.2-gcc-14.2.0/opt/sphenix/core/gcc/14.2.0-2f0a0/x86_64-el9/lib64:/cvmfs/sphenix.sdcc.bnl.gov/alma9.2-gcc-14.2.0/opt/sphenix/core/binutils/2.40-acaab/x86_64-el9/lib:.:/cvmfs/sphenix.sdcc.bnl.gov/alma9.2-gcc-14.2.0/release/release_new/new.1/lib64:/cvmfs/sphenix.sdcc.bnl.gov/alma9.2-gcc-14.2.0/release/release_new/new.1/lib:/cvmfs/sphenix.sdcc.bnl.gov/alma9.2-gcc-14.2.0/opt/sphenix/utils/lib:/cvmfs/sphenix.sdcc.bnl.gov/alma9.2-gcc-14.2.0/opt/sphenix/core/lib:/cvmfs/sphenix.sdcc.bnl.gov/alma9.2-gcc-14.2.0/opt/sphenix/core/root-6.32.06/lib:/cvmfs/sphenix.sdcc.bnl.gov/alma9.2-gcc-14.2.0/opt/sphenix/core/geant4.10.07.p04/lib64:/cvmfs/sphenix.sdcc.bnl.gov/alma9.2-gcc-14.2.0/opt/sphenix/core/lhapdf-5.9.1/lib:/usr/local/lib64:/usr/lib64
_CONDOR_ANCESTOR_237570=57143:1755547814:1173243010
OPT_SPHENIX=/cvmfs/sphenix.sdcc.bnl.gov/alma9.2-gcc-14.2.0/opt/sphenix/core
TF_LOOP_PARALLEL_ITERATIONS=1
EVT_LIB=/cvmfs/sphenix.sdcc.bnl.gov/alma9.2-gcc-14.2.0/opt/sphenix/core/root-6.32.06/lib
PGHOST=sphnxdbmaster.sdcc.bnl.gov
OMP_NUM_THREADS=1
G4REALSURFACEDATA=/cvmfs/sphenix.sdcc.bnl.gov/alma9.2-gcc-14.2.0/opt/sphenix/core/geant4.10.07.p04/share/Geant4-10.7.4/data/RealSurface2.2
FC=/cvmfs/sphenix.sdcc.bnl.gov/alma9.2-gcc-14.2.0/opt/sphenix/core/gcc/14.2.0-2f0a0/x86_64-el9/bin/gfortran
G4ABLADATA=/cvmfs/sphenix.sdcc.bnl.gov/alma9.2-gcc-14.2.0/opt/sphenix/core/geant4.10.07.p04/share/Geant4-10.7.4/data/G4ABLA3.1
PARASOFT=doesnotexist
TMP=/tmp
OPT_UTILS=/cvmfs/sphenix.sdcc.bnl.gov/alma9.2-gcc-14.2.0/opt/sphenix/utils
CONFIG_SITE=/cvmfs/sphenix.sdcc.bnl.gov/alma9.2-gcc-14.2.0/opt/sphenix/core/etc/config.site
PATH=/cvmfs/sphenix.sdcc.bnl.gov/alma9.2-gcc-14.2.0/opt/sphenix/core/gcc/14.2.0-2f0a0/x86_64-el9/bin:/cvmfs/sphenix.sdcc.bnl.gov/alma9.2-gcc-14.2.0/opt/sphenix/core/binutils/2.40-acaab/x86_64-el9/bin:.:/cvmfs/sphenix.sdcc.bnl.gov/alma9.2-gcc-14.2.0/release/release_new/new.1/bin:/cvmfs/sphenix.sdcc.bnl.gov/alma9.2-gcc-14.2.0/opt/sphenix/utils/bin:/cvmfs/sphenix.sdcc.bnl.gov/alma9.2-gcc-14.2.0/opt/sphenix/core/bin:/cvmfs/sphenix.sdcc.bnl.gov/alma9.2-gcc-14.2.0/opt/sphenix/core/root-6.32.06/bin:/cvmfs/sphenix.sdcc.bnl.gov/alma9.2-gcc-14.2.0/opt/sphenix/core/geant4.10.07.p04/bin:/usr/local/bin:/usr/bin:/usr/local/sbin:/usr/sbin
G4LEVELGAMMADATA=/cvmfs/sphenix.sdcc.bnl.gov/alma9.2-gcc-14.2.0/opt/sphenix/core/geant4.10.07.p04/share/Geant4-10.7.4/data/PhotonEvaporation5.7
CC=/cvmfs/sphenix.sdcc.bnl.gov/alma9.2-gcc-14.2.0/opt/sphenix/core/gcc/14.2.0-2f0a0/x86_64-el9/bin/gcc
G4RADIOACTIVEDATA=/cvmfs/sphenix.sdcc.bnl.gov/alma9.2-gcc-14.2.0/opt/sphenix/core/geant4.10.07.p04/share/Geant4-10.7.4/data/RadioactiveDecay5.6
JULIA_NUM_THREADS=1
MKL_NUM_THREADS=1
LHAPDF_DATA_PATH=/cvmfs/sphenix.sdcc.bnl.gov/alma9.2-gcc-14.2.0/release/release_new/new.1/share/LHAPDF
XPLOAD_CONFIG_DIR=/cvmfs/sphenix.sdcc.bnl.gov/alma9.2-gcc-14.2.0/opt/sphenix/core/etc
OLDPWD=/cvmfs/sphenix.sdcc.bnl.gov/alma9.2-gcc-14.2.0/release/release_new/new.1/geant4
_=/usr/bin/printenv
runnumber...
-1
trigger...
Jet20
   ------------------------------------------------------------------
  | Welcome to ROOT 6.32.06                        https://root.cern |
  | (c) 1995-2024, The ROOT Team; conception: R. Brun, F. Rademakers |
  | Built for linuxx8664gcc on Dec 13 2024, 17:23:48                 |
  | From tags/6-32-06@6-32-06                                        |
  | With g++ (GCC) 14.2.0                                            |
  | Try '.help'/'.?', '.demo', '.license', '.credits', '.quit'/'.q'  |
   ------------------------------------------------------------------


Processing truthhistmaker.C(-1,"Jet20")...
entry 1000/9765402 (0.0102402%)
entry 6000/9765402 (0.0614414%)
entry 8000/9765402 (0.0819219%)
entry 18000/9765402 (0.184324%)
entry 21000/9765402 (0.215045%)
entry 23000/9765402 (0.235525%)
entry 30000/9765402 (0.307207%)
entry 31000/9765402 (0.317447%)
entry 35000/9765402 (0.358408%)
entry 44000/9765402 (0.45057%)
entry 45000/9765402 (0.460811%)
entry 52000/9765402 (0.532492%)
entry 54000/9765402 (0.552973%)
entry 56000/9765402 (0.573453%)
entry 62000/9765402 (0.634895%)
entry 64000/9765402 (0.655375%)
entry 65000/9765402 (0.665615%)
entry 71000/9765402 (0.727057%)
entry 73000/9765402 (0.747537%)
entry 77000/9765402 (0.788498%)
entry 87000/9765402 (0.8909%)
entry 90000/9765402 (0.921621%)
entry 95000/9765402 (0.972822%)
entry 98000/9765402 (1.00354%)
entry 99000/9765402 (1.01378%)
entry 101000/9765402 (1.03426%)
entry 102000/9765402 (1.0445%)
entry 114000/9765402 (1.16739%)
entry 118000/9765402 (1.20835%)
entry 123000/9765402 (1.25955%)
entry 126000/9765402 (1.29027%)
entry 132000/9765402 (1.35171%)
entry 133000/9765402 (1.36195%)
entry 138000/9765402 (1.41315%)
entry 139000/9765402 (1.42339%)
entry 142000/9765402 (1.45411%)
entry 143000/9765402 (1.46435%)
entry 145000/9765402 (1.48483%)
entry 147000/9765402 (1.50531%)
entry 153000/9765402 (1.56676%)
entry 154000/9765402 (1.577%)
entry 155000/9765402 (1.58724%)
entry 156000/9765402 (1.59748%)
entry 168000/9765402 (1.72036%)
entry 169000/9765402 (1.7306%)
entry 174000/9765402 (1.7818%)
entry 175000/9765402 (1.79204%)
entry 180000/9765402 (1.84324%)
entry 189000/9765402 (1.9354%)
entry 191000/9765402 (1.95588%)
entry 194000/9765402 (1.98661%)
entry 199000/9765402 (2.03781%)
entry 202000/9765402 (2.06853%)
entry 211000/9765402 (2.16069%)
entry 212000/9765402 (2.17093%)
entry 218000/9765402 (2.23237%)
entry 220000/9765402 (2.25285%)
entry 226000/9765402 (2.31429%)
entry 228000/9765402 (2.33477%)
entry 229000/9765402 (2.34501%)
entry 234000/9765402 (2.39621%)
entry 236000/9765402 (2.4167%)
entry 242000/9765402 (2.47814%)
entry 246000/9765402 (2.5191%)
entry 247000/9765402 (2.52934%)
entry 248000/9765402 (2.53958%)
entry 250000/9765402 (2.56006%)
entry 251000/9765402 (2.5703%)
entry 252000/9765402 (2.58054%)
entry 260000/9765402 (2.66246%)
entry 266000/9765402 (2.7239%)
entry 267000/9765402 (2.73414%)
entry 270000/9765402 (2.76486%)
entry 272000/9765402 (2.78534%)
entry 279000/9765402 (2.85703%)
entry 282000/9765402 (2.88775%)
entry 287000/9765402 (2.93895%)
entry 293000/9765402 (3.00039%)
entry 299000/9765402 (3.06183%)
entry 300000/9765402 (3.07207%)
entry 307000/9765402 (3.14375%)
entry 308000/9765402 (3.15399%)
entry 310000/9765402 (3.17447%)
entry 311000/9765402 (3.18471%)
entry 312000/9765402 (3.19495%)
entry 317000/9765402 (3.24615%)
entry 320000/9765402 (3.27687%)
entry 322000/9765402 (3.29736%)
entry 327000/9765402 (3.34856%)
entry 339000/9765402 (3.47144%)
entry 341000/9765402 (3.49192%)
entry 344000/9765402 (3.52264%)
entry 347000/9765402 (3.55336%)
entry 348000/9765402 (3.5636%)
entry 350000/9765402 (3.58408%)
entry 351000/9765402 (3.59432%)
entry 353000/9765402 (3.6148%)
entry 357000/9765402 (3.65576%)
entry 358000/9765402 (3.666%)
entry 359000/9765402 (3.67624%)
entry 365000/9765402 (3.73769%)
entry 367000/9765402 (3.75817%)
entry 368000/9765402 (3.76841%)
entry 371000/9765402 (3.79913%)
entry 385000/9765402 (3.94249%)
entry 386000/9765402 (3.95273%)
entry 387000/9765402 (3.96297%)
entry 391000/9765402 (4.00393%)
entry 393000/9765402 (4.02441%)
entry 403000/9765402 (4.12681%)
entry 409000/9765402 (4.18826%)
entry 413000/9765402 (4.22922%)
entry 430000/9765402 (4.4033%)
entry 434000/9765402 (4.44426%)
entry 438000/9765402 (4.48522%)
entry 443000/9765402 (4.53642%)
entry 452000/9765402 (4.62859%)
entry 453000/9765402 (4.63883%)
entry 460000/9765402 (4.71051%)
entry 461000/9765402 (4.72075%)
entry 462000/9765402 (4.73099%)
entry 468000/9765402 (4.79243%)
entry 478000/9765402 (4.89483%)
entry 481000/9765402 (4.92555%)
entry 490000/9765402 (5.01771%)
entry 494000/9765402 (5.05868%)
entry 495000/9765402 (5.06892%)
entry 499000/9765402 (5.10988%)
entry 501000/9765402 (5.13036%)
entry 509000/9765402 (5.21228%)
entry 527000/9765402 (5.3966%)
entry 531000/9765402 (5.43756%)
entry 533000/9765402 (5.45804%)
entry 537000/9765402 (5.49901%)
entry 544000/9765402 (5.57069%)
entry 547000/9765402 (5.60141%)
entry 548000/9765402 (5.61165%)
entry 577000/9765402 (5.90861%)
entry 580000/9765402 (5.93934%)
entry 586000/9765402 (6.00078%)
entry 588000/9765402 (6.02126%)
entry 594000/9765402 (6.0827%)
entry 595000/9765402 (6.09294%)
entry 600000/9765402 (6.14414%)
entry 603000/9765402 (6.17486%)
entry 606000/9765402 (6.20558%)
entry 610000/9765402 (6.24654%)
entry 618000/9765402 (6.32846%)
entry 619000/9765402 (6.3387%)
entry 621000/9765402 (6.35919%)
entry 625000/9765402 (6.40015%)
entry 626000/9765402 (6.41039%)
entry 634000/9765402 (6.49231%)
entry 638000/9765402 (6.53327%)
entry 640000/9765402 (6.55375%)
entry 646000/9765402 (6.61519%)
entry 650000/9765402 (6.65615%)
entry 653000/9765402 (6.68687%)
entry 658000/9765402 (6.73807%)
entry 661000/9765402 (6.76879%)
entry 663000/9765402 (6.78928%)
entry 667000/9765402 (6.83024%)
entry 682000/9765402 (6.98384%)
entry 684000/9765402 (7.00432%)
entry 686000/9765402 (7.0248%)
entry 691000/9765402 (7.076%)
entry 696000/9765402 (7.1272%)
entry 698000/9765402 (7.14768%)
entry 699000/9765402 (7.15792%)
entry 704000/9765402 (7.20912%)
entry 705000/9765402 (7.21936%)
entry 707000/9765402 (7.23985%)
entry 708000/9765402 (7.25009%)
entry 713000/9765402 (7.30129%)
entry 715000/9765402 (7.32177%)
entry 717000/9765402 (7.34225%)
entry 721000/9765402 (7.38321%)
entry 727000/9765402 (7.44465%)
entry 729000/9765402 (7.46513%)
entry 731000/9765402 (7.48561%)
entry 743000/9765402 (7.60849%)
entry 745000/9765402 (7.62897%)
entry 756000/9765402 (7.74162%)
entry 758000/9765402 (7.7621%)
entry 759000/9765402 (7.77234%)
entry 765000/9765402 (7.83378%)
entry 777000/9765402 (7.95666%)
entry 778000/9765402 (7.9669%)
entry 782000/9765402 (8.00786%)
entry 785000/9765402 (8.03858%)
entry 789000/9765402 (8.07954%)
entry 794000/9765402 (8.13075%)
entry 799000/9765402 (8.18195%)
entry 801000/9765402 (8.20243%)
entry 804000/9765402 (8.23315%)
entry 805000/9765402 (8.24339%)
entry 806000/9765402 (8.25363%)
entry 814000/9765402 (8.33555%)
entry 816000/9765402 (8.35603%)
entry 822000/9765402 (8.41747%)
entry 836000/9765402 (8.56084%)
entry 838000/9765402 (8.58132%)
entry 843000/9765402 (8.63252%)
entry 846000/9765402 (8.66324%)
entry 853000/9765402 (8.73492%)
entry 854000/9765402 (8.74516%)
entry 857000/9765402 (8.77588%)
entry 875000/9765402 (8.9602%)
entry 881000/9765402 (9.02165%)
entry 882000/9765402 (9.03189%)
entry 892000/9765402 (9.13429%)
entry 893000/9765402 (9.14453%)
entry 901000/9765402 (9.22645%)
entry 905000/9765402 (9.26741%)
entry 907000/9765402 (9.28789%)
entry 924000/9765402 (9.46198%)
entry 926000/9765402 (9.48246%)
entry 928000/9765402 (9.50294%)
entry 932000/9765402 (9.5439%)
entry 939000/9765402 (9.61558%)
entry 940000/9765402 (9.62582%)
entry 941000/9765402 (9.63606%)
entry 951000/9765402 (9.73846%)
entry 952000/9765402 (9.7487%)
entry 954000/9765402 (9.76918%)
entry 964000/9765402 (9.87159%)
entry 972000/9765402 (9.95351%)
entry 973000/9765402 (9.96375%)
entry 974000/9765402 (9.97399%)
entry 976000/9765402 (9.99447%)
entry 984000/9765402 (10.0764%)
entry 985000/9765402 (10.0866%)
entry 988000/9765402 (10.1174%)
entry 994000/9765402 (10.1788%)
entry 995000/9765402 (10.189%)
entry 1005000/9765402 (10.2914%)
entry 1008000/9765402 (10.3222%)
entry 1012000/9765402 (10.3631%)
entry 1015000/9765402 (10.3938%)
entry 1017000/9765402 (10.4143%)
entry 1024000/9765402 (10.486%)
entry 1025000/9765402 (10.4962%)
entry 1026000/9765402 (10.5065%)
entry 1029000/9765402 (10.5372%)
entry 1032000/9765402 (10.5679%)
entry 1035000/9765402 (10.5986%)
entry 1036000/9765402 (10.6089%)
entry 1038000/9765402 (10.6294%)
entry 1040000/9765402 (10.6498%)
entry 1044000/9765402 (10.6908%)
entry 1049000/9765402 (10.742%)
entry 1053000/9765402 (10.783%)
entry 1058000/9765402 (10.8342%)
entry 1062000/9765402 (10.8751%)
entry 1063000/9765402 (10.8854%)
entry 1070000/9765402 (10.9571%)
entry 1082000/9765402 (11.0799%)
entry 1085000/9765402 (11.1107%)
entry 1087000/9765402 (11.1311%)
entry 1096000/9765402 (11.2233%)
entry 1099000/9765402 (11.254%)
entry 1103000/9765402 (11.295%)
entry 1104000/9765402 (11.3052%)
entry 1111000/9765402 (11.3769%)
entry 1112000/9765402 (11.3871%)
entry 1123000/9765402 (11.4998%)
entry 1132000/9765402 (11.5919%)
entry 1139000/9765402 (11.6636%)
entry 1142000/9765402 (11.6943%)
entry 1143000/9765402 (11.7046%)
entry 1145000/9765402 (11.7251%)
entry 1146000/9765402 (11.7353%)
entry 1147000/9765402 (11.7455%)
entry 1153000/9765402 (11.807%)
entry 1165000/9765402 (11.9299%)
entry 1173000/9765402 (12.0118%)
entry 1175000/9765402 (12.0323%)
entry 1178000/9765402 (12.063%)
entry 1197000/9765402 (12.2576%)
entry 1198000/9765402 (12.2678%)
entry 1207000/9765402 (12.36%)
entry 1228000/9765402 (12.575%)
entry 1231000/9765402 (12.6057%)
entry 1237000/9765402 (12.6672%)
entry 1240000/9765402 (12.6979%)
entry 1245000/9765402 (12.7491%)
entry 1250000/9765402 (12.8003%)
entry 1251000/9765402 (12.8105%)
entry 1253000/9765402 (12.831%)
entry 1255000/9765402 (12.8515%)
entry 1270000/9765402 (13.0051%)
entry 1274000/9765402 (13.0461%)
entry 1287000/9765402 (13.1792%)
entry 1288000/9765402 (13.1894%)
entry 1289000/9765402 (13.1997%)
entry 1293000/9765402 (13.2406%)
entry 1296000/9765402 (13.2713%)
entry 1299000/9765402 (13.3021%)
entry 1304000/9765402 (13.3533%)
entry 1312000/9765402 (13.4352%)
entry 1314000/9765402 (13.4557%)
entry 1319000/9765402 (13.5069%)
entry 1320000/9765402 (13.5171%)
entry 1321000/9765402 (13.5273%)
entry 1324000/9765402 (13.5581%)
entry 1331000/9765402 (13.6298%)
entry 1340000/9765402 (13.7219%)
entry 1345000/9765402 (13.7731%)
entry 1348000/9765402 (13.8038%)
entry 1350000/9765402 (13.8243%)
entry 1353000/9765402 (13.855%)
entry 1354000/9765402 (13.8653%)
entry 1355000/9765402 (13.8755%)
entry 1359000/9765402 (13.9165%)
entry 1366000/9765402 (13.9882%)
entry 1372000/9765402 (14.0496%)
entry 1373000/9765402 (14.0598%)
entry 1374000/9765402 (14.0701%)
entry 1376000/9765402 (14.0906%)
entry 1378000/9765402 (14.111%)
entry 1380000/9765402 (14.1315%)
entry 1381000/9765402 (14.1418%)
entry 1386000/9765402 (14.193%)
entry 1389000/9765402 (14.2237%)
entry 1394000/9765402 (14.2749%)
entry 1399000/9765402 (14.3261%)
entry 1400000/9765402 (14.3363%)
entry 1402000/9765402 (14.3568%)
entry 1405000/9765402 (14.3875%)
entry 1407000/9765402 (14.408%)
entry 1412000/9765402 (14.4592%)
entry 1414000/9765402 (14.4797%)
entry 1419000/9765402 (14.5309%)
entry 1423000/9765402 (14.5719%)
entry 1429000/9765402 (14.6333%)
entry 1431000/9765402 (14.6538%)
entry 1433000/9765402 (14.6743%)
entry 1441000/9765402 (14.7562%)
entry 1442000/9765402 (14.7664%)
entry 1446000/9765402 (14.8074%)
entry 1447000/9765402 (14.8176%)
entry 1450000/9765402 (14.8483%)
entry 1453000/9765402 (14.8791%)
entry 1455000/9765402 (14.8995%)
entry 1456000/9765402 (14.9098%)
entry 1457000/9765402 (14.92%)
entry 1458000/9765402 (14.9303%)
entry 1459000/9765402 (14.9405%)
entry 1464000/9765402 (14.9917%)
entry 1465000/9765402 (15.0019%)
entry 1474000/9765402 (15.0941%)
entry 1476000/9765402 (15.1146%)
entry 1478000/9765402 (15.1351%)
entry 1481000/9765402 (15.1658%)
entry 1482000/9765402 (15.176%)
entry 1483000/9765402 (15.1863%)
entry 1484000/9765402 (15.1965%)
entry 1486000/9765402 (15.217%)
entry 1491000/9765402 (15.2682%)
entry 1493000/9765402 (15.2887%)
entry 1499000/9765402 (15.3501%)
entry 1500000/9765402 (15.3604%)
entry 1501000/9765402 (15.3706%)
entry 1504000/9765402 (15.4013%)
entry 1508000/9765402 (15.4423%)
entry 1515000/9765402 (15.514%)
entry 1517000/9765402 (15.5344%)
entry 1520000/9765402 (15.5652%)
entry 1522000/9765402 (15.5856%)
entry 1525000/9765402 (15.6164%)
entry 1531000/9765402 (15.6778%)
entry 1535000/9765402 (15.7188%)
entry 1544000/9765402 (15.8109%)
entry 1551000/9765402 (15.8826%)
entry 1554000/9765402 (15.9133%)
entry 1560000/9765402 (15.9748%)
entry 1561000/9765402 (15.985%)
entry 1565000/9765402 (16.026%)
entry 1571000/9765402 (16.0874%)
entry 1575000/9765402 (16.1284%)
entry 1577000/9765402 (16.1488%)
entry 1578000/9765402 (16.1591%)
entry 1579000/9765402 (16.1693%)
entry 1582000/9765402 (16.2%)
entry 1587000/9765402 (16.2513%)
entry 1591000/9765402 (16.2922%)
entry 1594000/9765402 (16.3229%)
entry 1595000/9765402 (16.3332%)
entry 1598000/9765402 (16.3639%)
entry 1611000/9765402 (16.497%)
entry 1614000/9765402 (16.5277%)
entry 1629000/9765402 (16.6813%)
entry 1634000/9765402 (16.7325%)
entry 1636000/9765402 (16.753%)
entry 1644000/9765402 (16.8349%)
entry 1650000/9765402 (16.8964%)
entry 1651000/9765402 (16.9066%)
entry 1652000/9765402 (16.9169%)
entry 1659000/9765402 (16.9885%)
entry 1660000/9765402 (16.9988%)
entry 1666000/9765402 (17.0602%)
entry 1670000/9765402 (17.1012%)
entry 1671000/9765402 (17.1114%)
entry 1672000/9765402 (17.1217%)
entry 1674000/9765402 (17.1422%)
entry 1691000/9765402 (17.3162%)
entry 1695000/9765402 (17.3572%)
entry 1697000/9765402 (17.3777%)
entry 1699000/9765402 (17.3982%)
entry 1702000/9765402 (17.4289%)
entry 1706000/9765402 (17.4698%)
entry 1708000/9765402 (17.4903%)
entry 1712000/9765402 (17.5313%)
entry 1715000/9765402 (17.562%)
entry 1723000/9765402 (17.6439%)
entry 1724000/9765402 (17.6542%)
entry 1725000/9765402 (17.6644%)
entry 1735000/9765402 (17.7668%)
entry 1743000/9765402 (17.8487%)
entry 1751000/9765402 (17.9306%)
entry 1753000/9765402 (17.9511%)
entry 1762000/9765402 (18.0433%)
entry 1763000/9765402 (18.0535%)
entry 1769000/9765402 (18.115%)
entry 1774000/9765402 (18.1662%)
entry 1777000/9765402 (18.1969%)
entry 1778000/9765402 (18.2071%)
entry 1783000/9765402 (18.2583%)
entry 1786000/9765402 (18.2891%)
entry 1791000/9765402 (18.3403%)
entry 1793000/9765402 (18.3607%)
entry 1797000/9765402 (18.4017%)
entry 1804000/9765402 (18.4734%)
entry 1806000/9765402 (18.4939%)
entry 1807000/9765402 (18.5041%)
entry 1809000/9765402 (18.5246%)
entry 1813000/9765402 (18.5655%)
entry 1814000/9765402 (18.5758%)
entry 1818000/9765402 (18.6167%)
entry 1821000/9765402 (18.6475%)
entry 1825000/9765402 (18.6884%)
entry 1827000/9765402 (18.7089%)
entry 1832000/9765402 (18.7601%)
entry 1836000/9765402 (18.8011%)
entry 1838000/9765402 (18.8215%)
entry 1839000/9765402 (18.8318%)
entry 1849000/9765402 (18.9342%)
entry 1851000/9765402 (18.9547%)
entry 1854000/9765402 (18.9854%)
entry 1855000/9765402 (18.9956%)
entry 1859000/9765402 (19.0366%)
entry 1864000/9765402 (19.0878%)
entry 1869000/9765402 (19.139%)
entry 1871000/9765402 (19.1595%)
entry 1874000/9765402 (19.1902%)
entry 1876000/9765402 (19.2107%)
entry 1878000/9765402 (19.2312%)
entry 1879000/9765402 (19.2414%)
entry 1890000/9765402 (19.354%)
entry 1893000/9765402 (19.3848%)
entry 1896000/9765402 (19.4155%)
entry 1902000/9765402 (19.4769%)
entry 1916000/9765402 (19.6203%)
entry 1917000/9765402 (19.6305%)
entry 1918000/9765402 (19.6408%)
entry 1919000/9765402 (19.651%)
entry 1923000/9765402 (19.692%)
entry 1932000/9765402 (19.7841%)
entry 1933000/9765402 (19.7944%)
entry 1936000/9765402 (19.8251%)
entry 1937000/9765402 (19.8353%)
entry 1944000/9765402 (19.907%)
entry 1948000/9765402 (19.948%)
entry 1957000/9765402 (20.0401%)
entry 1958000/9765402 (20.0504%)
entry 1959000/9765402 (20.0606%)
entry 1971000/9765402 (20.1835%)
entry 1972000/9765402 (20.1937%)
entry 1973000/9765402 (20.204%)
entry 1977000/9765402 (20.2449%)
entry 1982000/9765402 (20.2961%)
entry 1985000/9765402 (20.3269%)
entry 1990000/9765402 (20.3781%)
entry 1991000/9765402 (20.3883%)
entry 1995000/9765402 (20.4293%)
entry 1999000/9765402 (20.4702%)
entry 2000000/9765402 (20.4805%)
entry 2004000/9765402 (20.5214%)
entry 2009000/9765402 (20.5726%)
entry 2015000/9765402 (20.6341%)
entry 2021000/9765402 (20.6955%)
entry 2026000/9765402 (20.7467%)
entry 2027000/9765402 (20.757%)
entry 2033000/9765402 (20.8184%)
entry 2038000/9765402 (20.8696%)
entry 2047000/9765402 (20.9618%)
entry 2053000/9765402 (21.0232%)
entry 2059000/9765402 (21.0846%)
entry 2060000/9765402 (21.0949%)
entry 2072000/9765402 (21.2178%)
entry 2073000/9765402 (21.228%)
entry 2076000/9765402 (21.2587%)
entry 2079000/9765402 (21.2894%)
entry 2080000/9765402 (21.2997%)
entry 2095000/9765402 (21.4533%)
entry 2096000/9765402 (21.4635%)
entry 2098000/9765402 (21.484%)
entry 2104000/9765402 (21.5455%)
entry 2106000/9765402 (21.5659%)
entry 2109000/9765402 (21.5967%)
entry 2111000/9765402 (21.6171%)
entry 2115000/9765402 (21.6581%)
entry 2117000/9765402 (21.6786%)
entry 2119000/9765402 (21.6991%)
entry 2127000/9765402 (21.781%)
entry 2128000/9765402 (21.7912%)
entry 2132000/9765402 (21.8322%)
entry 2135000/9765402 (21.8629%)
entry 2143000/9765402 (21.9448%)
entry 2147000/9765402 (21.9858%)
entry 2148000/9765402 (21.996%)
entry 2153000/9765402 (22.0472%)
entry 2156000/9765402 (22.0779%)
entry 2166000/9765402 (22.1803%)
entry 2169000/9765402 (22.2111%)
entry 2170000/9765402 (22.2213%)
entry 2175000/9765402 (22.2725%)
entry 2184000/9765402 (22.3647%)
entry 2191000/9765402 (22.4364%)
entry 2197000/9765402 (22.4978%)
entry 2200000/9765402 (22.5285%)
entry 2203000/9765402 (22.5592%)
entry 2205000/9765402 (22.5797%)
entry 2208000/9765402 (22.6104%)
entry 2212000/9765402 (22.6514%)
entry 2215000/9765402 (22.6821%)
entry 2216000/9765402 (22.6924%)
entry 2220000/9765402 (22.7333%)
entry 2221000/9765402 (22.7436%)
entry 2224000/9765402 (22.7743%)
entry 2225000/9765402 (22.7845%)
entry 2228000/9765402 (22.8152%)
entry 2234000/9765402 (22.8767%)
entry 2236000/9765402 (22.8972%)
entry 2241000/9765402 (22.9484%)
entry 2242000/9765402 (22.9586%)
entry 2245000/9765402 (22.9893%)
entry 2252000/9765402 (23.061%)
entry 2257000/9765402 (23.1122%)
entry 2258000/9765402 (23.1224%)
entry 2261000/9765402 (23.1532%)
entry 2266000/9765402 (23.2044%)
entry 2269000/9765402 (23.2351%)
entry 2270000/9765402 (23.2453%)
entry 2271000/9765402 (23.2556%)
entry 2272000/9765402 (23.2658%)
entry 2277000/9765402 (23.317%)
entry 2278000/9765402 (23.3273%)
entry 2279000/9765402 (23.3375%)
entry 2281000/9765402 (23.358%)
entry 2290000/9765402 (23.4501%)
entry 2291000/9765402 (23.4604%)
entry 2295000/9765402 (23.5013%)
entry 2299000/9765402 (23.5423%)
entry 2302000/9765402 (23.573%)
entry 2303000/9765402 (23.5833%)
entry 2305000/9765402 (23.6037%)
entry 2306000/9765402 (23.614%)
entry 2311000/9765402 (23.6652%)
entry 2317000/9765402 (23.7266%)
entry 2326000/9765402 (23.8188%)
entry 2330000/9765402 (23.8597%)
entry 2333000/9765402 (23.8905%)
entry 2339000/9765402 (23.9519%)
entry 2340000/9765402 (23.9621%)
entry 2348000/9765402 (24.0441%)
entry 2349000/9765402 (24.0543%)
entry 2361000/9765402 (24.1772%)
entry 2366000/9765402 (24.2284%)
entry 2379000/9765402 (24.3615%)
entry 2381000/9765402 (24.382%)
entry 2387000/9765402 (24.4434%)
entry 2389000/9765402 (24.4639%)
entry 2390000/9765402 (24.4742%)
entry 2398000/9765402 (24.5561%)
entry 2401000/9765402 (24.5868%)
entry 2405000/9765402 (24.6278%)
entry 2408000/9765402 (24.6585%)
entry 2413000/9765402 (24.7097%)
entry 2417000/9765402 (24.7506%)
entry 2419000/9765402 (24.7711%)
entry 2421000/9765402 (24.7916%)
entry 2432000/9765402 (24.9042%)
entry 2433000/9765402 (24.9145%)
entry 2442000/9765402 (25.0067%)
entry 2445000/9765402 (25.0374%)
entry 2455000/9765402 (25.1398%)
entry 2456000/9765402 (25.15%)
entry 2457000/9765402 (25.1603%)
entry 2459000/9765402 (25.1807%)
entry 2470000/9765402 (25.2934%)
entry 2478000/9765402 (25.3753%)
entry 2484000/9765402 (25.4367%)
entry 2485000/9765402 (25.447%)
entry 2497000/9765402 (25.5699%)
entry 2503000/9765402 (25.6313%)
entry 2508000/9765402 (25.6825%)
entry 2515000/9765402 (25.7542%)
entry 2516000/9765402 (25.7644%)
entry 2517000/9765402 (25.7747%)
entry 2523000/9765402 (25.8361%)
entry 2525000/9765402 (25.8566%)
entry 2529000/9765402 (25.8976%)
entry 2532000/9765402 (25.9283%)
entry 2537000/9765402 (25.9795%)
entry 2543000/9765402 (26.0409%)
entry 2546000/9765402 (26.0716%)
entry 2550000/9765402 (26.1126%)
entry 2552000/9765402 (26.1331%)
entry 2554000/9765402 (26.1536%)
entry 2555000/9765402 (26.1638%)
entry 2560000/9765402 (26.215%)
entry 2561000/9765402 (26.2252%)
entry 2564000/9765402 (26.256%)
entry 2567000/9765402 (26.2867%)
entry 2570000/9765402 (26.3174%)
entry 2571000/9765402 (26.3276%)
entry 2578000/9765402 (26.3993%)
entry 2581000/9765402 (26.43%)
entry 2584000/9765402 (26.4608%)
entry 2597000/9765402 (26.5939%)
entry 2600000/9765402 (26.6246%)
entry 2606000/9765402 (26.686%)
entry 2608000/9765402 (26.7065%)
entry 2609000/9765402 (26.7168%)
entry 2612000/9765402 (26.7475%)
entry 2615000/9765402 (26.7782%)
entry 2620000/9765402 (26.8294%)
entry 2625000/9765402 (26.8806%)
entry 2626000/9765402 (26.8909%)
entry 2628000/9765402 (26.9113%)
entry 2638000/9765402 (27.0137%)
entry 2640000/9765402 (27.0342%)
entry 2647000/9765402 (27.1059%)
entry 2651000/9765402 (27.1469%)
entry 2657000/9765402 (27.2083%)
entry 2662000/9765402 (27.2595%)
entry 2666000/9765402 (27.3005%)
entry 2671000/9765402 (27.3517%)
entry 2672000/9765402 (27.3619%)
entry 2673000/9765402 (27.3721%)
entry 2685000/9765402 (27.495%)
entry 2689000/9765402 (27.536%)
entry 2693000/9765402 (27.577%)
entry 2695000/9765402 (27.5974%)
entry 2696000/9765402 (27.6077%)
entry 2700000/9765402 (27.6486%)
entry 2701000/9765402 (27.6589%)
entry 2706000/9765402 (27.7101%)
entry 2709000/9765402 (27.7408%)
entry 2710000/9765402 (27.751%)
entry 2715000/9765402 (27.8022%)
entry 2732000/9765402 (27.9763%)
entry 2738000/9765402 (28.0378%)
entry 2742000/9765402 (28.0787%)
entry 2746000/9765402 (28.1197%)
entry 2747000/9765402 (28.1299%)
entry 2754000/9765402 (28.2016%)
entry 2764000/9765402 (28.304%)
entry 2768000/9765402 (28.345%)
entry 2774000/9765402 (28.4064%)
entry 2776000/9765402 (28.4269%)
entry 2785000/9765402 (28.5191%)
entry 2789000/9765402 (28.56%)
entry 2790000/9765402 (28.5703%)
entry 2792000/9765402 (28.5907%)
entry 2796000/9765402 (28.6317%)
entry 2800000/9765402 (28.6727%)
entry 2802000/9765402 (28.6931%)
entry 2803000/9765402 (28.7034%)
entry 2807000/9765402 (28.7443%)
entry 2809000/9765402 (28.7648%)
entry 2819000/9765402 (28.8672%)
entry 2828000/9765402 (28.9594%)
entry 2830000/9765402 (28.9799%)
entry 2845000/9765402 (29.1335%)
entry 2846000/9765402 (29.1437%)
entry 2850000/9765402 (29.1847%)
entry 2851000/9765402 (29.1949%)
entry 2857000/9765402 (29.2563%)
entry 2859000/9765402 (29.2768%)
entry 2867000/9765402 (29.3588%)
entry 2872000/9765402 (29.41%)
entry 2875000/9765402 (29.4407%)
entry 2877000/9765402 (29.4612%)
entry 2887000/9765402 (29.5636%)
entry 2912000/9765402 (29.8196%)
entry 2913000/9765402 (29.8298%)
entry 2921000/9765402 (29.9117%)
entry 2922000/9765402 (29.922%)
entry 2923000/9765402 (29.9322%)
entry 2926000/9765402 (29.9629%)
entry 2936000/9765402 (30.0653%)
entry 2937000/9765402 (30.0756%)
entry 2940000/9765402 (30.1063%)
entry 2941000/9765402 (30.1165%)
entry 2943000/9765402 (30.137%)
entry 2946000/9765402 (30.1677%)
entry 2950000/9765402 (30.2087%)
entry 2956000/9765402 (30.2701%)
entry 2959000/9765402 (30.3009%)
entry 2961000/9765402 (30.3213%)
entry 2963000/9765402 (30.3418%)
entry 2969000/9765402 (30.4033%)
entry 2973000/9765402 (30.4442%)
entry 2982000/9765402 (30.5364%)
entry 2985000/9765402 (30.5671%)
entry 2988000/9765402 (30.5978%)
entry 3002000/9765402 (30.7412%)
entry 3003000/9765402 (30.7514%)
entry 3005000/9765402 (30.7719%)
entry 3007000/9765402 (30.7924%)
entry 3010000/9765402 (30.8231%)
entry 3011000/9765402 (30.8333%)
entry 3016000/9765402 (30.8845%)
entry 3017000/9765402 (30.8948%)
entry 3019000/9765402 (30.9153%)
entry 3020000/9765402 (30.9255%)
entry 3021000/9765402 (30.9357%)
entry 3023000/9765402 (30.9562%)
entry 3025000/9765402 (30.9767%)
entry 3029000/9765402 (31.0177%)
entry 3033000/9765402 (31.0586%)
entry 3034000/9765402 (31.0689%)
entry 3035000/9765402 (31.0791%)
entry 3038000/9765402 (31.1098%)
entry 3040000/9765402 (31.1303%)
entry 3041000/9765402 (31.1406%)
entry 3046000/9765402 (31.1918%)
entry 3051000/9765402 (31.243%)
entry 3055000/9765402 (31.2839%)
entry 3064000/9765402 (31.3761%)
entry 3065000/9765402 (31.3863%)
entry 3068000/9765402 (31.417%)
entry 3080000/9765402 (31.5399%)
entry 3081000/9765402 (31.5502%)
entry 3090000/9765402 (31.6423%)
entry 3107000/9765402 (31.8164%)
entry 3112000/9765402 (31.8676%)
entry 3120000/9765402 (31.9495%)
entry 3122000/9765402 (31.97%)
entry 3124000/9765402 (31.9905%)
entry 3128000/9765402 (32.0315%)
entry 3131000/9765402 (32.0622%)
entry 3142000/9765402 (32.1748%)
entry 3146000/9765402 (32.2158%)
entry 3153000/9765402 (32.2875%)
entry 3154000/9765402 (32.2977%)
entry 3155000/9765402 (32.3079%)
entry 3157000/9765402 (32.3284%)
entry 3158000/9765402 (32.3387%)
entry 3165000/9765402 (32.4103%)
entry 3170000/9765402 (32.4615%)
entry 3171000/9765402 (32.4718%)
entry 3172000/9765402 (32.482%)
entry 3178000/9765402 (32.5435%)
entry 3182000/9765402 (32.5844%)
entry 3183000/9765402 (32.5947%)
entry 3186000/9765402 (32.6254%)
entry 3194000/9765402 (32.7073%)
entry 3198000/9765402 (32.7483%)
entry 3202000/9765402 (32.7892%)
entry 3203000/9765402 (32.7995%)
entry 3212000/9765402 (32.8916%)
entry 3215000/9765402 (32.9224%)
entry 3217000/9765402 (32.9428%)
entry 3221000/9765402 (32.9838%)
entry 3228000/9765402 (33.0555%)
entry 3229000/9765402 (33.0657%)
entry 3233000/9765402 (33.1067%)
entry 3234000/9765402 (33.1169%)
entry 3237000/9765402 (33.1476%)
entry 3242000/9765402 (33.1988%)
entry 3253000/9765402 (33.3115%)
entry 3255000/9765402 (33.332%)
entry 3265000/9765402 (33.4344%)
entry 3266000/9765402 (33.4446%)
entry 3268000/9765402 (33.4651%)
entry 3273000/9765402 (33.5163%)
entry 3274000/9765402 (33.5265%)
entry 3277000/9765402 (33.5572%)
entry 3279000/9765402 (33.5777%)
entry 3281000/9765402 (33.5982%)
entry 3285000/9765402 (33.6392%)
entry 3288000/9765402 (33.6699%)
entry 3289000/9765402 (33.6801%)
entry 3290000/9765402 (33.6904%)
entry 3292000/9765402 (33.7108%)
entry 3295000/9765402 (33.7416%)
entry 3298000/9765402 (33.7723%)
entry 3301000/9765402 (33.803%)
entry 3310000/9765402 (33.8952%)
entry 3312000/9765402 (33.9157%)
entry 3320000/9765402 (33.9976%)
entry 3333000/9765402 (34.1307%)
entry 3334000/9765402 (34.1409%)
entry 3338000/9765402 (34.1819%)
entry 3340000/9765402 (34.2024%)
entry 3349000/9765402 (34.2945%)
entry 3354000/9765402 (34.3457%)
entry 3355000/9765402 (34.356%)
entry 3356000/9765402 (34.3662%)
entry 3357000/9765402 (34.3765%)
entry 3358000/9765402 (34.3867%)
entry 3364000/9765402 (34.4481%)
entry 3365000/9765402 (34.4584%)
entry 3367000/9765402 (34.4789%)
entry 3372000/9765402 (34.5301%)
entry 3374000/9765402 (34.5505%)
entry 3383000/9765402 (34.6427%)
entry 3385000/9765402 (34.6632%)
entry 3392000/9765402 (34.7349%)
entry 3396000/9765402 (34.7758%)
entry 3397000/9765402 (34.7861%)
entry 3398000/9765402 (34.7963%)
entry 3399000/9765402 (34.8066%)
entry 3405000/9765402 (34.868%)
entry 3417000/9765402 (34.9909%)
entry 3424000/9765402 (35.0626%)
entry 3426000/9765402 (35.083%)
entry 3430000/9765402 (35.124%)
entry 3433000/9765402 (35.1547%)
entry 3435000/9765402 (35.1752%)
entry 3437000/9765402 (35.1957%)
entry 3446000/9765402 (35.2878%)
entry 3450000/9765402 (35.3288%)
entry 3453000/9765402 (35.3595%)
entry 3455000/9765402 (35.38%)
entry 3458000/9765402 (35.4107%)
entry 3460000/9765402 (35.4312%)
entry 3462000/9765402 (35.4517%)
entry 3464000/9765402 (35.4722%)
entry 3473000/9765402 (35.5643%)
entry 3482000/9765402 (35.6565%)
entry 3486000/9765402 (35.6975%)
entry 3498000/9765402 (35.8203%)
entry 3499000/9765402 (35.8306%)
entry 3502000/9765402 (35.8613%)
entry 3516000/9765402 (36.0047%)
entry 3517000/9765402 (36.0149%)
entry 3523000/9765402 (36.0763%)
entry 3527000/9765402 (36.1173%)
entry 3529000/9765402 (36.1378%)
entry 3531000/9765402 (36.1583%)
entry 3537000/9765402 (36.2197%)
entry 3541000/9765402 (36.2607%)
entry 3547000/9765402 (36.3221%)
entry 3552000/9765402 (36.3733%)
entry 3553000/9765402 (36.3836%)
entry 3554000/9765402 (36.3938%)
entry 3555000/9765402 (36.404%)
entry 3565000/9765402 (36.5064%)
entry 3570000/9765402 (36.5576%)
entry 3571000/9765402 (36.5679%)
entry 3574000/9765402 (36.5986%)
entry 3575000/9765402 (36.6088%)
entry 3588000/9765402 (36.742%)
entry 3593000/9765402 (36.7932%)
entry 3595000/9765402 (36.8136%)
entry 3602000/9765402 (36.8853%)
entry 3606000/9765402 (36.9263%)
entry 3609000/9765402 (36.957%)
entry 3611000/9765402 (36.9775%)
entry 3618000/9765402 (37.0492%)
entry 3619000/9765402 (37.0594%)
entry 3623000/9765402 (37.1004%)
entry 3631000/9765402 (37.1823%)
entry 3632000/9765402 (37.1925%)
entry 3633000/9765402 (37.2028%)
entry 3635000/9765402 (37.2232%)
entry 3639000/9765402 (37.2642%)
entry 3646000/9765402 (37.3359%)
entry 3647000/9765402 (37.3461%)
entry 3649000/9765402 (37.3666%)
entry 3654000/9765402 (37.4178%)
entry 3657000/9765402 (37.4485%)
entry 3659000/9765402 (37.469%)
entry 3661000/9765402 (37.4895%)
entry 3663000/9765402 (37.51%)
entry 3665000/9765402 (37.5305%)
entry 3666000/9765402 (37.5407%)
entry 3667000/9765402 (37.5509%)
entry 3670000/9765402 (37.5817%)
entry 3672000/9765402 (37.6021%)
entry 3674000/9765402 (37.6226%)
entry 3681000/9765402 (37.6943%)
entry 3693000/9765402 (37.8172%)
entry 3697000/9765402 (37.8581%)
entry 3698000/9765402 (37.8684%)
entry 3702000/9765402 (37.9093%)
entry 3703000/9765402 (37.9196%)
entry 3705000/9765402 (37.9401%)
entry 3706000/9765402 (37.9503%)
entry 3713000/9765402 (38.022%)
entry 3724000/9765402 (38.1346%)
entry 3725000/9765402 (38.1449%)
entry 3726000/9765402 (38.1551%)
entry 3729000/9765402 (38.1858%)
entry 3734000/9765402 (38.237%)
entry 3735000/9765402 (38.2473%)
entry 3749000/9765402 (38.3906%)
entry 3750000/9765402 (38.4009%)
entry 3757000/9765402 (38.4726%)
entry 3763000/9765402 (38.534%)
entry 3770000/9765402 (38.6057%)
entry 3773000/9765402 (38.6364%)
entry 3782000/9765402 (38.7286%)
entry 3784000/9765402 (38.749%)
entry 3798000/9765402 (38.8924%)
entry 3809000/9765402 (39.0051%)
entry 3810000/9765402 (39.0153%)
entry 3811000/9765402 (39.0255%)
entry 3813000/9765402 (39.046%)
entry 3820000/9765402 (39.1177%)
entry 3822000/9765402 (39.1382%)
entry 3824000/9765402 (39.1587%)
entry 3826000/9765402 (39.1791%)
entry 3829000/9765402 (39.2099%)
entry 3837000/9765402 (39.2918%)
entry 3839000/9765402 (39.3123%)
entry 3842000/9765402 (39.343%)
entry 3853000/9765402 (39.4556%)
entry 3854000/9765402 (39.4659%)
entry 3855000/9765402 (39.4761%)
entry 3857000/9765402 (39.4966%)
entry 3861000/9765402 (39.5375%)
entry 3863000/9765402 (39.558%)
entry 3866000/9765402 (39.5887%)
entry 3875000/9765402 (39.6809%)
entry 3882000/9765402 (39.7526%)
entry 3884000/9765402 (39.7731%)
entry 3896000/9765402 (39.896%)
entry 3898000/9765402 (39.9164%)
entry 3900000/9765402 (39.9369%)
entry 3904000/9765402 (39.9779%)
entry 3905000/9765402 (39.9881%)
entry 3909000/9765402 (40.0291%)
entry 3911000/9765402 (40.0496%)
entry 3912000/9765402 (40.0598%)
entry 3913000/9765402 (40.07%)
entry 3919000/9765402 (40.1315%)
entry 3924000/9765402 (40.1827%)
entry 3925000/9765402 (40.1929%)
entry 3928000/9765402 (40.2236%)
entry 3931000/9765402 (40.2544%)
entry 3939000/9765402 (40.3363%)
entry 3944000/9765402 (40.3875%)
entry 3945000/9765402 (40.3977%)
entry 3947000/9765402 (40.4182%)
entry 3949000/9765402 (40.4387%)
entry 3961000/9765402 (40.5616%)
entry 3966000/9765402 (40.6128%)
entry 3971000/9765402 (40.664%)
entry 3975000/9765402 (40.7049%)
entry 3977000/9765402 (40.7254%)
entry 3978000/9765402 (40.7357%)
entry 3995000/9765402 (40.9097%)
entry 3998000/9765402 (40.9405%)
entry 4004000/9765402 (41.0019%)
entry 4007000/9765402 (41.0326%)
entry 4009000/9765402 (41.0531%)
entry 4011000/9765402 (41.0736%)
entry 4012000/9765402 (41.0838%)
entry 4025000/9765402 (41.2169%)
entry 4028000/9765402 (41.2477%)
entry 4029000/9765402 (41.2579%)
entry 4030000/9765402 (41.2681%)
entry 4032000/9765402 (41.2886%)
entry 4033000/9765402 (41.2989%)
entry 4037000/9765402 (41.3398%)
entry 4041000/9765402 (41.3808%)
entry 4048000/9765402 (41.4525%)
entry 4050000/9765402 (41.4729%)
entry 4058000/9765402 (41.5549%)
entry 4061000/9765402 (41.5856%)
entry 4069000/9765402 (41.6675%)
entry 4073000/9765402 (41.7085%)
entry 4074000/9765402 (41.7187%)
entry 4081000/9765402 (41.7904%)
entry 4090000/9765402 (41.8826%)
entry 4092000/9765402 (41.903%)
entry 4099000/9765402 (41.9747%)
entry 4100000/9765402 (41.985%)
entry 4106000/9765402 (42.0464%)
entry 4109000/9765402 (42.0771%)
entry 4111000/9765402 (42.0976%)
entry 4118000/9765402 (42.1693%)
entry 4128000/9765402 (42.2717%)
entry 4131000/9765402 (42.3024%)
entry 4134000/9765402 (42.3331%)
entry 4141000/9765402 (42.4048%)
entry 4145000/9765402 (42.4458%)
entry 4155000/9765402 (42.5482%)
entry 4157000/9765402 (42.5687%)
entry 4159000/9765402 (42.5891%)
entry 4166000/9765402 (42.6608%)
entry 4169000/9765402 (42.6915%)
entry 4172000/9765402 (42.7223%)
entry 4173000/9765402 (42.7325%)
entry 4176000/9765402 (42.7632%)
entry 4179000/9765402 (42.7939%)
entry 4181000/9765402 (42.8144%)
entry 4199000/9765402 (42.9987%)
entry 4204000/9765402 (43.0499%)
entry 4206000/9765402 (43.0704%)
entry 4209000/9765402 (43.1011%)
entry 4216000/9765402 (43.1728%)
entry 4220000/9765402 (43.2138%)
entry 4225000/9765402 (43.265%)
entry 4226000/9765402 (43.2752%)
entry 4232000/9765402 (43.3367%)
entry 4233000/9765402 (43.3469%)
entry 4239000/9765402 (43.4084%)
entry 4243000/9765402 (43.4493%)
entry 4251000/9765402 (43.5312%)
entry 4254000/9765402 (43.562%)
entry 4257000/9765402 (43.5927%)
entry 4258000/9765402 (43.6029%)
entry 4263000/9765402 (43.6541%)
entry 4266000/9765402 (43.6848%)
entry 4268000/9765402 (43.7053%)
entry 4269000/9765402 (43.7156%)
entry 4284000/9765402 (43.8692%)
entry 4288000/9765402 (43.9101%)
entry 4301000/9765402 (44.0432%)
entry 4302000/9765402 (44.0535%)
entry 4305000/9765402 (44.0842%)
entry 4306000/9765402 (44.0944%)
entry 4307000/9765402 (44.1047%)
entry 4313000/9765402 (44.1661%)
entry 4318000/9765402 (44.2173%)
entry 4320000/9765402 (44.2378%)
entry 4321000/9765402 (44.2481%)
entry 4327000/9765402 (44.3095%)
entry 4328000/9765402 (44.3197%)
entry 4343000/9765402 (44.4733%)
entry 4351000/9765402 (44.5553%)
entry 4354000/9765402 (44.586%)
entry 4356000/9765402 (44.6065%)
entry 4358000/9765402 (44.6269%)
entry 4359000/9765402 (44.6372%)
entry 4362000/9765402 (44.6679%)
entry 4363000/9765402 (44.6781%)
entry 4364000/9765402 (44.6884%)
entry 4365000/9765402 (44.6986%)
entry 4368000/9765402 (44.7293%)
entry 4371000/9765402 (44.7601%)
entry 4374000/9765402 (44.7908%)
entry 4378000/9765402 (44.8317%)
entry 4381000/9765402 (44.8625%)
entry 4391000/9765402 (44.9649%)
entry 4398000/9765402 (45.0365%)
entry 4400000/9765402 (45.057%)
entry 4401000/9765402 (45.0673%)
entry 4405000/9765402 (45.1082%)
entry 4410000/9765402 (45.1594%)
entry 4414000/9765402 (45.2004%)
entry 4428000/9765402 (45.3438%)
entry 4432000/9765402 (45.3847%)
entry 4445000/9765402 (45.5178%)
entry 4446000/9765402 (45.5281%)
entry 4447000/9765402 (45.5383%)
entry 4449000/9765402 (45.5588%)
entry 4452000/9765402 (45.5895%)
entry 4461000/9765402 (45.6817%)
entry 4464000/9765402 (45.7124%)
entry 4467000/9765402 (45.7431%)
entry 4469000/9765402 (45.7636%)
entry 4470000/9765402 (45.7738%)
entry 4472000/9765402 (45.7943%)
entry 4478000/9765402 (45.8558%)
entry 4479000/9765402 (45.866%)
entry 4491000/9765402 (45.9889%)
entry 4493000/9765402 (46.0094%)
entry 4494000/9765402 (46.0196%)
entry 4497000/9765402 (46.0503%)
entry 4502000/9765402 (46.1015%)
entry 4503000/9765402 (46.1118%)
entry 4508000/9765402 (46.163%)
entry 4512000/9765402 (46.2039%)
entry 4514000/9765402 (46.2244%)
entry 4521000/9765402 (46.2961%)
entry 4528000/9765402 (46.3678%)
entry 4540000/9765402 (46.4907%)
entry 4545000/9765402 (46.5419%)
entry 4555000/9765402 (46.6443%)
entry 4556000/9765402 (46.6545%)
entry 4557000/9765402 (46.6647%)
entry 4559000/9765402 (46.6852%)
entry 4563000/9765402 (46.7262%)
entry 4575000/9765402 (46.8491%)
entry 4586000/9765402 (46.9617%)
entry 4591000/9765402 (47.0129%)
entry 4596000/9765402 (47.0641%)
entry 4597000/9765402 (47.0744%)
entry 4600000/9765402 (47.1051%)
entry 4602000/9765402 (47.1256%)
entry 4605000/9765402 (47.1563%)
entry 4606000/9765402 (47.1665%)
entry 4611000/9765402 (47.2177%)
entry 4612000/9765402 (47.228%)
entry 4626000/9765402 (47.3713%)
entry 4627000/9765402 (47.3816%)
entry 4632000/9765402 (47.4328%)
entry 4637000/9765402 (47.484%)
entry 4642000/9765402 (47.5352%)
entry 4643000/9765402 (47.5454%)
entry 4650000/9765402 (47.6171%)
entry 4657000/9765402 (47.6888%)
entry 4659000/9765402 (47.7093%)
entry 4660000/9765402 (47.7195%)
entry 4664000/9765402 (47.7605%)
entry 4665000/9765402 (47.7707%)
entry 4667000/9765402 (47.7912%)
entry 4670000/9765402 (47.8219%)
entry 4671000/9765402 (47.8321%)
entry 4673000/9765402 (47.8526%)
entry 4674000/9765402 (47.8629%)
entry 4676000/9765402 (47.8833%)
entry 4679000/9765402 (47.9141%)
entry 4680000/9765402 (47.9243%)
entry 4690000/9765402 (48.0267%)
entry 4692000/9765402 (48.0472%)
entry 4704000/9765402 (48.1701%)
entry 4706000/9765402 (48.1905%)
entry 4710000/9765402 (48.2315%)
entry 4713000/9765402 (48.2622%)
entry 4714000/9765402 (48.2725%)
entry 4719000/9765402 (48.3237%)
entry 4727000/9765402 (48.4056%)
entry 4729000/9765402 (48.4261%)
entry 4740000/9765402 (48.5387%)
entry 4741000/9765402 (48.5489%)
entry 4743000/9765402 (48.5694%)
entry 4744000/9765402 (48.5797%)
entry 4756000/9765402 (48.7026%)
entry 4757000/9765402 (48.7128%)
entry 4761000/9765402 (48.7538%)
entry 4762000/9765402 (48.764%)
entry 4768000/9765402 (48.8254%)
entry 4771000/9765402 (48.8562%)
entry 4778000/9765402 (48.9278%)
entry 4779000/9765402 (48.9381%)
entry 4780000/9765402 (48.9483%)
entry 4782000/9765402 (48.9688%)
entry 4783000/9765402 (48.979%)
entry 4789000/9765402 (49.0405%)
entry 4792000/9765402 (49.0712%)
entry 4799000/9765402 (49.1429%)
entry 4806000/9765402 (49.2146%)
entry 4810000/9765402 (49.2555%)
entry 4822000/9765402 (49.3784%)
entry 4823000/9765402 (49.3886%)
entry 4828000/9765402 (49.4399%)
entry 4834000/9765402 (49.5013%)
entry 4841000/9765402 (49.573%)
entry 4844000/9765402 (49.6037%)
entry 4847000/9765402 (49.6344%)
entry 4848000/9765402 (49.6447%)
entry 4851000/9765402 (49.6754%)
entry 4854000/9765402 (49.7061%)
entry 4857000/9765402 (49.7368%)
entry 4858000/9765402 (49.7471%)
entry 4866000/9765402 (49.829%)
entry 4869000/9765402 (49.8597%)
entry 4870000/9765402 (49.8699%)
entry 4878000/9765402 (49.9519%)
entry 4882000/9765402 (49.9928%)
entry 4883000/9765402 (50.0031%)
entry 4893000/9765402 (50.1055%)
entry 4895000/9765402 (50.1259%)
entry 4908000/9765402 (50.2591%)
entry 4915000/9765402 (50.3308%)
entry 4920000/9765402 (50.382%)
entry 4924000/9765402 (50.4229%)
entry 4931000/9765402 (50.4946%)
entry 4933000/9765402 (50.5151%)
entry 4934000/9765402 (50.5253%)
entry 4945000/9765402 (50.638%)
entry 4947000/9765402 (50.6584%)
entry 4948000/9765402 (50.6687%)
entry 4951000/9765402 (50.6994%)
entry 4956000/9765402 (50.7506%)
entry 4958000/9765402 (50.7711%)
entry 4961000/9765402 (50.8018%)
entry 4967000/9765402 (50.8632%)
entry 4970000/9765402 (50.894%)
entry 4974000/9765402 (50.9349%)
entry 4995000/9765402 (51.15%)
entry 4996000/9765402 (51.1602%)
entry 4999000/9765402 (51.1909%)
entry 5000000/9765402 (51.2012%)
entry 5003000/9765402 (51.2319%)
entry 5006000/9765402 (51.2626%)
entry 5015000/9765402 (51.3548%)
entry 5021000/9765402 (51.4162%)
entry 5022000/9765402 (51.4265%)
entry 5023000/9765402 (51.4367%)
entry 5033000/9765402 (51.5391%)
entry 5037000/9765402 (51.5801%)
entry 5038000/9765402 (51.5903%)
entry 5041000/9765402 (51.621%)
entry 5045000/9765402 (51.662%)
entry 5052000/9765402 (51.7337%)
entry 5060000/9765402 (51.8156%)
entry 5070000/9765402 (51.918%)
entry 5075000/9765402 (51.9692%)
entry 5081000/9765402 (52.0306%)
entry 5087000/9765402 (52.0921%)
entry 5088000/9765402 (52.1023%)
entry 5091000/9765402 (52.133%)
entry 5097000/9765402 (52.1945%)
entry 5106000/9765402 (52.2866%)
entry 5108000/9765402 (52.3071%)
entry 5111000/9765402 (52.3378%)
entry 5113000/9765402 (52.3583%)
entry 5116000/9765402 (52.389%)
entry 5125000/9765402 (52.4812%)
entry 5129000/9765402 (52.5222%)
entry 5134000/9765402 (52.5734%)
entry 5140000/9765402 (52.6348%)
entry 5148000/9765402 (52.7167%)
entry 5149000/9765402 (52.727%)
entry 5151000/9765402 (52.7474%)
entry 5152000/9765402 (52.7577%)
entry 5155000/9765402 (52.7884%)
entry 5161000/9765402 (52.8498%)
