sphnx1497.sdcc.bnl.gov
rsyncing from /gpfs/mnt/gpfs02/sphenix/user/samfred/run25/ppg11/histmaking
running: /gpfs/mnt/gpfs02/sphenix/user/samfred/run25/ppg11/histmaking/script.sh -1 Jet10
LD_LIBRARY_PATH now /sphenix/user/samfred/run25/install//lib:/cvmfs/sphenix.sdcc.bnl.gov/alma9.2-gcc-14.2.0/opt/sphenix/core/gcc/14.2.0-2f0a0/x86_64-el9/lib:/cvmfs/sphenix.sdcc.bnl.gov/alma9.2-gcc-14.2.0/opt/sphenix/core/gcc/14.2.0-2f0a0/x86_64-el9/lib64:/cvmfs/sphenix.sdcc.bnl.gov/alma9.2-gcc-14.2.0/opt/sphenix/core/binutils/2.40-acaab/x86_64-el9/lib:.:/cvmfs/sphenix.sdcc.bnl.gov/alma9.2-gcc-14.2.0/release/release_new/new.1/lib64:/cvmfs/sphenix.sdcc.bnl.gov/alma9.2-gcc-14.2.0/release/release_new/new.1/lib:/cvmfs/sphenix.sdcc.bnl.gov/alma9.2-gcc-14.2.0/opt/sphenix/utils/lib:/cvmfs/sphenix.sdcc.bnl.gov/alma9.2-gcc-14.2.0/opt/sphenix/core/lib:/cvmfs/sphenix.sdcc.bnl.gov/alma9.2-gcc-14.2.0/opt/sphenix/core/root-6.32.06/lib:/cvmfs/sphenix.sdcc.bnl.gov/alma9.2-gcc-14.2.0/opt/sphenix/core/geant4.10.07.p04/lib64:/cvmfs/sphenix.sdcc.bnl.gov/alma9.2-gcc-14.2.0/opt/sphenix/core/lhapdf-5.9.1/lib:/usr/local/lib64:/usr/lib64
PATH now /cvmfs/sphenix.sdcc.bnl.gov/alma9.2-gcc-14.2.0/opt/sphenix/core/gcc/14.2.0-2f0a0/x86_64-el9/bin:/cvmfs/sphenix.sdcc.bnl.gov/alma9.2-gcc-14.2.0/opt/sphenix/core/binutils/2.40-acaab/x86_64-el9/bin:.:/cvmfs/sphenix.sdcc.bnl.gov/alma9.2-gcc-14.2.0/release/release_new/new.1/bin:/cvmfs/sphenix.sdcc.bnl.gov/alma9.2-gcc-14.2.0/opt/sphenix/utils/bin:/cvmfs/sphenix.sdcc.bnl.gov/alma9.2-gcc-14.2.0/opt/sphenix/core/bin:/cvmfs/sphenix.sdcc.bnl.gov/alma9.2-gcc-14.2.0/opt/sphenix/core/root-6.32.06/bin:/cvmfs/sphenix.sdcc.bnl.gov/alma9.2-gcc-14.2.0/opt/sphenix/core/geant4.10.07.p04/bin:/usr/local/bin:/usr/bin:/usr/local/sbin:/usr/sbin
SINGULARITY_CACHEDIR=/home/condor/local/sphnx/execute/dir_174121
_CONDOR_CHIRP_CONFIG=/home/condor/local/sphnx/execute/dir_174121/.chirp.config
_CONDOR_JOB_IWD=/sphenix/user/samfred/run25/ppg11/histmaking
G4ENSDFSTATEDATA=/cvmfs/sphenix.sdcc.bnl.gov/alma9.2-gcc-14.2.0/opt/sphenix/core/geant4.10.07.p04/share/Geant4-10.7.4/data/G4ENSDFSTATE2.3
_CONDOR_MACHINE_AD=/home/condor/local/sphnx/execute/dir_174121/.machine.ad
ROOT_MAX_THREADS=1
NUMEXPR_NUM_THREADS=1
CUBACORES=1
_CONDOR_ANCESTOR_237565=174121:1755547813:1411631147
_CHIRP_DELAYED_UPDATE_PREFIX=Chirp*
OMP_THREAD_LIMIT=1
G4PIIDATA=/cvmfs/sphenix.sdcc.bnl.gov/alma9.2-gcc-14.2.0/opt/sphenix/core/geant4.10.07.p04/share/Geant4-10.7.4/data/G4PII1.3
_CONDOR_ANCESTOR_174121=188939:1755547813:3362975735
NO_AT_BRIDGE=1
G4_MAIN=/cvmfs/sphenix.sdcc.bnl.gov/alma9.2-gcc-14.2.0/opt/sphenix/core/geant4.10.07.p04
COMPILER_PATH=/cvmfs/sphenix.sdcc.bnl.gov/alma9.2-gcc-14.2.0/opt/sphenix/core/gcc/14.2.0-2f0a0/x86_64-el9
ROOT_INCLUDE_PATH=./:/sphenix/user/samfred/run25/install//include:/sphenix/user/samfred/run25/install//include/caloana:/sphenix/user/samfred/run25/install//include/qa_centrality:/sphenix/user/samfred/run25/install//include/mbdana:/sphenix/user/samfred/run25/install//include/centrality:/cvmfs/sphenix.sdcc.bnl.gov/alma9.2-gcc-14.2.0/release/release_new/new.1/include:/cvmfs/sphenix.sdcc.bnl.gov/alma9.2-gcc-14.2.0/release/release_new/new.1/include:/cvmfs/sphenix.sdcc.bnl.gov/alma9.2-gcc-14.2.0/release/release_new/new.1/include/g4mbd:/cvmfs/sphenix.sdcc.bnl.gov/alma9.2-gcc-14.2.0/release/release_new/new.1/include/fmt:/cvmfs/sphenix.sdcc.bnl.gov/alma9.2-gcc-14.2.0/release/release_new/new.1/include/ffarawobjects:/cvmfs/sphenix.sdcc.bnl.gov/alma9.2-gcc-14.2.0/release/release_new/new.1/include/JSON:/cvmfs/sphenix.sdcc.bnl.gov/alma9.2-gcc-14.2.0/release/release_new/new.1/include/calotreegen:/cvmfs/sphenix.sdcc.bnl.gov/alma9.2-gcc-14.2.0/release/release_new/new.1/include/torch:/cvmfs/sphenix.sdcc.bnl.gov/alma9.2-gcc-14.2.0/release/release_new/new.1/include/g4detectors:/cvmfs/sphenix.sdcc.bnl.gov/alma9.2-gcc-14.2.0/release/release_new/new.1/include/kineto:/cvmfs/sphenix.sdcc.bnl.gov/alma9.2-gcc-14.2.0/release/release_new/new.1/include/g4decayer:/cvmfs/sphenix.sdcc.bnl.gov/alma9.2-gcc-14.2.0/release/release_new/new.1/include/kfparticleqa:/cvmfs/sphenix.sdcc.bnl.gov/alma9.2-gcc-14.2.0/release/release_new/new.1/include/phfield:/cvmfs/sphenix.sdcc.bnl.gov/alma9.2-gcc-14.2.0/release/release_new/new.1/include/LHAPDF:/cvmfs/sphenix.sdcc.bnl.gov/alma9.2-gcc-14.2.0/release/release_new/new.1/include/readdigitalcurrents:/cvmfs/sphenix.sdcc.bnl.gov/alma9.2-gcc-14.2.0/release/release_new/new.1/include/c10:/cvmfs/sphenix.sdcc.bnl.gov/alma9.2-gcc-14.2.0/release/release_new/new.1/include/calovalid:/cvmfs/sphenix.sdcc.bnl.gov/alma9.2-gcc-14.2.0/release/release_new/new.1/include/oneapi:/cvmfs/sphenix.sdcc.bnl.gov/alma9.2-gcc-14.2.0/release/release_new/new.1/include/DDCond:/cvmfs/sphenix.sdcc.bnl.gov/alma9.2-gcc-14.2.0/release/release_new/new.1/include/g4tracking:/cvmfs/sphenix.sdcc.bnl.gov/alma9.2-gcc-14.2.0/release/release_new/new.1/include/litecaloeval:/cvmfs/sphenix.sdcc.bnl.gov/alma9.2-gcc-14.2.0/release/release_new/new.1/include/g4intt:/cvmfs/sphenix.sdcc.bnl.gov/alma9.2-gcc-14.2.0/release/release_new/new.1/include/phool:/cvmfs/sphenix.sdcc.bnl.gov/alma9.2-gcc-14.2.0/release/release_new/new.1/include/boost:/cvmfs/sphenix.sdcc.bnl.gov/alma9.2-gcc-14.2.0/release/release_new/new.1/include/Pythia8Plugins:/cvmfs/sphenix.sdcc.bnl.gov/alma9.2-gcc-14.2.0/release/release_new/new.1/include/calib_emc_pi0:/cvmfs/sphenix.sdcc.bnl.gov/alma9.2-gcc-14.2.0/release/release_new/new.1/include/hijingflipafterburner:/cvmfs/sphenix.sdcc.bnl.gov/alma9.2-gcc-14.2.0/release/release_new/new.1/include/ffaobjects:/cvmfs/sphenix.sdcc.bnl.gov/alma9.2-gcc-14.2.0/release/release_new/new.1/include/EvtGenBase:/cvmfs/sphenix.sdcc.bnl.gov/alma9.2-gcc-14.2.0/release/release_new/new.1/include/flowafterburner:/cvmfs/sphenix.sdcc.bnl.gov/alma9.2-gcc-14.2.0/release/release_new/new.1/include/google:/cvmfs/sphenix.sdcc.bnl.gov/alma9.2-gcc-14.2.0/release/release_new/new.1/include/g4tpc:/cvmfs/sphenix.sdcc.bnl.gov/alma9.2-gcc-14.2.0/release/release_new/new.1/include/caffe2:/cvmfs/sphenix.sdcc.bnl.gov/alma9.2-gcc-14.2.0/release/release_new/new.1/include/EvtGenExternal:/cvmfs/sphenix.sdcc.bnl.gov/alma9.2-gcc-14.2.0/release/release_new/new.1/include/fp16:/cvmfs/sphenix.sdcc.bnl.gov/alma9.2-gcc-14.2.0/release/release_new/new.1/include/ffamodules:/cvmfs/sphenix.sdcc.bnl.gov/alma9.2-gcc-14.2.0/release/release_new/new.1/include/uspin:/cvmfs/sphenix.sdcc.bnl.gov/alma9.2-gcc-14.2.0/release/release_new/new.1/include/Herwig:/cvmfs/sphenix.sdcc.bnl.gov/alma9.2-gcc-14.2.0/release/release_new/new.1/include/genfitexp:/cvmfs/sphenix.sdcc.bnl.gov/alma9.2-gcc-14.2.0/release/release_new/new.1/include/XML:/cvmfs/sphenix.sdcc.bnl.gov/alma9.2-gcc-14.2.0/release/release_new/new.1/include/fbgemm:/cvmfs/sphenix.sdcc.bnl.gov/alma9.2-gcc-14.2.0/release/release_new/new.1/include/DDAlign:/cvmfs/sphenix.sdcc.bnl.gov/alma9.2-gcc-14.2.0/release/release_new/new.1/include/g4mvtx:/cvmfs/sphenix.sdcc.bnl.gov/alma9.2-gcc-14.2.0/release/release_new/new.1/include/kfparticle_sphenix:/cvmfs/sphenix.sdcc.bnl.gov/alma9.2-gcc-14.2.0/release/release_new/new.1/include/fun4all:/cvmfs/sphenix.sdcc.bnl.gov/alma9.2-gcc-14.2.0/release/release_new/new.1/include/intt:/cvmfs/sphenix.sdcc.bnl.gov/alma9.2-gcc-14.2.0/release/release_new/new.1/include/eventdisplay:/cvmfs/sphenix.sdcc.bnl.gov/alma9.2-gcc-14.2.0/release/release_new/new.1/include/EvtGen:/cvmfs/sphenix.sdcc.bnl.gov/alma9.2-gcc-14.2.0/release/release_new/new.1/include/Evaluator:/cvmfs/sphenix.sdcc.bnl.gov/alma9.2-gcc-14.2.0/release/release_new/new.1/include/tpc:/cvmfs/sphenix.sdcc.bnl.gov/alma9.2-gcc-14.2.0/release/release_new/new.1/include/GenFit:/cvmfs/sphenix.sdcc.bnl.gov/alma9.2-gcc-14.2.0/release/release_new/new.1/include/prototype4:/cvmfs/sphenix.sdcc.bnl.gov/alma9.2-gcc-14.2.0/release/release_new/new.1/include/caloembedding:/cvmfs/sphenix.sdcc.bnl.gov/alma9.2-gcc-14.2.0/release/release_new/new.1/include/EvtGenModels:/cvmfs/sphenix.sdcc.bnl.gov/alma9.2-gcc-14.2.0/release/release_new/new.1/include/fastjet:/cvmfs/sphenix.sdcc.bnl.gov/alma9.2-gcc-14.2.0/release/release_new/new.1/include/DDG4:/cvmfs/sphenix.sdcc.bnl.gov/alma9.2-gcc-14.2.0/release/release_new/new.1/include/mbd:/cvmfs/sphenix.sdcc.bnl.gov/alma9.2-gcc-14.2.0/release/release_new/new.1/include/tbb:/cvmfs/sphenix.sdcc.bnl.gov/alma9.2-gcc-14.2.0/release/release_new/new.1/include/phgeom:/cvmfs/sphenix.sdcc.bnl.gov/alma9.2-gcc-14.2.0/release/release_new/new.1/include/g4epd:/cvmfs/sphenix.sdcc.bnl.gov/alma9.2-gcc-14.2.0/release/release_new/new.1/include/oncal:/cvmfs/sphenix.sdcc.bnl.gov/alma9.2-gcc-14.2.0/release/release_new/new.1/include/pybind11:/cvmfs/sphenix.sdcc.bnl.gov/alma9.2-gcc-14.2.0/release/release_new/new.1/include/tpcdistgenerator:/cvmfs/sphenix.sdcc.bnl.gov/alma9.2-gcc-14.2.0/release/release_new/new.1/include/cdbobjects:/cvmfs/sphenix.sdcc.bnl.gov/alma9.2-gcc-14.2.0/release/release_new/new.1/include/g4micromegas:/cvmfs/sphenix.sdcc.bnl.gov/alma9.2-gcc-14.2.0/release/release_new/new.1/include/g4eval:/cvmfs/sphenix.sdcc.bnl.gov/alma9.2-gcc-14.2.0/release/release_new/new.1/include/jetbackground:/cvmfs/sphenix.sdcc.bnl.gov/alma9.2-gcc-14.2.0/release/release_new/new.1/include/micromegas:/cvmfs/sphenix.sdcc.bnl.gov/alma9.2-gcc-14.2.0/release/release_new/new.1/include/hftrackefficiency:/cvmfs/sphenix.sdcc.bnl.gov/alma9.2-gcc-14.2.0/release/release_new/new.1/include/inttrawhitqa:/cvmfs/sphenix.sdcc.bnl.gov/alma9.2-gcc-14.2.0/release/release_new/new.1/include/centrality:/cvmfs/sphenix.sdcc.bnl.gov/alma9.2-gcc-14.2.0/release/release_new/new.1/include/epd:/cvmfs/sphenix.sdcc.bnl.gov/alma9.2-gcc-14.2.0/release/release_new/new.1/include/caloreco:/cvmfs/sphenix.sdcc.bnl.gov/alma9.2-gcc-14.2.0/release/release_new/new.1/include/HepMC:/cvmfs/sphenix.sdcc.bnl.gov/alma9.2-gcc-14.2.0/release/release_new/new.1/include/CLHEP:/cvmfs/sphenix.sdcc.bnl.gov/alma9.2-gcc-14.2.0/release/release_new/new.1/include/Acts:/cvmfs/sphenix.sdcc.bnl.gov/alma9.2-gcc-14.2.0/release/release_new/new.1/include/g4histos:/cvmfs/sphenix.sdcc.bnl.gov/alma9.2-gcc-14.2.0/release/release_new/new.1/include/eventplaneinfo:/cvmfs/sphenix.sdcc.bnl.gov/alma9.2-gcc-14.2.0/release/release_new/new.1/include/fillspacechargemaps:/cvmfs/sphenix.sdcc.bnl.gov/alma9.2-gcc-14.2.0/release/release_new/new.1/include/phhepmc:/cvmfs/sphenix.sdcc.bnl.gov/alma9.2-gcc-14.2.0/release/release_new/new.1/include/trackingqa:/cvmfs/sphenix.sdcc.bnl.gov/alma9.2-gcc-14.2.0/release/release_new/new.1/include/qautils:/cvmfs/sphenix.sdcc.bnl.gov/alma9.2-gcc-14.2.0/release/release_new/new.1/include/trackreco:/cvmfs/sphenix.sdcc.bnl.gov/alma9.2-gcc-14.2.0/release/release_new/new.1/include/g4ohcal:/cvmfs/sphenix.sdcc.bnl.gov/alma9.2-gcc-14.2.0/release/release_new/new.1/include/tpcdvcalib:/cvmfs/sphenix.sdcc.bnl.gov/alma9.2-gcc-14.2.0/release/release_new/new.1/include/zdcinfo:/cvmfs/sphenix.sdcc.bnl.gov/alma9.2-gcc-14.2.0/release/release_new/new.1/include/phpythia8:/cvmfs/sphenix.sdcc.bnl.gov/alma9.2-gcc-14.2.0/release/release_new/new.1/include/fun4allutils:/cvmfs/sphenix.sdcc.bnl.gov/alma9.2-gcc-14.2.0/release/release_new/new.1/include/tpcqa:/cvmfs/sphenix.sdcc.bnl.gov/alma9.2-gcc-14.2.0/release/release_new/new.1/include/Pythia8:/cvmfs/sphenix.sdcc.bnl.gov/alma9.2-gcc-14.2.0/release/release_new/new.1/include/DDRec:/cvmfs/sphenix.sdcc.bnl.gov/alma9.2-gcc-14.2.0/release/release_new/new.1/include/DDDigi:/cvmfs/sphenix.sdcc.bnl.gov/alma9.2-gcc-14.2.0/release/release_new/new.1/include/g4ihcal:/cvmfs/sphenix.sdcc.bnl.gov/alma9.2-gcc-14.2.0/release/release_new/new.1/include/frog:/cvmfs/sphenix.sdcc.bnl.gov/alma9.2-gcc-14.2.0/release/release_new/new.1/include/eigen3:/cvmfs/sphenix.sdcc.bnl.gov/alma9.2-gcc-14.2.0/release/release_new/new.1/include/tensorpipe:/cvmfs/sphenix.sdcc.bnl.gov/alma9.2-gcc-14.2.0/release/release_new/new.1/include/sphenixnpc:/cvmfs/sphenix.sdcc.bnl.gov/alma9.2-gcc-14.2.0/release/release_new/new.1/include/siscone:/cvmfs/sphenix.sdcc.bnl.gov/alma9.2-gcc-14.2.0/release/release_new/new.1/include/pmonitor:/cvmfs/sphenix.sdcc.bnl.gov/alma9.2-gcc-14.2.0/release/release_new/new.1/include/calobase:/cvmfs/sphenix.sdcc.bnl.gov/alma9.2-gcc-14.2.0/release/release_new/new.1/include/ActsExamples:/cvmfs/sphenix.sdcc.bnl.gov/alma9.2-gcc-14.2.0/release/release_new/new.1/include/g4gdml:/cvmfs/sphenix.sdcc.bnl.gov/alma9.2-gcc-14.2.0/release/release_new/new.1/include/mvtx_decoder:/cvmfs/sphenix.sdcc.bnl.gov/alma9.2-gcc-14.2.0/release/release_new/new.1/include/ROOT:/cvmfs/sphenix.sdcc.bnl.gov/alma9.2-gcc-14.2.0/release/release_new/new.1/include/phparameter:/cvmfs/sphenix.sdcc.bnl.gov/alma9.2-gcc-14.2.0/release/release_new/new.1/include/rsa:/cvmfs/sphenix.sdcc.bnl.gov/alma9.2-gcc-14.2.0/release/release_new/new.1/include/fun4allraw:/cvmfs/sphenix.sdcc.bnl.gov/alma9.2-gcc-14.2.0/release/release_new/new.1/include/trackbase_historic:/cvmfs/sphenix.sdcc.bnl.gov/alma9.2-gcc-14.2.0/release/release_new/new.1/include/g4jets:/cvmfs/sphenix.sdcc.bnl.gov/alma9.2-gcc-14.2.0/release/release_new/new.1/include/jetqa:/cvmfs/sphenix.sdcc.bnl.gov/alma9.2-gcc-14.2.0/release/release_new/new.1/include/phoolraw:/cvmfs/sphenix.sdcc.bnl.gov/alma9.2-gcc-14.2.0/release/release_new/new.1/include/g4calo:/cvmfs/sphenix.sdcc.bnl.gov/alma9.2-gcc-14.2.0/release/release_new/new.1/include/mvtxrawhitqa:/cvmfs/sphenix.sdcc.bnl.gov/alma9.2-gcc-14.2.0/release/release_new/new.1/include/HepMC3:/cvmfs/sphenix.sdcc.bnl.gov/alma9.2-gcc-14.2.0/release/release_new/new.1/include/calowaveformsim:/cvmfs/sphenix.sdcc.bnl.gov/alma9.2-gcc-14.2.0/release/release_new/new.1/include/g4caloprototype:/cvmfs/sphenix.sdcc.bnl.gov/alma9.2-gcc-14.2.0/release/release_new/new.1/include/pdbcalbase:/cvmfs/sphenix.sdcc.bnl.gov/alma9.2-gcc-14.2.0/release/release_new/new.1/include/gsl:/cvmfs/sphenix.sdcc.bnl.gov/alma9.2-gcc-14.2.0/release/release_new/new.1/include/nodedump:/cvmfs/sphenix.sdcc.bnl.gov/alma9.2-gcc-14.2.0/release/release_new/new.1/include/emcnoisytowerfinder:/cvmfs/sphenix.sdcc.bnl.gov/alma9.2-gcc-14.2.0/release/release_new/new.1/include/ActsFatras:/cvmfs/sphenix.sdcc.bnl.gov/alma9.2-gcc-14.2.0/release/release_new/new.1/include/ffarawmodules:/cvmfs/sphenix.sdcc.bnl.gov/alma9.2-gcc-14.2.0/release/release_new/new.1/include/Event:/cvmfs/sphenix.sdcc.bnl.gov/alma9.2-gcc-14.2.0/release/release_new/new.1/include/prototype3:/cvmfs/sphenix.sdcc.bnl.gov/alma9.2-gcc-14.2.0/release/release_new/new.1/include/fermimotionafterburner:/cvmfs/sphenix.sdcc.bnl.gov/alma9.2-gcc-14.2.0/release/release_new/new.1/include/Photos:/cvmfs/sphenix.sdcc.bnl.gov/alma9.2-gcc-14.2.0/release/release_new/new.1/include/xingshiftcal:/cvmfs/sphenix.sdcc.bnl.gov/alma9.2-gcc-14.2.0/release/release_new/new.1/include/trackbase:/cvmfs/sphenix.sdcc.bnl.gov/alma9.2-gcc-14.2.0/release/release_new/new.1/include/jetdstskimmer:/cvmfs/sphenix.sdcc.bnl.gov/alma9.2-gcc-14.2.0/release/release_new/new.1/include/clusteriso:/cvmfs/sphenix.sdcc.bnl.gov/alma9.2-gcc-14.2.0/release/release_new/new.1/include/asmjit:/cvmfs/sphenix.sdcc.bnl.gov/alma9.2-gcc-14.2.0/release/release_new/new.1/include/particleflowreco:/cvmfs/sphenix.sdcc.bnl.gov/alma9.2-gcc-14.2.0/release/release_new/new.1/include/tpchittrackdisplay:/cvmfs/sphenix.sdcc.bnl.gov/alma9.2-gcc-14.2.0/release/release_new/new.1/include/caloana:/cvmfs/sphenix.sdcc.bnl.gov/alma9.2-gcc-14.2.0/release/release_new/new.1/include/calotrigger:/cvmfs/sphenix.sdcc.bnl.gov/alma9.2-gcc-14.2.0/release/release_new/new.1/include/nopayloadclient:/cvmfs/sphenix.sdcc.bnl.gov/alma9.2-gcc-14.2.0/release/release_new/new.1/include/trackermillepedealignment:/cvmfs/sphenix.sdcc.bnl.gov/alma9.2-gcc-14.2.0/release/release_new/new.1/include/DD4hep:/cvmfs/sphenix.sdcc.bnl.gov/alma9.2-gcc-14.2.0/release/release_new/new.1/include/g4trackfastsim:/cvmfs/sphenix.sdcc.bnl.gov/alma9.2-gcc-14.2.0/release/release_new/new.1/include/prototype2:/cvmfs/sphenix.sdcc.bnl.gov/alma9.2-gcc-14.2.0/release/release_new/new.1/include/ATen:/cvmfs/sphenix.sdcc.bnl.gov/alma9.2-gcc-14.2.0/release/release_new/new.1/include/g4main:/cvmfs/sphenix.sdcc.bnl.gov/alma9.2-gcc-14.2.0/release/release_new/new.1/include/Tauola:/cvmfs/sphenix.sdcc.bnl.gov/alma9.2-gcc-14.2.0/release/release_new/new.1/include/inttcalib:/cvmfs/sphenix.sdcc.bnl.gov/alma9.2-gcc-14.2.0/release/release_new/new.1/include/reactionplaneafterburner:/cvmfs/sphenix.sdcc.bnl.gov/alma9.2-gcc-14.2.0/release/release_new/new.1/include/globalqa:/cvmfs/sphenix.sdcc.bnl.gov/alma9.2-gcc-14.2.0/release/release_new/new.1/include/tpccalib:/cvmfs/sphenix.sdcc.bnl.gov/alma9.2-gcc-14.2.0/release/release_new/new.1/include/DDSegmentation:/cvmfs/sphenix.sdcc.bnl.gov/alma9.2-gcc-14.2.0/release/release_new/new.1/include/decayfinder:/cvmfs/sphenix.sdcc.bnl.gov/alma9.2-gcc-14.2.0/release/release_new/new.1/include/compressclus:/cvmfs/sphenix.sdcc.bnl.gov/alma9.2-gcc-14.2.0/release/release_new/new.1/include/simqa_modules:/cvmfs/sphenix.sdcc.bnl.gov/alma9.2-gcc-14.2.0/release/release_new/new.1/include/resonancejettagging:/cvmfs/sphenix.sdcc.bnl.gov/alma9.2-gcc-14.2.0/release/release_new/new.1/include/g4centrality:/cvmfs/sphenix.sdcc.bnl.gov/alma9.2-gcc-14.2.0/release/release_new/new.1/include/mvtx:/cvmfs/sphenix.sdcc.bnl.gov/alma9.2-gcc-14.2.0/release/release_new/new.1/include/nlohmann:/cvmfs/sphenix.sdcc.bnl.gov/alma9.2-gcc-14.2.0/release/release_new/new.1/include/localpoloffmon:/cvmfs/sphenix.sdcc.bnl.gov/alma9.2-gcc-14.2.0/release/release_new/new.1/include/DDEve:/cvmfs/sphenix.sdcc.bnl.gov/alma9.2-gcc-14.2.0/release/release_new/new.1/include/Parsers:/cvmfs/sphenix.sdcc.bnl.gov/alma9.2-gcc-14.2.0/release/release_new/new.1/include/trackingdiagnostics:/cvmfs/sphenix.sdcc.bnl.gov/alma9.2-gcc-14.2.0/release/release_new/new.1/include/g4vertex:/cvmfs/sphenix.sdcc.bnl.gov/alma9.2-gcc-14.2.0/release/release_new/new.1/include/jetbase:/cvmfs/sphenix.sdcc.bnl.gov/alma9.2-gcc-14.2.0/release/release_new/new.1/include/globalvertex:/cvmfs/sphenix.sdcc.bnl.gov/alma9.2-gcc-14.2.0/release/release_new/new.1/include/phgenfit:/cvmfs/sphenix.sdcc.bnl.gov/alma9.2-gcc-14.2.0/release/release_new/new.1/include/rawbcolumi:/cvmfs/sphenix.sdcc.bnl.gov/alma9.2-gcc-14.2.0/release/release_new/new.1/include/eicsmear:/cvmfs/sphenix.sdcc.bnl.gov/alma9.2-gcc-14.2.0/release/release_new/new.1/include/tpclinelaserdiode:/cvmfs/sphenix.sdcc.bnl.gov/alma9.2-gcc-14.2.0/release/release_new/new.1/include/hepmcjettrigger:/cvmfs/sphenix.sdcc.bnl.gov/alma9.2-gcc-14.2.0/release/release_new/new.1/include/core:/cvmfs/sphenix.sdcc.bnl.gov/alma9.2-gcc-14.2.0/release/release_new/new.1/include/mvtxcalib:/cvmfs/sphenix.sdcc.bnl.gov/alma9.2-gcc-14.2.0/release/release_new/new.1/include/calo_cdb:/cvmfs/sphenix.sdcc.bnl.gov/alma9.2-gcc-14.2.0/release/release_new/new.1/include/mvtxclustershapesqa:/cvmfs/sphenix.sdcc.bnl.gov/alma9.2-gcc-14.2.0/release/release_new/new.1/include/calopacketskimmer:/cvmfs/sphenix.sdcc.bnl.gov/alma9.2-gcc-14.2.0/opt/sphenix/core/geant4.10.07.p04/include:/cvmfs/sphenix.sdcc.bnl.gov/alma9.2-gcc-14.2.0/release/release_new/new.1/rootmacros:/cvmfs/sphenix.sdcc.bnl.gov/alma9.2-gcc-14.2.0/opt/sphenix/core/include
GSEARCHPATH=.:PG:LUSTRE:RAWDATA
PWD=/gpfs/mnt/gpfs02/sphenix/user/samfred/run25/ppg11/histmaking
LOGNAME=samfred
_CONDOR_JOB_AD=/home/condor/local/sphnx/execute/dir_174121/.job.ad
MANPATH=/cvmfs/sphenix.sdcc.bnl.gov/alma9.2-gcc-14.2.0/opt/sphenix/core/gcc/14.2.0-2f0a0/x86_64-el9/share/man:/cvmfs/sphenix.sdcc.bnl.gov/alma9.2-gcc-14.2.0/opt/sphenix/core/binutils/2.40-acaab/x86_64-el9/share/man:/cvmfs/sphenix.sdcc.bnl.gov/alma9.2-gcc-14.2.0/release/release_new/new.1/share/man:/cvmfs/sphenix.sdcc.bnl.gov/alma9.2-gcc-14.2.0/opt/sphenix/utils/share/man:/cvmfs/sphenix.sdcc.bnl.gov/alma9.2-gcc-14.2.0/opt/sphenix/core/share/man:/cvmfs/sphenix.sdcc.bnl.gov/alma9.2-gcc-14.2.0/opt/sphenix/core/root-6.32.06/man:/usr/local/share/man:/usr/share/man
PYTHIA8=/cvmfs/sphenix.sdcc.bnl.gov/alma9.2-gcc-14.2.0/release/release_new/new.1/share/Pythia8
G4INCLDATA=/cvmfs/sphenix.sdcc.bnl.gov/alma9.2-gcc-14.2.0/opt/sphenix/core/geant4.10.07.p04/share/Geant4-10.7.4/data/G4INCL1.0
ORIG_PATH=/usr/local/bin:/usr/bin
CXX=/cvmfs/sphenix.sdcc.bnl.gov/alma9.2-gcc-14.2.0/opt/sphenix/core/gcc/14.2.0-2f0a0/x86_64-el9/bin/g++
G4LEDATA=/cvmfs/sphenix.sdcc.bnl.gov/alma9.2-gcc-14.2.0/opt/sphenix/core/geant4.10.07.p04/share/Geant4-10.7.4/data/G4EMLOW7.13
PYTHON_CPU_COUNT=1
OPENBLAS_NUM_THREADS=1
_CONDOR_BIN=/usr/bin
HOME=/sphenix/u/samfred
G4PARTICLEXSDATA=/cvmfs/sphenix.sdcc.bnl.gov/alma9.2-gcc-14.2.0/opt/sphenix/core/geant4.10.07.p04/share/Geant4-10.7.4/data/G4PARTICLEXS3.1.1
ONLINE_MAIN=/cvmfs/sphenix.sdcc.bnl.gov/alma9.2-gcc-14.2.0/release/release_new/new.1
CALIBRATIONROOT=/cvmfs/sphenix.sdcc.bnl.gov/alma9.2-gcc-14.2.0/release/release_new/new.1/share/calibrations
TMPDIR=/tmp
_CONDOR_SCRATCH_DIR=/home/condor/local/sphnx/execute/dir_174121
PGUSER=phnxrc
NOPAYLOADCLIENT_CONF=/cvmfs/sphenix.sdcc.bnl.gov/alma9.2-gcc-14.2.0/opt/sphenix/core/etc/sPHENIX_newcdb.json
XERCESCROOT=/cvmfs/sphenix.sdcc.bnl.gov/alma9.2-gcc-14.2.0/opt/sphenix/core/geant4.10.07.p04
LHAPATH=/cvmfs/sphenix.sdcc.bnl.gov/alma9.2-gcc-14.2.0/opt/sphenix/core/lhapdf-5.9.1/share/lhapdf/PDFsets
_CONDOR_ANCESTOR_237528=237565:1747417942:1653233473
G4NEUTRONHPDATA=/cvmfs/sphenix.sdcc.bnl.gov/alma9.2-gcc-14.2.0/opt/sphenix/core/geant4.10.07.p04/share/Geant4-10.7.4/data/G4NDL4.6
PYTHONPATH=.:/cvmfs/sphenix.sdcc.bnl.gov/alma9.2-gcc-14.2.0/release/release_new/new.1/lib/python3.13/site-packages:/cvmfs/sphenix.sdcc.bnl.gov/alma9.2-gcc-14.2.0/opt/sphenix/core/lib/python3.13/site-packages:/cvmfs/sphenix.sdcc.bnl.gov/alma9.2-gcc-14.2.0/opt/sphenix/core/root-6.32.06/lib
USER=samfred
_CONDOR_JOB_PIDS=
TEMP=/tmp
GOMAXPROCS=1
OFFLINE_MAIN=/cvmfs/sphenix.sdcc.bnl.gov/alma9.2-gcc-14.2.0/release/release_new/new.1
SHLVL=1
TF_NUM_THREADS=1
G4SAIDXSDATA=/cvmfs/sphenix.sdcc.bnl.gov/alma9.2-gcc-14.2.0/opt/sphenix/core/geant4.10.07.p04/share/Geant4-10.7.4/data/G4SAIDDATA2.0
APPTAINER_CACHEDIR=/home/condor/local/sphnx/execute/dir_174121
ROOTSYS=/cvmfs/sphenix.sdcc.bnl.gov/alma9.2-gcc-14.2.0/opt/sphenix/core/root-6.32.06
BATCH_SYSTEM=HTCondor
_CONDOR_SLOT=slot1_35
LD_LIBRARY_PATH=/sphenix/user/samfred/run25/install//lib:/cvmfs/sphenix.sdcc.bnl.gov/alma9.2-gcc-14.2.0/opt/sphenix/core/gcc/14.2.0-2f0a0/x86_64-el9/lib:/cvmfs/sphenix.sdcc.bnl.gov/alma9.2-gcc-14.2.0/opt/sphenix/core/gcc/14.2.0-2f0a0/x86_64-el9/lib64:/cvmfs/sphenix.sdcc.bnl.gov/alma9.2-gcc-14.2.0/opt/sphenix/core/binutils/2.40-acaab/x86_64-el9/lib:.:/cvmfs/sphenix.sdcc.bnl.gov/alma9.2-gcc-14.2.0/release/release_new/new.1/lib64:/cvmfs/sphenix.sdcc.bnl.gov/alma9.2-gcc-14.2.0/release/release_new/new.1/lib:/cvmfs/sphenix.sdcc.bnl.gov/alma9.2-gcc-14.2.0/opt/sphenix/utils/lib:/cvmfs/sphenix.sdcc.bnl.gov/alma9.2-gcc-14.2.0/opt/sphenix/core/lib:/cvmfs/sphenix.sdcc.bnl.gov/alma9.2-gcc-14.2.0/opt/sphenix/core/root-6.32.06/lib:/cvmfs/sphenix.sdcc.bnl.gov/alma9.2-gcc-14.2.0/opt/sphenix/core/geant4.10.07.p04/lib64:/cvmfs/sphenix.sdcc.bnl.gov/alma9.2-gcc-14.2.0/opt/sphenix/core/lhapdf-5.9.1/lib:/usr/local/lib64:/usr/lib64
OPT_SPHENIX=/cvmfs/sphenix.sdcc.bnl.gov/alma9.2-gcc-14.2.0/opt/sphenix/core
TF_LOOP_PARALLEL_ITERATIONS=1
EVT_LIB=/cvmfs/sphenix.sdcc.bnl.gov/alma9.2-gcc-14.2.0/opt/sphenix/core/root-6.32.06/lib
PGHOST=sphnxdbmaster.sdcc.bnl.gov
OMP_NUM_THREADS=1
G4REALSURFACEDATA=/cvmfs/sphenix.sdcc.bnl.gov/alma9.2-gcc-14.2.0/opt/sphenix/core/geant4.10.07.p04/share/Geant4-10.7.4/data/RealSurface2.2
FC=/cvmfs/sphenix.sdcc.bnl.gov/alma9.2-gcc-14.2.0/opt/sphenix/core/gcc/14.2.0-2f0a0/x86_64-el9/bin/gfortran
G4ABLADATA=/cvmfs/sphenix.sdcc.bnl.gov/alma9.2-gcc-14.2.0/opt/sphenix/core/geant4.10.07.p04/share/Geant4-10.7.4/data/G4ABLA3.1
PARASOFT=doesnotexist
TMP=/tmp
OPT_UTILS=/cvmfs/sphenix.sdcc.bnl.gov/alma9.2-gcc-14.2.0/opt/sphenix/utils
CONFIG_SITE=/cvmfs/sphenix.sdcc.bnl.gov/alma9.2-gcc-14.2.0/opt/sphenix/core/etc/config.site
PATH=/cvmfs/sphenix.sdcc.bnl.gov/alma9.2-gcc-14.2.0/opt/sphenix/core/gcc/14.2.0-2f0a0/x86_64-el9/bin:/cvmfs/sphenix.sdcc.bnl.gov/alma9.2-gcc-14.2.0/opt/sphenix/core/binutils/2.40-acaab/x86_64-el9/bin:.:/cvmfs/sphenix.sdcc.bnl.gov/alma9.2-gcc-14.2.0/release/release_new/new.1/bin:/cvmfs/sphenix.sdcc.bnl.gov/alma9.2-gcc-14.2.0/opt/sphenix/utils/bin:/cvmfs/sphenix.sdcc.bnl.gov/alma9.2-gcc-14.2.0/opt/sphenix/core/bin:/cvmfs/sphenix.sdcc.bnl.gov/alma9.2-gcc-14.2.0/opt/sphenix/core/root-6.32.06/bin:/cvmfs/sphenix.sdcc.bnl.gov/alma9.2-gcc-14.2.0/opt/sphenix/core/geant4.10.07.p04/bin:/usr/local/bin:/usr/bin:/usr/local/sbin:/usr/sbin
G4LEVELGAMMADATA=/cvmfs/sphenix.sdcc.bnl.gov/alma9.2-gcc-14.2.0/opt/sphenix/core/geant4.10.07.p04/share/Geant4-10.7.4/data/PhotonEvaporation5.7
CC=/cvmfs/sphenix.sdcc.bnl.gov/alma9.2-gcc-14.2.0/opt/sphenix/core/gcc/14.2.0-2f0a0/x86_64-el9/bin/gcc
G4RADIOACTIVEDATA=/cvmfs/sphenix.sdcc.bnl.gov/alma9.2-gcc-14.2.0/opt/sphenix/core/geant4.10.07.p04/share/Geant4-10.7.4/data/RadioactiveDecay5.6
JULIA_NUM_THREADS=1
MKL_NUM_THREADS=1
LHAPDF_DATA_PATH=/cvmfs/sphenix.sdcc.bnl.gov/alma9.2-gcc-14.2.0/release/release_new/new.1/share/LHAPDF
XPLOAD_CONFIG_DIR=/cvmfs/sphenix.sdcc.bnl.gov/alma9.2-gcc-14.2.0/opt/sphenix/core/etc
OLDPWD=/cvmfs/sphenix.sdcc.bnl.gov/alma9.2-gcc-14.2.0/release/release_new/new.1/geant4
_=/usr/bin/printenv
runnumber...
-1
trigger...
Jet10
   ------------------------------------------------------------------
  | Welcome to ROOT 6.32.06                        https://root.cern |
  | (c) 1995-2024, The ROOT Team; conception: R. Brun, F. Rademakers |
  | Built for linuxx8664gcc on Dec 13 2024, 17:23:48                 |
  | From tags/6-32-06@6-32-06                                        |
  | With g++ (GCC) 14.2.0                                            |
  | Try '.help'/'.?', '.demo', '.license', '.credits', '.quit'/'.q'  |
   ------------------------------------------------------------------


Processing truthhistmaker.C(-1,"Jet10")...
entry 0/9750146 (0%)
entry 2000/9750146 (0.0205125%)
entry 15000/9750146 (0.153844%)
entry 19000/9750146 (0.194869%)
entry 27000/9750146 (0.276919%)
entry 39000/9750146 (0.399994%)
entry 47000/9750146 (0.482044%)
entry 48000/9750146 (0.4923%)
entry 52000/9750146 (0.533325%)
entry 58000/9750146 (0.594863%)
entry 63000/9750146 (0.646144%)
entry 64000/9750146 (0.6564%)
entry 71000/9750146 (0.728194%)
entry 75000/9750146 (0.769219%)
entry 80000/9750146 (0.8205%)
entry 81000/9750146 (0.830757%)
entry 90000/9750146 (0.923063%)
entry 91000/9750146 (0.933319%)
entry 92000/9750146 (0.943576%)
entry 96000/9750146 (0.984601%)
entry 98000/9750146 (1.00511%)
entry 103000/9750146 (1.05639%)
entry 105000/9750146 (1.07691%)
entry 107000/9750146 (1.09742%)
entry 110000/9750146 (1.12819%)
entry 115000/9750146 (1.17947%)
entry 132000/9750146 (1.35383%)
entry 134000/9750146 (1.37434%)
entry 138000/9750146 (1.41536%)
entry 140000/9750146 (1.43588%)
entry 143000/9750146 (1.46664%)
entry 144000/9750146 (1.4769%)
entry 147000/9750146 (1.50767%)
entry 155000/9750146 (1.58972%)
entry 156000/9750146 (1.59998%)
entry 157000/9750146 (1.61023%)
entry 161000/9750146 (1.65126%)
entry 166000/9750146 (1.70254%)
entry 167000/9750146 (1.71279%)
entry 169000/9750146 (1.73331%)
entry 171000/9750146 (1.75382%)
entry 175000/9750146 (1.79484%)
entry 177000/9750146 (1.81536%)
entry 178000/9750146 (1.82561%)
entry 181000/9750146 (1.85638%)
entry 183000/9750146 (1.87689%)
entry 184000/9750146 (1.88715%)
entry 189000/9750146 (1.93843%)
entry 192000/9750146 (1.9692%)
entry 193000/9750146 (1.97946%)
entry 197000/9750146 (2.02048%)
entry 198000/9750146 (2.03074%)
entry 199000/9750146 (2.041%)
entry 203000/9750146 (2.08202%)
entry 205000/9750146 (2.10253%)
entry 207000/9750146 (2.12305%)
entry 210000/9750146 (2.15381%)
entry 212000/9750146 (2.17433%)
entry 223000/9750146 (2.28715%)
entry 227000/9750146 (2.32817%)
entry 229000/9750146 (2.34868%)
entry 233000/9750146 (2.38971%)
entry 234000/9750146 (2.39996%)
entry 238000/9750146 (2.44099%)
entry 242000/9750146 (2.48201%)
entry 247000/9750146 (2.5333%)
entry 249000/9750146 (2.55381%)
entry 250000/9750146 (2.56406%)
entry 251000/9750146 (2.57432%)
entry 252000/9750146 (2.58458%)
entry 253000/9750146 (2.59483%)
entry 264000/9750146 (2.70765%)
entry 267000/9750146 (2.73842%)
entry 275000/9750146 (2.82047%)
entry 277000/9750146 (2.84098%)
entry 279000/9750146 (2.8615%)
entry 283000/9750146 (2.90252%)
entry 287000/9750146 (2.94355%)
entry 288000/9750146 (2.9538%)
entry 295000/9750146 (3.0256%)
entry 300000/9750146 (3.07688%)
entry 307000/9750146 (3.14867%)
entry 311000/9750146 (3.1897%)
entry 312000/9750146 (3.19995%)
entry 314000/9750146 (3.22046%)
entry 315000/9750146 (3.23072%)
entry 316000/9750146 (3.24098%)
entry 317000/9750146 (3.25123%)
entry 319000/9750146 (3.27175%)
entry 321000/9750146 (3.29226%)
entry 322000/9750146 (3.30251%)
entry 327000/9750146 (3.3538%)
entry 331000/9750146 (3.39482%)
entry 332000/9750146 (3.40508%)
entry 333000/9750146 (3.41533%)
entry 335000/9750146 (3.43585%)
entry 337000/9750146 (3.45636%)
entry 346000/9750146 (3.54866%)
entry 347000/9750146 (3.55892%)
entry 349000/9750146 (3.57943%)
entry 353000/9750146 (3.62046%)
entry 354000/9750146 (3.63071%)
entry 366000/9750146 (3.75379%)
entry 371000/9750146 (3.80507%)
entry 372000/9750146 (3.81533%)
entry 374000/9750146 (3.83584%)
entry 375000/9750146 (3.8461%)
entry 376000/9750146 (3.85635%)
entry 377000/9750146 (3.86661%)
entry 378000/9750146 (3.87686%)
entry 379000/9750146 (3.88712%)
entry 388000/9750146 (3.97943%)
entry 391000/9750146 (4.0102%)
entry 393000/9750146 (4.03071%)
entry 394000/9750146 (4.04097%)
entry 398000/9750146 (4.08199%)
entry 399000/9750146 (4.09225%)
entry 400000/9750146 (4.1025%)
entry 401000/9750146 (4.11276%)
entry 402000/9750146 (4.12302%)
entry 405000/9750146 (4.15378%)
entry 413000/9750146 (4.23583%)
entry 416000/9750146 (4.2666%)
entry 418000/9750146 (4.28712%)
entry 421000/9750146 (4.31788%)
entry 429000/9750146 (4.39993%)
entry 431000/9750146 (4.42045%)
entry 434000/9750146 (4.45122%)
entry 436000/9750146 (4.47173%)
entry 442000/9750146 (4.53327%)
entry 448000/9750146 (4.5948%)
entry 455000/9750146 (4.6666%)
entry 462000/9750146 (4.73839%)
entry 467000/9750146 (4.78967%)
entry 469000/9750146 (4.81018%)
entry 472000/9750146 (4.84095%)
entry 486000/9750146 (4.98454%)
entry 493000/9750146 (5.05633%)
entry 496000/9750146 (5.0871%)
entry 497000/9750146 (5.09736%)
entry 498000/9750146 (5.10762%)
entry 502000/9750146 (5.14864%)
entry 504000/9750146 (5.16915%)
entry 505000/9750146 (5.17941%)
entry 507000/9750146 (5.19992%)
entry 509000/9750146 (5.22043%)
entry 510000/9750146 (5.23069%)
entry 525000/9750146 (5.38453%)
entry 529000/9750146 (5.42556%)
entry 531000/9750146 (5.44607%)
entry 536000/9750146 (5.49735%)
entry 540000/9750146 (5.53838%)
entry 546000/9750146 (5.59992%)
entry 547000/9750146 (5.61017%)
entry 549000/9750146 (5.63069%)
entry 553000/9750146 (5.67171%)
entry 556000/9750146 (5.70248%)
entry 557000/9750146 (5.71273%)
entry 558000/9750146 (5.72299%)
entry 561000/9750146 (5.75376%)
entry 564000/9750146 (5.78453%)
entry 572000/9750146 (5.86658%)
entry 578000/9750146 (5.92812%)
entry 584000/9750146 (5.98965%)
entry 593000/9750146 (6.08196%)
entry 595000/9750146 (6.10247%)
entry 598000/9750146 (6.13324%)
entry 603000/9750146 (6.18452%)
entry 613000/9750146 (6.28709%)
entry 620000/9750146 (6.35888%)
entry 621000/9750146 (6.36914%)
entry 627000/9750146 (6.43067%)
entry 628000/9750146 (6.44093%)
entry 629000/9750146 (6.45119%)
entry 631000/9750146 (6.4717%)
entry 637000/9750146 (6.53324%)
entry 639000/9750146 (6.55375%)
entry 641000/9750146 (6.57426%)
entry 647000/9750146 (6.6358%)
entry 655000/9750146 (6.71785%)
entry 660000/9750146 (6.76913%)
entry 664000/9750146 (6.81015%)
entry 672000/9750146 (6.8922%)
entry 677000/9750146 (6.94349%)
entry 680000/9750146 (6.97425%)
entry 682000/9750146 (6.99477%)
entry 684000/9750146 (7.01528%)
entry 688000/9750146 (7.0563%)
entry 693000/9750146 (7.10759%)
entry 694000/9750146 (7.11784%)
entry 696000/9750146 (7.13835%)
entry 698000/9750146 (7.15887%)
entry 700000/9750146 (7.17938%)
entry 706000/9750146 (7.24092%)
entry 709000/9750146 (7.27169%)
entry 710000/9750146 (7.28194%)
entry 711000/9750146 (7.2922%)
entry 713000/9750146 (7.31271%)
entry 715000/9750146 (7.33322%)
entry 716000/9750146 (7.34348%)
entry 719000/9750146 (7.37425%)
entry 725000/9750146 (7.43579%)
entry 726000/9750146 (7.44604%)
entry 728000/9750146 (7.46655%)
entry 743000/9750146 (7.6204%)
entry 747000/9750146 (7.66142%)
entry 748000/9750146 (7.67168%)
entry 750000/9750146 (7.69219%)
entry 753000/9750146 (7.72296%)
entry 761000/9750146 (7.80501%)
entry 764000/9750146 (7.83578%)
entry 768000/9750146 (7.87681%)
entry 770000/9750146 (7.89732%)
entry 782000/9750146 (8.02039%)
entry 783000/9750146 (8.03065%)
entry 786000/9750146 (8.06142%)
entry 787000/9750146 (8.07167%)
entry 789000/9750146 (8.09219%)
entry 791000/9750146 (8.1127%)
entry 792000/9750146 (8.12296%)
entry 802000/9750146 (8.22552%)
entry 805000/9750146 (8.25629%)
entry 806000/9750146 (8.26654%)
entry 808000/9750146 (8.28706%)
entry 813000/9750146 (8.33834%)
entry 817000/9750146 (8.37936%)
entry 822000/9750146 (8.43064%)
entry 824000/9750146 (8.45116%)
entry 825000/9750146 (8.46141%)
entry 828000/9750146 (8.49218%)
entry 835000/9750146 (8.56397%)
entry 839000/9750146 (8.605%)
entry 847000/9750146 (8.68705%)
entry 852000/9750146 (8.73833%)
entry 853000/9750146 (8.74859%)
entry 860000/9750146 (8.82038%)
entry 863000/9750146 (8.85115%)
entry 868000/9750146 (8.90243%)
entry 869000/9750146 (8.91269%)
entry 870000/9750146 (8.92294%)
entry 874000/9750146 (8.96397%)
entry 878000/9750146 (9.00499%)
entry 881000/9750146 (9.03576%)
entry 882000/9750146 (9.04602%)
entry 889000/9750146 (9.11781%)
entry 891000/9750146 (9.13832%)
entry 893000/9750146 (9.15884%)
entry 894000/9750146 (9.16909%)
entry 896000/9750146 (9.18961%)
entry 900000/9750146 (9.23063%)
entry 901000/9750146 (9.24089%)
entry 903000/9750146 (9.2614%)
entry 904000/9750146 (9.27166%)
entry 909000/9750146 (9.32294%)
entry 910000/9750146 (9.33319%)
entry 913000/9750146 (9.36396%)
entry 914000/9750146 (9.37422%)
entry 915000/9750146 (9.38447%)
entry 917000/9750146 (9.40499%)
entry 921000/9750146 (9.44601%)
entry 924000/9750146 (9.47678%)
entry 925000/9750146 (9.48704%)
entry 928000/9750146 (9.51781%)
entry 929000/9750146 (9.52806%)
entry 931000/9750146 (9.54857%)
entry 936000/9750146 (9.59986%)
entry 942000/9750146 (9.66139%)
entry 946000/9750146 (9.70242%)
entry 948000/9750146 (9.72293%)
entry 952000/9750146 (9.76396%)
entry 953000/9750146 (9.77421%)
entry 956000/9750146 (9.80498%)
entry 958000/9750146 (9.82549%)
entry 959000/9750146 (9.83575%)
entry 963000/9750146 (9.87677%)
entry 967000/9750146 (9.9178%)
entry 971000/9750146 (9.95883%)
entry 973000/9750146 (9.97934%)
entry 988000/9750146 (10.1332%)
entry 993000/9750146 (10.1845%)
entry 995000/9750146 (10.205%)
entry 998000/9750146 (10.2357%)
entry 1000000/9750146 (10.2563%)
entry 1018000/9750146 (10.4409%)
entry 1022000/9750146 (10.4819%)
entry 1023000/9750146 (10.4922%)
entry 1026000/9750146 (10.5229%)
entry 1030000/9750146 (10.5639%)
entry 1033000/9750146 (10.5947%)
entry 1035000/9750146 (10.6152%)
entry 1036000/9750146 (10.6255%)
entry 1040000/9750146 (10.6665%)
entry 1043000/9750146 (10.6973%)
entry 1046000/9750146 (10.728%)
entry 1052000/9750146 (10.7896%)
entry 1068000/9750146 (10.9537%)
entry 1077000/9750146 (11.046%)
entry 1081000/9750146 (11.087%)
entry 1083000/9750146 (11.1075%)
entry 1086000/9750146 (11.1383%)
entry 1087000/9750146 (11.1486%)
entry 1089000/9750146 (11.1691%)
entry 1090000/9750146 (11.1793%)
entry 1093000/9750146 (11.2101%)
entry 1104000/9750146 (11.3229%)
entry 1105000/9750146 (11.3332%)
entry 1111000/9750146 (11.3947%)
entry 1112000/9750146 (11.405%)
entry 1120000/9750146 (11.487%)
entry 1123000/9750146 (11.5178%)
entry 1125000/9750146 (11.5383%)
entry 1136000/9750146 (11.6511%)
entry 1141000/9750146 (11.7024%)
entry 1154000/9750146 (11.8357%)
entry 1156000/9750146 (11.8562%)
entry 1161000/9750146 (11.9075%)
entry 1164000/9750146 (11.9383%)
entry 1167000/9750146 (11.9691%)
entry 1169000/9750146 (11.9896%)
entry 1170000/9750146 (11.9998%)
entry 1173000/9750146 (12.0306%)
entry 1179000/9750146 (12.0921%)
entry 1188000/9750146 (12.1844%)
entry 1193000/9750146 (12.2357%)
entry 1196000/9750146 (12.2665%)
entry 1197000/9750146 (12.2767%)
entry 1201000/9750146 (12.3178%)
entry 1205000/9750146 (12.3588%)
entry 1207000/9750146 (12.3793%)
entry 1209000/9750146 (12.3998%)
entry 1210000/9750146 (12.4101%)
entry 1211000/9750146 (12.4203%)
entry 1217000/9750146 (12.4819%)
entry 1223000/9750146 (12.5434%)
entry 1233000/9750146 (12.646%)
entry 1238000/9750146 (12.6972%)
entry 1243000/9750146 (12.7485%)
entry 1244000/9750146 (12.7588%)
entry 1248000/9750146 (12.7998%)
entry 1252000/9750146 (12.8408%)
entry 1253000/9750146 (12.8511%)
entry 1258000/9750146 (12.9024%)
entry 1259000/9750146 (12.9126%)
entry 1268000/9750146 (13.0049%)
entry 1270000/9750146 (13.0254%)
entry 1271000/9750146 (13.0357%)
entry 1273000/9750146 (13.0562%)
entry 1275000/9750146 (13.0767%)
entry 1279000/9750146 (13.1178%)
entry 1288000/9750146 (13.2101%)
entry 1294000/9750146 (13.2716%)
entry 1298000/9750146 (13.3126%)
entry 1302000/9750146 (13.3536%)
entry 1306000/9750146 (13.3947%)
entry 1307000/9750146 (13.4049%)
entry 1308000/9750146 (13.4152%)
entry 1316000/9750146 (13.4972%)
entry 1317000/9750146 (13.5075%)
entry 1318000/9750146 (13.5177%)
entry 1324000/9750146 (13.5793%)
entry 1326000/9750146 (13.5998%)
entry 1327000/9750146 (13.6101%)
entry 1328000/9750146 (13.6203%)
entry 1329000/9750146 (13.6306%)
entry 1333000/9750146 (13.6716%)
entry 1334000/9750146 (13.6818%)
entry 1338000/9750146 (13.7229%)
entry 1339000/9750146 (13.7331%)
entry 1342000/9750146 (13.7639%)
entry 1344000/9750146 (13.7844%)
entry 1348000/9750146 (13.8254%)
entry 1351000/9750146 (13.8562%)
entry 1355000/9750146 (13.8972%)
entry 1365000/9750146 (13.9998%)
entry 1368000/9750146 (14.0306%)
entry 1369000/9750146 (14.0408%)
entry 1372000/9750146 (14.0716%)
entry 1376000/9750146 (14.1126%)
entry 1378000/9750146 (14.1331%)
entry 1381000/9750146 (14.1639%)
entry 1382000/9750146 (14.1741%)
entry 1388000/9750146 (14.2357%)
entry 1390000/9750146 (14.2562%)
entry 1396000/9750146 (14.3177%)
entry 1401000/9750146 (14.369%)
entry 1402000/9750146 (14.3793%)
entry 1404000/9750146 (14.3998%)
entry 1405000/9750146 (14.41%)
entry 1414000/9750146 (14.5023%)
entry 1416000/9750146 (14.5229%)
entry 1418000/9750146 (14.5434%)
entry 1419000/9750146 (14.5536%)
entry 1427000/9750146 (14.6357%)
entry 1430000/9750146 (14.6664%)
entry 1438000/9750146 (14.7485%)
entry 1439000/9750146 (14.7588%)
entry 1440000/9750146 (14.769%)
entry 1441000/9750146 (14.7793%)
entry 1445000/9750146 (14.8203%)
entry 1447000/9750146 (14.8408%)
entry 1453000/9750146 (14.9023%)
entry 1454000/9750146 (14.9126%)
entry 1462000/9750146 (14.9946%)
entry 1466000/9750146 (15.0357%)
entry 1467000/9750146 (15.0459%)
entry 1468000/9750146 (15.0562%)
entry 1473000/9750146 (15.1075%)
entry 1474000/9750146 (15.1177%)
entry 1476000/9750146 (15.1382%)
entry 1486000/9750146 (15.2408%)
entry 1489000/9750146 (15.2716%)
entry 1491000/9750146 (15.2921%)
entry 1493000/9750146 (15.3126%)
entry 1495000/9750146 (15.3331%)
entry 1503000/9750146 (15.4152%)
entry 1505000/9750146 (15.4357%)
entry 1506000/9750146 (15.4459%)
entry 1508000/9750146 (15.4664%)
entry 1509000/9750146 (15.4767%)
entry 1511000/9750146 (15.4972%)
entry 1515000/9750146 (15.5382%)
entry 1519000/9750146 (15.5793%)
entry 1522000/9750146 (15.61%)
entry 1525000/9750146 (15.6408%)
entry 1538000/9750146 (15.7741%)
entry 1542000/9750146 (15.8151%)
entry 1543000/9750146 (15.8254%)
entry 1549000/9750146 (15.8869%)
entry 1552000/9750146 (15.9177%)
entry 1556000/9750146 (15.9587%)
entry 1558000/9750146 (15.9792%)
entry 1559000/9750146 (15.9895%)
entry 1565000/9750146 (16.051%)
entry 1567000/9750146 (16.0716%)
entry 1568000/9750146 (16.0818%)
entry 1569000/9750146 (16.0921%)
entry 1570000/9750146 (16.1023%)
entry 1572000/9750146 (16.1228%)
entry 1573000/9750146 (16.1331%)
entry 1580000/9750146 (16.2049%)
entry 1581000/9750146 (16.2151%)
entry 1583000/9750146 (16.2357%)
entry 1584000/9750146 (16.2459%)
entry 1591000/9750146 (16.3177%)
entry 1595000/9750146 (16.3587%)
entry 1602000/9750146 (16.4305%)
entry 1604000/9750146 (16.451%)
entry 1605000/9750146 (16.4613%)
entry 1609000/9750146 (16.5023%)
entry 1611000/9750146 (16.5228%)
entry 1613000/9750146 (16.5433%)
entry 1621000/9750146 (16.6254%)
entry 1624000/9750146 (16.6562%)
entry 1627000/9750146 (16.6869%)
entry 1638000/9750146 (16.7997%)
entry 1648000/9750146 (16.9023%)
entry 1653000/9750146 (16.9536%)
entry 1654000/9750146 (16.9638%)
entry 1657000/9750146 (16.9946%)
entry 1669000/9750146 (17.1177%)
entry 1672000/9750146 (17.1485%)
entry 1673000/9750146 (17.1587%)
entry 1676000/9750146 (17.1895%)
entry 1688000/9750146 (17.3126%)
entry 1698000/9750146 (17.4151%)
entry 1700000/9750146 (17.4356%)
entry 1701000/9750146 (17.4459%)
entry 1703000/9750146 (17.4664%)
entry 1709000/9750146 (17.5279%)
entry 1711000/9750146 (17.5485%)
entry 1713000/9750146 (17.569%)
entry 1716000/9750146 (17.5997%)
entry 1722000/9750146 (17.6613%)
entry 1723000/9750146 (17.6715%)
entry 1724000/9750146 (17.6818%)
entry 1726000/9750146 (17.7023%)
entry 1729000/9750146 (17.7331%)
entry 1730000/9750146 (17.7433%)
entry 1731000/9750146 (17.7536%)
entry 1734000/9750146 (17.7843%)
entry 1736000/9750146 (17.8049%)
entry 1739000/9750146 (17.8356%)
entry 1740000/9750146 (17.8459%)
entry 1741000/9750146 (17.8561%)
entry 1747000/9750146 (17.9177%)
entry 1749000/9750146 (17.9382%)
entry 1752000/9750146 (17.969%)
entry 1753000/9750146 (17.9792%)
entry 1754000/9750146 (17.9895%)
entry 1762000/9750146 (18.0715%)
entry 1769000/9750146 (18.1433%)
entry 1770000/9750146 (18.1536%)
entry 1773000/9750146 (18.1843%)
entry 1775000/9750146 (18.2049%)
entry 1778000/9750146 (18.2356%)
entry 1790000/9750146 (18.3587%)
entry 1791000/9750146 (18.369%)
entry 1796000/9750146 (18.4202%)
entry 1797000/9750146 (18.4305%)
entry 1800000/9750146 (18.4613%)
entry 1801000/9750146 (18.4715%)
entry 1805000/9750146 (18.5125%)
entry 1808000/9750146 (18.5433%)
entry 1810000/9750146 (18.5638%)
entry 1816000/9750146 (18.6254%)
entry 1818000/9750146 (18.6459%)
entry 1820000/9750146 (18.6664%)
entry 1822000/9750146 (18.6869%)
entry 1823000/9750146 (18.6972%)
entry 1828000/9750146 (18.7484%)
entry 1830000/9750146 (18.7689%)
entry 1831000/9750146 (18.7792%)
entry 1835000/9750146 (18.8202%)
entry 1842000/9750146 (18.892%)
entry 1845000/9750146 (18.9228%)
entry 1848000/9750146 (18.9536%)
entry 1850000/9750146 (18.9741%)
entry 1852000/9750146 (18.9946%)
entry 1856000/9750146 (19.0356%)
entry 1870000/9750146 (19.1792%)
entry 1871000/9750146 (19.1895%)
entry 1875000/9750146 (19.2305%)
entry 1877000/9750146 (19.251%)
entry 1879000/9750146 (19.2715%)
entry 1880000/9750146 (19.2818%)
entry 1883000/9750146 (19.3125%)
entry 1885000/9750146 (19.333%)
entry 1886000/9750146 (19.3433%)
entry 1888000/9750146 (19.3638%)
entry 1906000/9750146 (19.5484%)
entry 1907000/9750146 (19.5587%)
entry 1908000/9750146 (19.5689%)
entry 1909000/9750146 (19.5792%)
entry 1912000/9750146 (19.61%)
entry 1922000/9750146 (19.7125%)
entry 1929000/9750146 (19.7843%)
entry 1930000/9750146 (19.7946%)
entry 1937000/9750146 (19.8664%)
entry 1940000/9750146 (19.8971%)
entry 1941000/9750146 (19.9074%)
entry 1942000/9750146 (19.9177%)
entry 1944000/9750146 (19.9382%)
entry 1945000/9750146 (19.9484%)
entry 1952000/9750146 (20.0202%)
entry 1961000/9750146 (20.1125%)
entry 1963000/9750146 (20.133%)
entry 1968000/9750146 (20.1843%)
entry 1970000/9750146 (20.2048%)
entry 1971000/9750146 (20.2151%)
entry 1972000/9750146 (20.2253%)
entry 1978000/9750146 (20.2869%)
entry 1979000/9750146 (20.2971%)
entry 1982000/9750146 (20.3279%)
entry 1994000/9750146 (20.451%)
entry 1995000/9750146 (20.4612%)
entry 2003000/9750146 (20.5433%)
entry 2009000/9750146 (20.6048%)
entry 2012000/9750146 (20.6356%)
entry 2014000/9750146 (20.6561%)
entry 2017000/9750146 (20.6869%)
entry 2025000/9750146 (20.7689%)
entry 2029000/9750146 (20.8099%)
entry 2047000/9750146 (20.9946%)
entry 2048000/9750146 (21.0048%)
entry 2051000/9750146 (21.0356%)
entry 2056000/9750146 (21.0869%)
entry 2058000/9750146 (21.1074%)
entry 2060000/9750146 (21.1279%)
entry 2063000/9750146 (21.1587%)
entry 2066000/9750146 (21.1894%)
entry 2070000/9750146 (21.2305%)
entry 2072000/9750146 (21.251%)
entry 2076000/9750146 (21.292%)
entry 2084000/9750146 (21.374%)
entry 2087000/9750146 (21.4048%)
entry 2090000/9750146 (21.4356%)
entry 2094000/9750146 (21.4766%)
entry 2096000/9750146 (21.4971%)
entry 2100000/9750146 (21.5381%)
entry 2101000/9750146 (21.5484%)
entry 2102000/9750146 (21.5587%)
entry 2105000/9750146 (21.5894%)
entry 2118000/9750146 (21.7228%)
entry 2123000/9750146 (21.774%)
entry 2124000/9750146 (21.7843%)
entry 2128000/9750146 (21.8253%)
entry 2132000/9750146 (21.8663%)
entry 2133000/9750146 (21.8766%)
entry 2135000/9750146 (21.8971%)
entry 2137000/9750146 (21.9176%)
entry 2142000/9750146 (21.9689%)
entry 2143000/9750146 (21.9792%)
entry 2146000/9750146 (22.0099%)
entry 2147000/9750146 (22.0202%)
entry 2160000/9750146 (22.1535%)
entry 2168000/9750146 (22.2356%)
entry 2179000/9750146 (22.3484%)
entry 2180000/9750146 (22.3586%)
entry 2181000/9750146 (22.3689%)
entry 2189000/9750146 (22.4509%)
entry 2191000/9750146 (22.4715%)
entry 2194000/9750146 (22.5022%)
entry 2195000/9750146 (22.5125%)
entry 2196000/9750146 (22.5227%)
entry 2198000/9750146 (22.5433%)
entry 2201000/9750146 (22.574%)
entry 2203000/9750146 (22.5945%)
entry 2209000/9750146 (22.6561%)
entry 2211000/9750146 (22.6766%)
entry 2212000/9750146 (22.6868%)
entry 2214000/9750146 (22.7074%)
entry 2215000/9750146 (22.7176%)
entry 2218000/9750146 (22.7484%)
entry 2220000/9750146 (22.7689%)
entry 2221000/9750146 (22.7791%)
entry 2222000/9750146 (22.7894%)
entry 2224000/9750146 (22.8099%)
entry 2233000/9750146 (22.9022%)
entry 2238000/9750146 (22.9535%)
entry 2240000/9750146 (22.974%)
entry 2244000/9750146 (23.015%)
entry 2247000/9750146 (23.0458%)
entry 2248000/9750146 (23.0561%)
entry 2251000/9750146 (23.0868%)
entry 2257000/9750146 (23.1484%)
entry 2261000/9750146 (23.1894%)
entry 2262000/9750146 (23.1997%)
entry 2266000/9750146 (23.2407%)
entry 2268000/9750146 (23.2612%)
entry 2269000/9750146 (23.2714%)
entry 2275000/9750146 (23.333%)
entry 2283000/9750146 (23.415%)
entry 2286000/9750146 (23.4458%)
entry 2295000/9750146 (23.5381%)
entry 2300000/9750146 (23.5894%)
entry 2307000/9750146 (23.6612%)
entry 2308000/9750146 (23.6714%)
entry 2314000/9750146 (23.733%)
entry 2317000/9750146 (23.7637%)
entry 2319000/9750146 (23.7843%)
entry 2323000/9750146 (23.8253%)
entry 2328000/9750146 (23.8766%)
entry 2329000/9750146 (23.8868%)
entry 2330000/9750146 (23.8971%)
entry 2349000/9750146 (24.0919%)
entry 2352000/9750146 (24.1227%)
entry 2356000/9750146 (24.1637%)
entry 2373000/9750146 (24.3381%)
entry 2375000/9750146 (24.3586%)
entry 2376000/9750146 (24.3689%)
entry 2378000/9750146 (24.3894%)
entry 2381000/9750146 (24.4201%)
entry 2387000/9750146 (24.4817%)
entry 2396000/9750146 (24.574%)
entry 2401000/9750146 (24.6253%)
entry 2410000/9750146 (24.7176%)
entry 2411000/9750146 (24.7278%)
entry 2413000/9750146 (24.7483%)
entry 2424000/9750146 (24.8612%)
entry 2425000/9750146 (24.8714%)
entry 2428000/9750146 (24.9022%)
entry 2430000/9750146 (24.9227%)
entry 2437000/9750146 (24.9945%)
entry 2439000/9750146 (25.015%)
entry 2443000/9750146 (25.056%)
entry 2448000/9750146 (25.1073%)
entry 2458000/9750146 (25.2099%)
entry 2461000/9750146 (25.2406%)
entry 2462000/9750146 (25.2509%)
entry 2466000/9750146 (25.2919%)
entry 2470000/9750146 (25.333%)
entry 2471000/9750146 (25.3432%)
entry 2474000/9750146 (25.374%)
entry 2475000/9750146 (25.3842%)
entry 2476000/9750146 (25.3945%)
entry 2477000/9750146 (25.4047%)
entry 2484000/9750146 (25.4765%)
entry 2493000/9750146 (25.5688%)
entry 2494000/9750146 (25.5791%)
entry 2495000/9750146 (25.5894%)
entry 2496000/9750146 (25.5996%)
entry 2497000/9750146 (25.6099%)
entry 2506000/9750146 (25.7022%)
entry 2507000/9750146 (25.7124%)
entry 2509000/9750146 (25.7329%)
entry 2514000/9750146 (25.7842%)
entry 2516000/9750146 (25.8047%)
entry 2520000/9750146 (25.8458%)
entry 2522000/9750146 (25.8663%)
entry 2523000/9750146 (25.8765%)
entry 2527000/9750146 (25.9176%)
entry 2530000/9750146 (25.9483%)
entry 2531000/9750146 (25.9586%)
entry 2535000/9750146 (25.9996%)
entry 2539000/9750146 (26.0406%)
entry 2540000/9750146 (26.0509%)
entry 2542000/9750146 (26.0714%)
entry 2548000/9750146 (26.1329%)
entry 2553000/9750146 (26.1842%)
entry 2554000/9750146 (26.1945%)
entry 2555000/9750146 (26.2047%)
entry 2567000/9750146 (26.3278%)
entry 2569000/9750146 (26.3483%)
entry 2570000/9750146 (26.3586%)
entry 2587000/9750146 (26.5329%)
entry 2589000/9750146 (26.5534%)
entry 2600000/9750146 (26.6663%)
entry 2602000/9750146 (26.6868%)
entry 2615000/9750146 (26.8201%)
entry 2618000/9750146 (26.8509%)
entry 2620000/9750146 (26.8714%)
entry 2635000/9750146 (27.0252%)
entry 2636000/9750146 (27.0355%)
entry 2639000/9750146 (27.0663%)
entry 2643000/9750146 (27.1073%)
entry 2645000/9750146 (27.1278%)
entry 2647000/9750146 (27.1483%)
entry 2648000/9750146 (27.1586%)
entry 2652000/9750146 (27.1996%)
entry 2660000/9750146 (27.2816%)
entry 2662000/9750146 (27.3022%)
entry 2669000/9750146 (27.3739%)
entry 2678000/9750146 (27.4663%)
entry 2680000/9750146 (27.4868%)
entry 2683000/9750146 (27.5175%)
entry 2684000/9750146 (27.5278%)
entry 2685000/9750146 (27.538%)
entry 2687000/9750146 (27.5586%)
entry 2690000/9750146 (27.5893%)
entry 2693000/9750146 (27.6201%)
entry 2694000/9750146 (27.6304%)
entry 2698000/9750146 (27.6714%)
entry 2703000/9750146 (27.7227%)
entry 2705000/9750146 (27.7432%)
entry 2715000/9750146 (27.8457%)
entry 2722000/9750146 (27.9175%)
entry 2725000/9750146 (27.9483%)
entry 2727000/9750146 (27.9688%)
entry 2729000/9750146 (27.9893%)
entry 2730000/9750146 (27.9996%)
entry 2732000/9750146 (28.0201%)
entry 2734000/9750146 (28.0406%)
entry 2736000/9750146 (28.0611%)
entry 2740000/9750146 (28.1021%)
entry 2742000/9750146 (28.1227%)
entry 2750000/9750146 (28.2047%)
entry 2751000/9750146 (28.215%)
entry 2759000/9750146 (28.297%)
entry 2760000/9750146 (28.3073%)
entry 2761000/9750146 (28.3175%)
entry 2764000/9750146 (28.3483%)
entry 2766000/9750146 (28.3688%)
entry 2770000/9750146 (28.4098%)
entry 2772000/9750146 (28.4303%)
entry 2775000/9750146 (28.4611%)
entry 2778000/9750146 (28.4919%)
entry 2781000/9750146 (28.5226%)
entry 2785000/9750146 (28.5637%)
entry 2791000/9750146 (28.6252%)
entry 2792000/9750146 (28.6355%)
entry 2793000/9750146 (28.6457%)
entry 2801000/9750146 (28.7278%)
entry 2804000/9750146 (28.7585%)
entry 2810000/9750146 (28.8201%)
entry 2812000/9750146 (28.8406%)
entry 2816000/9750146 (28.8816%)
entry 2818000/9750146 (28.9021%)
entry 2828000/9750146 (29.0047%)
entry 2829000/9750146 (29.015%)
entry 2831000/9750146 (29.0355%)
entry 2833000/9750146 (29.056%)
entry 2836000/9750146 (29.0867%)
entry 2839000/9750146 (29.1175%)
entry 2842000/9750146 (29.1483%)
entry 2848000/9750146 (29.2098%)
entry 2852000/9750146 (29.2508%)
entry 2856000/9750146 (29.2919%)
entry 2861000/9750146 (29.3431%)
entry 2862000/9750146 (29.3534%)
entry 2866000/9750146 (29.3944%)
entry 2870000/9750146 (29.4355%)
entry 2876000/9750146 (29.497%)
entry 2881000/9750146 (29.5483%)
entry 2882000/9750146 (29.5585%)
entry 2886000/9750146 (29.5996%)
entry 2888000/9750146 (29.6201%)
entry 2889000/9750146 (29.6303%)
entry 2890000/9750146 (29.6406%)
entry 2891000/9750146 (29.6508%)
entry 2892000/9750146 (29.6611%)
entry 2894000/9750146 (29.6816%)
entry 2895000/9750146 (29.6919%)
entry 2897000/9750146 (29.7124%)
entry 2904000/9750146 (29.7842%)
entry 2921000/9750146 (29.9585%)
entry 2923000/9750146 (29.979%)
entry 2924000/9750146 (29.9893%)
entry 2927000/9750146 (30.0201%)
entry 2931000/9750146 (30.0611%)
entry 2932000/9750146 (30.0713%)
entry 2934000/9750146 (30.0919%)
entry 2935000/9750146 (30.1021%)
entry 2937000/9750146 (30.1226%)
entry 2938000/9750146 (30.1329%)
entry 2943000/9750146 (30.1842%)
entry 2945000/9750146 (30.2047%)
entry 2950000/9750146 (30.256%)
entry 2955000/9750146 (30.3072%)
entry 2958000/9750146 (30.338%)
entry 2959000/9750146 (30.3483%)
entry 2962000/9750146 (30.379%)
entry 2963000/9750146 (30.3893%)
entry 2964000/9750146 (30.3995%)
entry 2972000/9750146 (30.4816%)
entry 2976000/9750146 (30.5226%)
entry 2977000/9750146 (30.5329%)
entry 2984000/9750146 (30.6047%)
entry 2988000/9750146 (30.6457%)
entry 2990000/9750146 (30.6662%)
entry 2997000/9750146 (30.738%)
entry 3002000/9750146 (30.7893%)
entry 3003000/9750146 (30.7995%)
entry 3006000/9750146 (30.8303%)
entry 3008000/9750146 (30.8508%)
entry 3010000/9750146 (30.8713%)
entry 3012000/9750146 (30.8918%)
entry 3020000/9750146 (30.9739%)
entry 3023000/9750146 (31.0047%)
entry 3024000/9750146 (31.0149%)
entry 3026000/9750146 (31.0354%)
entry 3027000/9750146 (31.0457%)
entry 3030000/9750146 (31.0765%)
entry 3035000/9750146 (31.1277%)
entry 3038000/9750146 (31.1585%)
entry 3045000/9750146 (31.2303%)
entry 3046000/9750146 (31.2406%)
entry 3056000/9750146 (31.3431%)
entry 3058000/9750146 (31.3636%)
entry 3064000/9750146 (31.4252%)
entry 3066000/9750146 (31.4457%)
entry 3069000/9750146 (31.4765%)
entry 3076000/9750146 (31.5482%)
entry 3082000/9750146 (31.6098%)
entry 3083000/9750146 (31.62%)
entry 3087000/9750146 (31.6611%)
entry 3090000/9750146 (31.6918%)
entry 3095000/9750146 (31.7431%)
entry 3096000/9750146 (31.7534%)
entry 3097000/9750146 (31.7636%)
entry 3104000/9750146 (31.8354%)
entry 3107000/9750146 (31.8662%)
entry 3113000/9750146 (31.9277%)
entry 3114000/9750146 (31.938%)
entry 3119000/9750146 (31.9893%)
entry 3122000/9750146 (32.02%)
entry 3123000/9750146 (32.0303%)
entry 3124000/9750146 (32.0405%)
entry 3126000/9750146 (32.0611%)
entry 3136000/9750146 (32.1636%)
entry 3142000/9750146 (32.2252%)
entry 3147000/9750146 (32.2764%)
entry 3153000/9750146 (32.338%)
entry 3162000/9750146 (32.4303%)
entry 3165000/9750146 (32.4611%)
entry 3168000/9750146 (32.4918%)
entry 3173000/9750146 (32.5431%)
entry 3176000/9750146 (32.5739%)
entry 3177000/9750146 (32.5841%)
entry 3180000/9750146 (32.6149%)
entry 3186000/9750146 (32.6764%)
entry 3188000/9750146 (32.6969%)
entry 3197000/9750146 (32.7893%)
entry 3204000/9750146 (32.861%)
entry 3207000/9750146 (32.8918%)
entry 3210000/9750146 (32.9226%)
entry 3218000/9750146 (33.0046%)
entry 3219000/9750146 (33.0149%)
entry 3224000/9750146 (33.0662%)
entry 3225000/9750146 (33.0764%)
entry 3228000/9750146 (33.1072%)
entry 3230000/9750146 (33.1277%)
entry 3241000/9750146 (33.2405%)
entry 3243000/9750146 (33.261%)
entry 3246000/9750146 (33.2918%)
entry 3255000/9750146 (33.3841%)
entry 3256000/9750146 (33.3944%)
entry 3268000/9750146 (33.5174%)
entry 3270000/9750146 (33.538%)
entry 3272000/9750146 (33.5585%)
entry 3282000/9750146 (33.661%)
entry 3283000/9750146 (33.6713%)
entry 3287000/9750146 (33.7123%)
entry 3288000/9750146 (33.7226%)
entry 3293000/9750146 (33.7739%)
entry 3294000/9750146 (33.7841%)
entry 3302000/9750146 (33.8662%)
entry 3303000/9750146 (33.8764%)
entry 3310000/9750146 (33.9482%)
entry 3311000/9750146 (33.9585%)
entry 3315000/9750146 (33.9995%)
entry 3317000/9750146 (34.02%)
entry 3320000/9750146 (34.0508%)
entry 3321000/9750146 (34.061%)
entry 3322000/9750146 (34.0713%)
entry 3327000/9750146 (34.1226%)
entry 3328000/9750146 (34.1328%)
entry 3331000/9750146 (34.1636%)
entry 3332000/9750146 (34.1738%)
entry 3335000/9750146 (34.2046%)
entry 3338000/9750146 (34.2354%)
entry 3344000/9750146 (34.2969%)
entry 3346000/9750146 (34.3174%)
entry 3352000/9750146 (34.379%)
entry 3358000/9750146 (34.4405%)
entry 3363000/9750146 (34.4918%)
entry 3364000/9750146 (34.502%)
entry 3376000/9750146 (34.6251%)
entry 3381000/9750146 (34.6764%)
entry 3382000/9750146 (34.6867%)
entry 3385000/9750146 (34.7174%)
entry 3389000/9750146 (34.7585%)
entry 3393000/9750146 (34.7995%)
entry 3394000/9750146 (34.8097%)
entry 3395000/9750146 (34.82%)
entry 3397000/9750146 (34.8405%)
entry 3400000/9750146 (34.8713%)
entry 3401000/9750146 (34.8815%)
entry 3403000/9750146 (34.902%)
entry 3413000/9750146 (35.0046%)
entry 3418000/9750146 (35.0559%)
entry 3425000/9750146 (35.1277%)
entry 3426000/9750146 (35.1379%)
entry 3427000/9750146 (35.1482%)
entry 3429000/9750146 (35.1687%)
entry 3430000/9750146 (35.179%)
entry 3438000/9750146 (35.261%)
entry 3445000/9750146 (35.3328%)
entry 3446000/9750146 (35.3431%)
entry 3449000/9750146 (35.3738%)
entry 3452000/9750146 (35.4046%)
entry 3453000/9750146 (35.4149%)
entry 3455000/9750146 (35.4354%)
entry 3459000/9750146 (35.4764%)
entry 3463000/9750146 (35.5174%)
entry 3467000/9750146 (35.5584%)
entry 3470000/9750146 (35.5892%)
entry 3480000/9750146 (35.6918%)
entry 3486000/9750146 (35.7533%)
entry 3490000/9750146 (35.7943%)
entry 3497000/9750146 (35.8661%)
entry 3499000/9750146 (35.8866%)
entry 3503000/9750146 (35.9277%)
entry 3504000/9750146 (35.9379%)
entry 3506000/9750146 (35.9584%)
entry 3515000/9750146 (36.0507%)
entry 3518000/9750146 (36.0815%)
entry 3525000/9750146 (36.1533%)
entry 3529000/9750146 (36.1943%)
entry 3536000/9750146 (36.2661%)
entry 3537000/9750146 (36.2764%)
entry 3541000/9750146 (36.3174%)
entry 3542000/9750146 (36.3277%)
entry 3543000/9750146 (36.3379%)
entry 3546000/9750146 (36.3687%)
entry 3549000/9750146 (36.3995%)
entry 3551000/9750146 (36.42%)
entry 3552000/9750146 (36.4302%)
entry 3554000/9750146 (36.4507%)
entry 3563000/9750146 (36.543%)
entry 3564000/9750146 (36.5533%)
entry 3573000/9750146 (36.6456%)
entry 3576000/9750146 (36.6764%)
entry 3579000/9750146 (36.7071%)
entry 3581000/9750146 (36.7277%)
entry 3587000/9750146 (36.7892%)
entry 3589000/9750146 (36.8097%)
entry 3590000/9750146 (36.82%)
entry 3591000/9750146 (36.8302%)
entry 3594000/9750146 (36.861%)
entry 3596000/9750146 (36.8815%)
entry 3607000/9750146 (36.9943%)
entry 3614000/9750146 (37.0661%)
entry 3619000/9750146 (37.1174%)
entry 3626000/9750146 (37.1892%)
entry 3631000/9750146 (37.2405%)
entry 3632000/9750146 (37.2507%)
entry 3633000/9750146 (37.261%)
entry 3638000/9750146 (37.3123%)
entry 3639000/9750146 (37.3225%)
entry 3645000/9750146 (37.3841%)
entry 3647000/9750146 (37.4046%)
entry 3649000/9750146 (37.4251%)
entry 3652000/9750146 (37.4559%)
entry 3670000/9750146 (37.6405%)
entry 3679000/9750146 (37.7328%)
entry 3686000/9750146 (37.8046%)
entry 3688000/9750146 (37.8251%)
entry 3690000/9750146 (37.8456%)
entry 3694000/9750146 (37.8866%)
entry 3695000/9750146 (37.8969%)
entry 3698000/9750146 (37.9276%)
entry 3699000/9750146 (37.9379%)
entry 3712000/9750146 (38.0712%)
entry 3715000/9750146 (38.102%)
entry 3722000/9750146 (38.1738%)
entry 3723000/9750146 (38.184%)
entry 3724000/9750146 (38.1943%)
entry 3727000/9750146 (38.2251%)
entry 3730000/9750146 (38.2558%)
entry 3733000/9750146 (38.2866%)
entry 3737000/9750146 (38.3276%)
entry 3742000/9750146 (38.3789%)
entry 3746000/9750146 (38.4199%)
entry 3750000/9750146 (38.461%)
entry 3758000/9750146 (38.543%)
entry 3759000/9750146 (38.5533%)
entry 3766000/9750146 (38.6251%)
entry 3771000/9750146 (38.6763%)
entry 3776000/9750146 (38.7276%)
entry 3790000/9750146 (38.8712%)
entry 3794000/9750146 (38.9122%)
entry 3795000/9750146 (38.9225%)
entry 3798000/9750146 (38.9533%)
entry 3799000/9750146 (38.9635%)
entry 3804000/9750146 (39.0148%)
entry 3806000/9750146 (39.0353%)
entry 3808000/9750146 (39.0558%)
entry 3810000/9750146 (39.0763%)
entry 3811000/9750146 (39.0866%)
entry 3812000/9750146 (39.0969%)
entry 3816000/9750146 (39.1379%)
entry 3819000/9750146 (39.1686%)
entry 3821000/9750146 (39.1892%)
entry 3823000/9750146 (39.2097%)
entry 3830000/9750146 (39.2815%)
entry 3834000/9750146 (39.3225%)
entry 3842000/9750146 (39.4045%)
entry 3851000/9750146 (39.4968%)
entry 3852000/9750146 (39.5071%)
entry 3853000/9750146 (39.5174%)
entry 3854000/9750146 (39.5276%)
entry 3859000/9750146 (39.5789%)
entry 3863000/9750146 (39.6199%)
entry 3878000/9750146 (39.7738%)
entry 3881000/9750146 (39.8045%)
entry 3882000/9750146 (39.8148%)
entry 3884000/9750146 (39.8353%)
entry 3888000/9750146 (39.8763%)
entry 3898000/9750146 (39.9789%)
entry 3901000/9750146 (40.0097%)
entry 3902000/9750146 (40.0199%)
entry 3903000/9750146 (40.0302%)
entry 3904000/9750146 (40.0404%)
entry 3905000/9750146 (40.0507%)
entry 3907000/9750146 (40.0712%)
entry 3908000/9750146 (40.0815%)
entry 3909000/9750146 (40.0917%)
entry 3914000/9750146 (40.143%)
entry 3915000/9750146 (40.1532%)
entry 3920000/9750146 (40.2045%)
entry 3924000/9750146 (40.2456%)
entry 3925000/9750146 (40.2558%)
entry 3927000/9750146 (40.2763%)
entry 3929000/9750146 (40.2968%)
entry 3936000/9750146 (40.3686%)
entry 3948000/9750146 (40.4917%)
entry 3950000/9750146 (40.5122%)
entry 3960000/9750146 (40.6148%)
entry 3963000/9750146 (40.6455%)
entry 3969000/9750146 (40.7071%)
entry 3970000/9750146 (40.7173%)
entry 3974000/9750146 (40.7584%)
entry 3978000/9750146 (40.7994%)
entry 3980000/9750146 (40.8199%)
entry 3982000/9750146 (40.8404%)
entry 3986000/9750146 (40.8814%)
entry 3990000/9750146 (40.9225%)
entry 3995000/9750146 (40.9737%)
entry 3997000/9750146 (40.9943%)
entry 3999000/9750146 (41.0148%)
entry 4001000/9750146 (41.0353%)
entry 4002000/9750146 (41.0455%)
entry 4004000/9750146 (41.0661%)
entry 4007000/9750146 (41.0968%)
entry 4008000/9750146 (41.1071%)
entry 4010000/9750146 (41.1276%)
entry 4011000/9750146 (41.1378%)
entry 4013000/9750146 (41.1584%)
entry 4014000/9750146 (41.1686%)
entry 4016000/9750146 (41.1891%)
entry 4019000/9750146 (41.2199%)
entry 4020000/9750146 (41.2302%)
entry 4021000/9750146 (41.2404%)
entry 4023000/9750146 (41.2609%)
entry 4028000/9750146 (41.3122%)
entry 4050000/9750146 (41.5378%)
entry 4053000/9750146 (41.5686%)
entry 4056000/9750146 (41.5994%)
entry 4057000/9750146 (41.6096%)
entry 4062000/9750146 (41.6609%)
entry 4064000/9750146 (41.6814%)
entry 4071000/9750146 (41.7532%)
entry 4076000/9750146 (41.8045%)
entry 4083000/9750146 (41.8763%)
entry 4084000/9750146 (41.8866%)
entry 4085000/9750146 (41.8968%)
entry 4093000/9750146 (41.9789%)
entry 4096000/9750146 (42.0096%)
entry 4098000/9750146 (42.0301%)
entry 4102000/9750146 (42.0712%)
entry 4106000/9750146 (42.1122%)
entry 4110000/9750146 (42.1532%)
entry 4115000/9750146 (42.2045%)
entry 4116000/9750146 (42.2148%)
entry 4118000/9750146 (42.2353%)
entry 4122000/9750146 (42.2763%)
entry 4128000/9750146 (42.3378%)
entry 4132000/9750146 (42.3789%)
entry 4137000/9750146 (42.4301%)
entry 4141000/9750146 (42.4712%)
entry 4142000/9750146 (42.4814%)
entry 4152000/9750146 (42.584%)
entry 4153000/9750146 (42.5942%)
entry 4154000/9750146 (42.6045%)
entry 4155000/9750146 (42.6147%)
entry 4159000/9750146 (42.6558%)
entry 4163000/9750146 (42.6968%)
entry 4170000/9750146 (42.7686%)
entry 4174000/9750146 (42.8096%)
entry 4178000/9750146 (42.8506%)
entry 4180000/9750146 (42.8712%)
entry 4181000/9750146 (42.8814%)
entry 4183000/9750146 (42.9019%)
entry 4191000/9750146 (42.984%)
entry 4197000/9750146 (43.0455%)
entry 4199000/9750146 (43.066%)
entry 4206000/9750146 (43.1378%)
entry 4208000/9750146 (43.1583%)
entry 4222000/9750146 (43.3019%)
entry 4225000/9750146 (43.3327%)
entry 4226000/9750146 (43.3429%)
entry 4227000/9750146 (43.3532%)
entry 4229000/9750146 (43.3737%)
entry 4230000/9750146 (43.384%)
entry 4231000/9750146 (43.3942%)
entry 4238000/9750146 (43.466%)
entry 4242000/9750146 (43.507%)
entry 4243000/9750146 (43.5173%)
entry 4245000/9750146 (43.5378%)
entry 4247000/9750146 (43.5583%)
entry 4250000/9750146 (43.5891%)
entry 4253000/9750146 (43.6199%)
entry 4261000/9750146 (43.7019%)
entry 4262000/9750146 (43.7122%)
entry 4265000/9750146 (43.7429%)
entry 4269000/9750146 (43.784%)
entry 4272000/9750146 (43.8147%)
entry 4273000/9750146 (43.825%)
entry 4279000/9750146 (43.8865%)
entry 4281000/9750146 (43.907%)
entry 4286000/9750146 (43.9583%)
entry 4291000/9750146 (44.0096%)
entry 4299000/9750146 (44.0916%)
entry 4300000/9750146 (44.1019%)
entry 4304000/9750146 (44.1429%)
entry 4308000/9750146 (44.184%)
entry 4313000/9750146 (44.2352%)
entry 4323000/9750146 (44.3378%)
entry 4329000/9750146 (44.3993%)
entry 4335000/9750146 (44.4609%)
entry 4337000/9750146 (44.4814%)
entry 4340000/9750146 (44.5122%)
entry 4342000/9750146 (44.5327%)
entry 4347000/9750146 (44.5839%)
entry 4355000/9750146 (44.666%)
entry 4359000/9750146 (44.707%)
entry 4363000/9750146 (44.748%)
entry 4364000/9750146 (44.7583%)
entry 4366000/9750146 (44.7788%)
entry 4373000/9750146 (44.8506%)
entry 4376000/9750146 (44.8814%)
entry 4377000/9750146 (44.8916%)
entry 4380000/9750146 (44.9224%)
entry 4391000/9750146 (45.0352%)
entry 4393000/9750146 (45.0557%)
entry 4394000/9750146 (45.066%)
entry 4395000/9750146 (45.0762%)
entry 4404000/9750146 (45.1686%)
entry 4406000/9750146 (45.1891%)
entry 4407000/9750146 (45.1993%)
entry 4414000/9750146 (45.2711%)
entry 4417000/9750146 (45.3019%)
entry 4418000/9750146 (45.3121%)
entry 4419000/9750146 (45.3224%)
entry 4425000/9750146 (45.3839%)
entry 4429000/9750146 (45.425%)
entry 4434000/9750146 (45.4762%)
entry 4435000/9750146 (45.4865%)
entry 4437000/9750146 (45.507%)
entry 4452000/9750146 (45.6609%)
entry 4453000/9750146 (45.6711%)
entry 4456000/9750146 (45.7019%)
entry 4457000/9750146 (45.7121%)
entry 4460000/9750146 (45.7429%)
entry 4461000/9750146 (45.7532%)
entry 4471000/9750146 (45.8557%)
entry 4475000/9750146 (45.8967%)
entry 4483000/9750146 (45.9788%)
entry 4492000/9750146 (46.0711%)
entry 4495000/9750146 (46.1019%)
entry 4497000/9750146 (46.1224%)
entry 4498000/9750146 (46.1326%)
entry 4507000/9750146 (46.2249%)
entry 4517000/9750146 (46.3275%)
entry 4518000/9750146 (46.3378%)
entry 4519000/9750146 (46.348%)
entry 4522000/9750146 (46.3788%)
entry 4524000/9750146 (46.3993%)
entry 4530000/9750146 (46.4608%)
entry 4531000/9750146 (46.4711%)
entry 4533000/9750146 (46.4916%)
entry 4537000/9750146 (46.5326%)
entry 4542000/9750146 (46.5839%)
entry 4548000/9750146 (46.6455%)
entry 4554000/9750146 (46.707%)
entry 4560000/9750146 (46.7685%)
entry 4566000/9750146 (46.8301%)
entry 4574000/9750146 (46.9121%)
entry 4577000/9750146 (46.9429%)
entry 4578000/9750146 (46.9531%)
entry 4579000/9750146 (46.9634%)
entry 4580000/9750146 (46.9737%)
entry 4584000/9750146 (47.0147%)
entry 4587000/9750146 (47.0454%)
entry 4589000/9750146 (47.066%)
entry 4593000/9750146 (47.107%)
entry 4594000/9750146 (47.1172%)
entry 4595000/9750146 (47.1275%)
entry 4609000/9750146 (47.2711%)
entry 4622000/9750146 (47.4044%)
entry 4625000/9750146 (47.4352%)
entry 4635000/9750146 (47.5378%)
entry 4636000/9750146 (47.548%)
entry 4649000/9750146 (47.6813%)
entry 4653000/9750146 (47.7224%)
entry 4659000/9750146 (47.7839%)
entry 4662000/9750146 (47.8147%)
entry 4672000/9750146 (47.9172%)
entry 4677000/9750146 (47.9685%)
entry 4679000/9750146 (47.989%)
entry 4685000/9750146 (48.0506%)
entry 4687000/9750146 (48.0711%)
entry 4692000/9750146 (48.1224%)
entry 4694000/9750146 (48.1429%)
entry 4698000/9750146 (48.1839%)
entry 4699000/9750146 (48.1941%)
entry 4701000/9750146 (48.2147%)
entry 4705000/9750146 (48.2557%)
entry 4707000/9750146 (48.2762%)
entry 4715000/9750146 (48.3582%)
entry 4726000/9750146 (48.4711%)
entry 4728000/9750146 (48.4916%)
entry 4731000/9750146 (48.5224%)
entry 4736000/9750146 (48.5736%)
entry 4745000/9750146 (48.6659%)
entry 4750000/9750146 (48.7172%)
entry 4757000/9750146 (48.789%)
entry 4758000/9750146 (48.7993%)
entry 4761000/9750146 (48.83%)
entry 4762000/9750146 (48.8403%)
entry 4769000/9750146 (48.9121%)
entry 4772000/9750146 (48.9429%)
entry 4777000/9750146 (48.9941%)
entry 4780000/9750146 (49.0249%)
entry 4781000/9750146 (49.0352%)
entry 4785000/9750146 (49.0762%)
entry 4788000/9750146 (49.107%)
entry 4791000/9750146 (49.1377%)
entry 4792000/9750146 (49.148%)
entry 4793000/9750146 (49.1582%)
entry 4802000/9750146 (49.2505%)
entry 4805000/9750146 (49.2813%)
entry 4808000/9750146 (49.3121%)
entry 4809000/9750146 (49.3223%)
entry 4810000/9750146 (49.3326%)
entry 4812000/9750146 (49.3531%)
entry 4813000/9750146 (49.3634%)
entry 4818000/9750146 (49.4146%)
entry 4822000/9750146 (49.4557%)
entry 4823000/9750146 (49.4659%)
entry 4824000/9750146 (49.4762%)
entry 4825000/9750146 (49.4864%)
entry 4829000/9750146 (49.5275%)
entry 4833000/9750146 (49.5685%)
entry 4834000/9750146 (49.5787%)
entry 4835000/9750146 (49.589%)
entry 4838000/9750146 (49.6198%)
entry 4846000/9750146 (49.7018%)
entry 4849000/9750146 (49.7326%)
entry 4850000/9750146 (49.7428%)
entry 4852000/9750146 (49.7634%)
entry 4854000/9750146 (49.7839%)
entry 4858000/9750146 (49.8249%)
entry 4862000/9750146 (49.8659%)
entry 4865000/9750146 (49.8967%)
entry 4867000/9750146 (49.9172%)
entry 4868000/9750146 (49.9275%)
entry 4874000/9750146 (49.989%)
entry 4887000/9750146 (50.1223%)
entry 4888000/9750146 (50.1326%)
entry 4889000/9750146 (50.1428%)
entry 4893000/9750146 (50.1839%)
entry 4897000/9750146 (50.2249%)
entry 4902000/9750146 (50.2762%)
entry 4903000/9750146 (50.2864%)
entry 4905000/9750146 (50.3069%)
entry 4910000/9750146 (50.3582%)
entry 4917000/9750146 (50.43%)
entry 4919000/9750146 (50.4505%)
entry 4927000/9750146 (50.5326%)
entry 4931000/9750146 (50.5736%)
entry 4936000/9750146 (50.6249%)
entry 4939000/9750146 (50.6557%)
entry 4941000/9750146 (50.6762%)
entry 4944000/9750146 (50.7069%)
entry 4951000/9750146 (50.7787%)
entry 4952000/9750146 (50.789%)
entry 4953000/9750146 (50.7992%)
entry 4954000/9750146 (50.8095%)
entry 4957000/9750146 (50.8403%)
entry 4960000/9750146 (50.871%)
entry 4962000/9750146 (50.8915%)
entry 4966000/9750146 (50.9326%)
entry 4967000/9750146 (50.9428%)
entry 4969000/9750146 (50.9633%)
entry 4971000/9750146 (50.9839%)
entry 4976000/9750146 (51.0351%)
entry 4977000/9750146 (51.0454%)
entry 4979000/9750146 (51.0659%)
entry 4982000/9750146 (51.0967%)
entry 4992000/9750146 (51.1992%)
entry 4993000/9750146 (51.2095%)
entry 4998000/9750146 (51.2608%)
entry 4999000/9750146 (51.271%)
entry 5002000/9750146 (51.3018%)
entry 5003000/9750146 (51.3121%)
entry 5005000/9750146 (51.3326%)
entry 5009000/9750146 (51.3736%)
entry 5011000/9750146 (51.3941%)
entry 5013000/9750146 (51.4146%)
entry 5014000/9750146 (51.4249%)
entry 5015000/9750146 (51.4351%)
entry 5017000/9750146 (51.4556%)
entry 5020000/9750146 (51.4864%)
entry 5024000/9750146 (51.5274%)
entry 5031000/9750146 (51.5992%)
entry 5032000/9750146 (51.6095%)
entry 5033000/9750146 (51.6197%)
entry 5034000/9750146 (51.63%)
entry 5035000/9750146 (51.6403%)
entry 5036000/9750146 (51.6505%)
entry 5042000/9750146 (51.712%)
entry 5043000/9750146 (51.7223%)
entry 5052000/9750146 (51.8146%)
entry 5054000/9750146 (51.8351%)
entry 5073000/9750146 (52.03%)
entry 5076000/9750146 (52.0608%)
entry 5092000/9750146 (52.2249%)
entry 5094000/9750146 (52.2454%)
entry 5098000/9750146 (52.2864%)
entry 5102000/9750146 (52.3274%)
entry 5109000/9750146 (52.3992%)
entry 5110000/9750146 (52.4095%)
entry 5114000/9750146 (52.4505%)
entry 5115000/9750146 (52.4608%)
entry 5117000/9750146 (52.4813%)
entry 5118000/9750146 (52.4915%)
entry 5119000/9750146 (52.5018%)
entry 5122000/9750146 (52.5325%)
entry 5124000/9750146 (52.5531%)
entry 5126000/9750146 (52.5736%)
entry 5128000/9750146 (52.5941%)
entry 5129000/9750146 (52.6043%)
entry 5135000/9750146 (52.6659%)
entry 5140000/9750146 (52.7172%)
entry 5141000/9750146 (52.7274%)
entry 5143000/9750146 (52.7479%)
entry 5147000/9750146 (52.789%)
entry 5149000/9750146 (52.8095%)
entry 5157000/9750146 (52.8915%)
entry 5160000/9750146 (52.9223%)
entry 5161000/9750146 (52.9325%)
entry 5163000/9750146 (52.9531%)
entry 5165000/9750146 (52.9736%)
entry 5178000/9750146 (53.1069%)
entry 5182000/9750146 (53.1479%)
entry 5183000/9750146 (53.1582%)
entry 5186000/9750146 (53.1889%)
entry 5188000/9750146 (53.2095%)
entry 5189000/9750146 (53.2197%)
entry 5201000/9750146 (53.3428%)
entry 5202000/9750146 (53.353%)
entry 5210000/9750146 (53.4351%)
entry 5218000/9750146 (53.5171%)
entry 5225000/9750146 (53.5889%)
entry 5233000/9750146 (53.671%)
entry 5237000/9750146 (53.712%)
entry 5242000/9750146 (53.7633%)
entry 5246000/9750146 (53.8043%)
entry 5250000/9750146 (53.8453%)
entry 5251000/9750146 (53.8556%)
entry 5255000/9750146 (53.8966%)
entry 5257000/9750146 (53.9171%)
entry 5261000/9750146 (53.9582%)
entry 5274000/9750146 (54.0915%)
entry 5284000/9750146 (54.1941%)
entry 5287000/9750146 (54.2248%)
entry 5294000/9750146 (54.2966%)
entry 5295000/9750146 (54.3069%)
entry 5299000/9750146 (54.3479%)
entry 5302000/9750146 (54.3787%)
entry 5303000/9750146 (54.3889%)
entry 5304000/9750146 (54.3992%)
entry 5306000/9750146 (54.4197%)
entry 5307000/9750146 (54.43%)
entry 5312000/9750146 (54.4812%)
entry 5313000/9750146 (54.4915%)
entry 5315000/9750146 (54.512%)
entry 5317000/9750146 (54.5325%)
entry 5321000/9750146 (54.5735%)
entry 5326000/9750146 (54.6248%)
entry 5330000/9750146 (54.6658%)
entry 5331000/9750146 (54.6761%)
entry 5332000/9750146 (54.6864%)
entry 5336000/9750146 (54.7274%)
entry 5343000/9750146 (54.7992%)
entry 5348000/9750146 (54.8505%)
entry 5352000/9750146 (54.8915%)
entry 5360000/9750146 (54.9735%)
entry 5362000/9750146 (54.994%)
entry 5370000/9750146 (55.0761%)
entry 5372000/9750146 (55.0966%)
entry 5375000/9750146 (55.1274%)
entry 5380000/9750146 (55.1787%)
entry 5382000/9750146 (55.1992%)
entry 5384000/9750146 (55.2197%)
entry 5391000/9750146 (55.2915%)
entry 5392000/9750146 (55.3017%)
entry 5397000/9750146 (55.353%)
entry 5405000/9750146 (55.4351%)
entry 5407000/9750146 (55.4556%)
entry 5412000/9750146 (55.5069%)
entry 5414000/9750146 (55.5274%)
entry 5416000/9750146 (55.5479%)
entry 5421000/9750146 (55.5992%)
entry 5423000/9750146 (55.6197%)
entry 5429000/9750146 (55.6812%)
entry 5438000/9750146 (55.7735%)
entry 5439000/9750146 (55.7838%)
entry 5440000/9750146 (55.794%)
entry 5453000/9750146 (55.9274%)
entry 5459000/9750146 (55.9889%)
entry 5460000/9750146 (55.9992%)
entry 5466000/9750146 (56.0607%)
entry 5467000/9750146 (56.071%)
entry 5468000/9750146 (56.0812%)
entry 5476000/9750146 (56.1633%)
entry 5477000/9750146 (56.1735%)
entry 5478000/9750146 (56.1838%)
entry 5480000/9750146 (56.2043%)
entry 5482000/9750146 (56.2248%)
entry 5483000/9750146 (56.2351%)
entry 5486000/9750146 (56.2658%)
entry 5487000/9750146 (56.2761%)
entry 5488000/9750146 (56.2863%)
entry 5489000/9750146 (56.2966%)
entry 5491000/9750146 (56.3171%)
entry 5492000/9750146 (56.3274%)
entry 5494000/9750146 (56.3479%)
entry 5495000/9750146 (56.3581%)
entry 5498000/9750146 (56.3889%)
entry 5503000/9750146 (56.4402%)
entry 5508000/9750146 (56.4915%)
entry 5516000/9750146 (56.5735%)
entry 5517000/9750146 (56.5838%)
entry 5520000/9750146 (56.6145%)
entry 5522000/9750146 (56.6351%)
entry 5525000/9750146 (56.6658%)
entry 5527000/9750146 (56.6863%)
entry 5528000/9750146 (56.6966%)
entry 5539000/9750146 (56.8094%)
entry 5544000/9750146 (56.8607%)
entry 5545000/9750146 (56.8709%)
entry 5552000/9750146 (56.9427%)
entry 5553000/9750146 (56.953%)
entry 5554000/9750146 (56.9632%)
entry 5558000/9750146 (57.0043%)
entry 5562000/9750146 (57.0453%)
entry 5563000/9750146 (57.0556%)
entry 5564000/9750146 (57.0658%)
entry 5572000/9750146 (57.1479%)
entry 5574000/9750146 (57.1684%)
entry 5576000/9750146 (57.1889%)
entry 5595000/9750146 (57.3838%)
entry 5601000/9750146 (57.4453%)
entry 5605000/9750146 (57.4863%)
entry 5614000/9750146 (57.5786%)
entry 5617000/9750146 (57.6094%)
entry 5621000/9750146 (57.6504%)
entry 5629000/9750146 (57.7325%)
entry 5630000/9750146 (57.7427%)
entry 5640000/9750146 (57.8453%)
entry 5644000/9750146 (57.8863%)
entry 5646000/9750146 (57.9068%)
entry 5653000/9750146 (57.9786%)
entry 5670000/9750146 (58.153%)
entry 5671000/9750146 (58.1632%)
entry 5675000/9750146 (58.2043%)
entry 5676000/9750146 (58.2145%)
entry 5677000/9750146 (58.2248%)
entry 5688000/9750146 (58.3376%)
entry 5691000/9750146 (58.3684%)
entry 5693000/9750146 (58.3889%)
entry 5711000/9750146 (58.5735%)
entry 5714000/9750146 (58.6043%)
entry 5715000/9750146 (58.6145%)
entry 5718000/9750146 (58.6453%)
entry 5719000/9750146 (58.6555%)
entry 5720000/9750146 (58.6658%)
entry 5721000/9750146 (58.676%)
entry 5722000/9750146 (58.6863%)
entry 5723000/9750146 (58.6966%)
entry 5731000/9750146 (58.7786%)
entry 5734000/9750146 (58.8094%)
entry 5735000/9750146 (58.8196%)
entry 5742000/9750146 (58.8914%)
entry 5748000/9750146 (58.953%)
entry 5750000/9750146 (58.9735%)
entry 5752000/9750146 (58.994%)
entry 5765000/9750146 (59.1273%)
entry 5768000/9750146 (59.1581%)
entry 5782000/9750146 (59.3017%)
entry 5786000/9750146 (59.3427%)
entry 5796000/9750146 (59.4453%)
entry 5798000/9750146 (59.4658%)
entry 5807000/9750146 (59.5581%)
entry 5810000/9750146 (59.5888%)
entry 5812000/9750146 (59.6094%)
entry 5813000/9750146 (59.6196%)
entry 5824000/9750146 (59.7324%)
entry 5828000/9750146 (59.7735%)
entry 5839000/9750146 (59.8863%)
entry 5840000/9750146 (59.8965%)
entry 5846000/9750146 (59.9581%)
entry 5850000/9750146 (59.9991%)
entry 5851000/9750146 (60.0094%)
entry 5864000/9750146 (60.1427%)
entry 5869000/9750146 (60.194%)
entry 5871000/9750146 (60.2145%)
entry 5872000/9750146 (60.2247%)
entry 5875000/9750146 (60.2555%)
entry 5883000/9750146 (60.3376%)
entry 5890000/9750146 (60.4093%)
entry 5891000/9750146 (60.4196%)
entry 5897000/9750146 (60.4811%)
entry 5898000/9750146 (60.4914%)
entry 5900000/9750146 (60.5119%)
entry 5903000/9750146 (60.5427%)
entry 5906000/9750146 (60.5735%)
entry 5912000/9750146 (60.635%)
entry 5921000/9750146 (60.7273%)
entry 5925000/9750146 (60.7683%)
entry 5929000/9750146 (60.8093%)
entry 5932000/9750146 (60.8401%)
entry 5933000/9750146 (60.8504%)
entry 5938000/9750146 (60.9017%)
entry 5940000/9750146 (60.9222%)
entry 5941000/9750146 (60.9324%)
entry 5943000/9750146 (60.9529%)
entry 5947000/9750146 (60.994%)
entry 5949000/9750146 (61.0145%)
entry 5951000/9750146 (61.035%)
entry 5957000/9750146 (61.0965%)
entry 5958000/9750146 (61.1068%)
entry 5960000/9750146 (61.1273%)
entry 5962000/9750146 (61.1478%)
entry 5963000/9750146 (61.1581%)
entry 5964000/9750146 (61.1683%)
entry 5966000/9750146 (61.1888%)
entry 5968000/9750146 (61.2093%)
entry 5975000/9750146 (61.2811%)
entry 5978000/9750146 (61.3119%)
entry 5982000/9750146 (61.3529%)
entry 5984000/9750146 (61.3734%)
entry 5985000/9750146 (61.3837%)
entry 5991000/9750146 (61.4452%)
entry 5997000/9750146 (61.5068%)
entry 6001000/9750146 (61.5478%)
entry 6002000/9750146 (61.558%)
entry 6004000/9750146 (61.5786%)
entry 6005000/9750146 (61.5888%)
entry 6015000/9750146 (61.6914%)
entry 6016000/9750146 (61.7016%)
entry 6024000/9750146 (61.7837%)
entry 6025000/9750146 (61.7939%)
entry 6027000/9750146 (61.8145%)
entry 6031000/9750146 (61.8555%)
entry 6036000/9750146 (61.9068%)
entry 6039000/9750146 (61.9375%)
entry 6041000/9750146 (61.958%)
entry 6043000/9750146 (61.9786%)
entry 6050000/9750146 (62.0504%)
entry 6053000/9750146 (62.0811%)
entry 6054000/9750146 (62.0914%)
entry 6058000/9750146 (62.1324%)
entry 6060000/9750146 (62.1529%)
entry 6062000/9750146 (62.1734%)
entry 6068000/9750146 (62.235%)
entry 6069000/9750146 (62.2452%)
entry 6070000/9750146 (62.2555%)
entry 6074000/9750146 (62.2965%)
entry 6075000/9750146 (62.3068%)
entry 6077000/9750146 (62.3273%)
entry 6086000/9750146 (62.4196%)
entry 6090000/9750146 (62.4606%)
entry 6091000/9750146 (62.4709%)
entry 6102000/9750146 (62.5837%)
entry 6103000/9750146 (62.5939%)
entry 6104000/9750146 (62.6042%)
entry 6112000/9750146 (62.6862%)
entry 6115000/9750146 (62.717%)
entry 6117000/9750146 (62.7375%)
entry 6119000/9750146 (62.758%)
entry 6120000/9750146 (62.7683%)
entry 6127000/9750146 (62.8401%)
entry 6133000/9750146 (62.9016%)
entry 6134000/9750146 (62.9119%)
entry 6135000/9750146 (62.9221%)
entry 6137000/9750146 (62.9426%)
entry 6138000/9750146 (62.9529%)
entry 6141000/9750146 (62.9837%)
entry 6147000/9750146 (63.0452%)
entry 6149000/9750146 (63.0657%)
entry 6151000/9750146 (63.0862%)
entry 6156000/9750146 (63.1375%)
entry 6160000/9750146 (63.1785%)
entry 6162000/9750146 (63.1991%)
entry 6166000/9750146 (63.2401%)
entry 6167000/9750146 (63.2503%)
entry 6170000/9750146 (63.2811%)
entry 6172000/9750146 (63.3016%)
entry 6189000/9750146 (63.476%)
entry 6195000/9750146 (63.5375%)
entry 6205000/9750146 (63.6401%)
entry 6207000/9750146 (63.6606%)
entry 6211000/9750146 (63.7016%)
entry 6215000/9750146 (63.7426%)
entry 6219000/9750146 (63.7837%)
entry 6221000/9750146 (63.8042%)
entry 6222000/9750146 (63.8144%)
entry 6232000/9750146 (63.917%)
entry 6234000/9750146 (63.9375%)
entry 6235000/9750146 (63.9478%)
entry 6250000/9750146 (64.1016%)
entry 6252000/9750146 (64.1221%)
entry 6257000/9750146 (64.1734%)
entry 6267000/9750146 (64.276%)
entry 6275000/9750146 (64.358%)
entry 6276000/9750146 (64.3683%)
entry 6280000/9750146 (64.4093%)
entry 6283000/9750146 (64.4401%)
entry 6284000/9750146 (64.4503%)
entry 6285000/9750146 (64.4606%)
entry 6286000/9750146 (64.4708%)
entry 6288000/9750146 (64.4913%)
entry 6293000/9750146 (64.5426%)
entry 6298000/9750146 (64.5939%)
entry 6299000/9750146 (64.6042%)
entry 6303000/9750146 (64.6452%)
entry 6304000/9750146 (64.6554%)
entry 6305000/9750146 (64.6657%)
entry 6306000/9750146 (64.676%)
entry 6307000/9750146 (64.6862%)
entry 6309000/9750146 (64.7067%)
entry 6315000/9750146 (64.7683%)
entry 6323000/9750146 (64.8503%)
entry 6326000/9750146 (64.8811%)
entry 6331000/9750146 (64.9324%)
entry 6333000/9750146 (64.9529%)
entry 6336000/9750146 (64.9836%)
entry 6340000/9750146 (65.0247%)
entry 6341000/9750146 (65.0349%)
entry 6343000/9750146 (65.0554%)
entry 6347000/9750146 (65.0965%)
entry 6348000/9750146 (65.1067%)
entry 6350000/9750146 (65.1272%)
entry 6354000/9750146 (65.1683%)
entry 6356000/9750146 (65.1888%)
entry 6363000/9750146 (65.2606%)
entry 6365000/9750146 (65.2811%)
entry 6367000/9750146 (65.3016%)
entry 6370000/9750146 (65.3324%)
entry 6372000/9750146 (65.3529%)
entry 6375000/9750146 (65.3836%)
entry 6377000/9750146 (65.4041%)
entry 6378000/9750146 (65.4144%)
entry 6379000/9750146 (65.4247%)
entry 6391000/9750146 (65.5477%)
entry 6394000/9750146 (65.5785%)
entry 6404000/9750146 (65.6811%)
entry 6405000/9750146 (65.6913%)
entry 6406000/9750146 (65.7016%)
entry 6409000/9750146 (65.7323%)
entry 6414000/9750146 (65.7836%)
entry 6415000/9750146 (65.7939%)
entry 6418000/9750146 (65.8247%)
entry 6419000/9750146 (65.8349%)
entry 6421000/9750146 (65.8554%)
entry 6424000/9750146 (65.8862%)
entry 6427000/9750146 (65.917%)
entry 6430000/9750146 (65.9477%)
entry 6432000/9750146 (65.9682%)
entry 6437000/9750146 (66.0195%)
entry 6447000/9750146 (66.1221%)
entry 6451000/9750146 (66.1631%)
entry 6456000/9750146 (66.2144%)
entry 6462000/9750146 (66.2759%)
entry 6463000/9750146 (66.2862%)
entry 6464000/9750146 (66.2964%)
entry 6466000/9750146 (66.317%)
entry 6467000/9750146 (66.3272%)
entry 6468000/9750146 (66.3375%)
entry 6471000/9750146 (66.3682%)
entry 6473000/9750146 (66.3888%)
entry 6476000/9750146 (66.4195%)
entry 6479000/9750146 (66.4503%)
entry 6480000/9750146 (66.4605%)
entry 6483000/9750146 (66.4913%)
entry 6486000/9750146 (66.5221%)
entry 6488000/9750146 (66.5426%)
entry 6490000/9750146 (66.5631%)
entry 6497000/9750146 (66.6349%)
entry 6501000/9750146 (66.6759%)
entry 6505000/9750146 (66.717%)
entry 6506000/9750146 (66.7272%)
entry 6510000/9750146 (66.7682%)
entry 6515000/9750146 (66.8195%)
entry 6516000/9750146 (66.8298%)
entry 6521000/9750146 (66.881%)
entry 6524000/9750146 (66.9118%)
entry 6528000/9750146 (66.9528%)
entry 6535000/9750146 (67.0246%)
entry 6536000/9750146 (67.0349%)
entry 6537000/9750146 (67.0452%)
entry 6541000/9750146 (67.0862%)
entry 6550000/9750146 (67.1785%)
entry 6551000/9750146 (67.1887%)
entry 6559000/9750146 (67.2708%)
entry 6566000/9750146 (67.3426%)
entry 6571000/9750146 (67.3939%)
entry 6577000/9750146 (67.4554%)
entry 6581000/9750146 (67.4964%)
entry 6584000/9750146 (67.5272%)
entry 6587000/9750146 (67.558%)
entry 6588000/9750146 (67.5682%)
entry 6592000/9750146 (67.6092%)
entry 6600000/9750146 (67.6913%)
entry 6602000/9750146 (67.7118%)
entry 6603000/9750146 (67.7221%)
entry 6604000/9750146 (67.7323%)
entry 6608000/9750146 (67.7733%)
entry 6610000/9750146 (67.7939%)
entry 6611000/9750146 (67.8041%)
entry 6612000/9750146 (67.8144%)
entry 6613000/9750146 (67.8246%)
entry 6616000/9750146 (67.8554%)
entry 6623000/9750146 (67.9272%)
entry 6625000/9750146 (67.9477%)
entry 6626000/9750146 (67.958%)
entry 6628000/9750146 (67.9785%)
entry 6634000/9750146 (68.04%)
entry 6650000/9750146 (68.2041%)
entry 6657000/9750146 (68.2759%)
entry 6665000/9750146 (68.358%)
entry 6671000/9750146 (68.4195%)
entry 6672000/9750146 (68.4297%)
entry 6673000/9750146 (68.44%)
entry 6679000/9750146 (68.5015%)
entry 6684000/9750146 (68.5528%)
entry 6696000/9750146 (68.6759%)
entry 6698000/9750146 (68.6964%)
entry 6707000/9750146 (68.7887%)
entry 6713000/9750146 (68.8502%)
entry 6715000/9750146 (68.8708%)
entry 6724000/9750146 (68.9631%)
entry 6729000/9750146 (69.0144%)
entry 6732000/9750146 (69.0451%)
entry 6733000/9750146 (69.0554%)
entry 6735000/9750146 (69.0759%)
entry 6736000/9750146 (69.0861%)
entry 6738000/9750146 (69.1067%)
entry 6739000/9750146 (69.1169%)
entry 6743000/9750146 (69.1579%)
entry 6744000/9750146 (69.1682%)
entry 6747000/9750146 (69.199%)
entry 6753000/9750146 (69.2605%)
entry 6755000/9750146 (69.281%)
entry 6759000/9750146 (69.322%)
entry 6766000/9750146 (69.3938%)
entry 6771000/9750146 (69.4451%)
entry 6774000/9750146 (69.4759%)
entry 6781000/9750146 (69.5477%)
entry 6782000/9750146 (69.5579%)
entry 6787000/9750146 (69.6092%)
entry 6788000/9750146 (69.6195%)
entry 6804000/9750146 (69.7836%)
entry 6806000/9750146 (69.8041%)
entry 6807000/9750146 (69.8143%)
entry 6809000/9750146 (69.8349%)
entry 6810000/9750146 (69.8451%)
entry 6812000/9750146 (69.8656%)
entry 6814000/9750146 (69.8861%)
entry 6815000/9750146 (69.8964%)
entry 6817000/9750146 (69.9169%)
entry 6821000/9750146 (69.9579%)
entry 6824000/9750146 (69.9887%)
entry 6830000/9750146 (70.0502%)
entry 6852000/9750146 (70.2759%)
entry 6854000/9750146 (70.2964%)
entry 6855000/9750146 (70.3066%)
entry 6868000/9750146 (70.44%)
entry 6870000/9750146 (70.4605%)
entry 6877000/9750146 (70.5323%)
entry 6878000/9750146 (70.5425%)
entry 6886000/9750146 (70.6246%)
entry 6892000/9750146 (70.6861%)
entry 6895000/9750146 (70.7169%)
entry 6901000/9750146 (70.7784%)
entry 6904000/9750146 (70.8092%)
entry 6906000/9750146 (70.8297%)
entry 6908000/9750146 (70.8502%)
entry 6910000/9750146 (70.8707%)
entry 6915000/9750146 (70.922%)
entry 6920000/9750146 (70.9733%)
entry 6921000/9750146 (70.9836%)
entry 6924000/9750146 (71.0143%)
entry 6925000/9750146 (71.0246%)
entry 6927000/9750146 (71.0451%)
entry 6928000/9750146 (71.0553%)
entry 6930000/9750146 (71.0759%)
entry 6931000/9750146 (71.0861%)
entry 6936000/9750146 (71.1374%)
entry 6938000/9750146 (71.1579%)
entry 6941000/9750146 (71.1887%)
entry 6944000/9750146 (71.2194%)
entry 6946000/9750146 (71.24%)
entry 6947000/9750146 (71.2502%)
entry 6949000/9750146 (71.2707%)
entry 6956000/9750146 (71.3425%)
entry 6957000/9750146 (71.3528%)
entry 6960000/9750146 (71.3835%)
entry 6965000/9750146 (71.4348%)
entry 6966000/9750146 (71.4451%)
entry 6968000/9750146 (71.4656%)
entry 6969000/9750146 (71.4759%)
entry 6972000/9750146 (71.5066%)
entry 6974000/9750146 (71.5271%)
entry 6975000/9750146 (71.5374%)
entry 6984000/9750146 (71.6297%)
entry 6990000/9750146 (71.6912%)
entry 6992000/9750146 (71.7117%)
entry 6995000/9750146 (71.7425%)
entry 6996000/9750146 (71.7528%)
entry 7004000/9750146 (71.8348%)
entry 7011000/9750146 (71.9066%)
entry 7013000/9750146 (71.9271%)
entry 7017000/9750146 (71.9682%)
entry 7020000/9750146 (71.9989%)
entry 7026000/9750146 (72.0605%)
entry 7027000/9750146 (72.0707%)
entry 7029000/9750146 (72.0912%)
entry 7030000/9750146 (72.1015%)
entry 7038000/9750146 (72.1835%)
entry 7044000/9750146 (72.2451%)
entry 7048000/9750146 (72.2861%)
entry 7052000/9750146 (72.3271%)
entry 7053000/9750146 (72.3374%)
entry 7055000/9750146 (72.3579%)
entry 7059000/9750146 (72.3989%)
entry 7073000/9750146 (72.5425%)
entry 7078000/9750146 (72.5938%)
entry 7079000/9750146 (72.604%)
entry 7080000/9750146 (72.6143%)
entry 7085000/9750146 (72.6656%)
entry 7089000/9750146 (72.7066%)
entry 7090000/9750146 (72.7169%)
entry 7092000/9750146 (72.7374%)
entry 7098000/9750146 (72.7989%)
entry 7099000/9750146 (72.8092%)
entry 7115000/9750146 (72.9733%)
entry 7117000/9750146 (72.9938%)
entry 7119000/9750146 (73.0143%)
entry 7123000/9750146 (73.0553%)
entry 7124000/9750146 (73.0656%)
entry 7125000/9750146 (73.0758%)
entry 7126000/9750146 (73.0861%)
entry 7129000/9750146 (73.1169%)
entry 7134000/9750146 (73.1681%)
entry 7137000/9750146 (73.1989%)
entry 7138000/9750146 (73.2092%)
entry 7148000/9750146 (73.3117%)
entry 7149000/9750146 (73.322%)
entry 7154000/9750146 (73.3733%)
entry 7161000/9750146 (73.4451%)
entry 7163000/9750146 (73.4656%)
entry 7167000/9750146 (73.5066%)
entry 7181000/9750146 (73.6502%)
entry 7183000/9750146 (73.6707%)
entry 7186000/9750146 (73.7015%)
entry 7188000/9750146 (73.722%)
entry 7192000/9750146 (73.763%)
entry 7194000/9750146 (73.7835%)
entry 7198000/9750146 (73.8245%)
entry 7199000/9750146 (73.8348%)
entry 7202000/9750146 (73.8656%)
entry 7216000/9750146 (74.0092%)
entry 7222000/9750146 (74.0707%)
entry 7225000/9750146 (74.1015%)
entry 7228000/9750146 (74.1322%)
entry 7238000/9750146 (74.2348%)
entry 7243000/9750146 (74.2861%)
entry 7253000/9750146 (74.3886%)
entry 7255000/9750146 (74.4091%)
entry 7256000/9750146 (74.4194%)
entry 7258000/9750146 (74.4399%)
entry 7264000/9750146 (74.5014%)
entry 7265000/9750146 (74.5117%)
entry 7266000/9750146 (74.522%)
entry 7267000/9750146 (74.5322%)
entry 7269000/9750146 (74.5527%)
entry 7274000/9750146 (74.604%)
entry 7276000/9750146 (74.6245%)
entry 7278000/9750146 (74.645%)
entry 7282000/9750146 (74.6861%)
entry 7283000/9750146 (74.6963%)
entry 7289000/9750146 (74.7579%)
entry 7292000/9750146 (74.7886%)
entry 7301000/9750146 (74.8809%)
entry 7316000/9750146 (75.0348%)
entry 7318000/9750146 (75.0553%)
entry 7319000/9750146 (75.0655%)
entry 7320000/9750146 (75.0758%)
entry 7325000/9750146 (75.1271%)
entry 7341000/9750146 (75.2912%)
entry 7343000/9750146 (75.3117%)
entry 7344000/9750146 (75.3219%)
entry 7347000/9750146 (75.3527%)
entry 7350000/9750146 (75.3835%)
entry 7354000/9750146 (75.4245%)
entry 7355000/9750146 (75.4348%)
entry 7358000/9750146 (75.4655%)
entry 7359000/9750146 (75.4758%)
entry 7363000/9750146 (75.5168%)
entry 7369000/9750146 (75.5784%)
entry 7371000/9750146 (75.5989%)
entry 7374000/9750146 (75.6296%)
entry 7377000/9750146 (75.6604%)
entry 7383000/9750146 (75.7219%)
entry 7387000/9750146 (75.763%)
entry 7389000/9750146 (75.7835%)
entry 7392000/9750146 (75.8142%)
entry 7397000/9750146 (75.8655%)
entry 7399000/9750146 (75.886%)
entry 7400000/9750146 (75.8963%)
entry 7405000/9750146 (75.9476%)
entry 7410000/9750146 (75.9989%)
entry 7415000/9750146 (76.0501%)
entry 7419000/9750146 (76.0912%)
entry 7423000/9750146 (76.1322%)
entry 7425000/9750146 (76.1527%)
entry 7427000/9750146 (76.1732%)
entry 7434000/9750146 (76.245%)
entry 7435000/9750146 (76.2553%)
entry 7443000/9750146 (76.3373%)
entry 7449000/9750146 (76.3989%)
entry 7450000/9750146 (76.4091%)
entry 7453000/9750146 (76.4399%)
entry 7460000/9750146 (76.5117%)
entry 7465000/9750146 (76.563%)
entry 7474000/9750146 (76.6553%)
entry 7479000/9750146 (76.7065%)
entry 7481000/9750146 (76.7271%)
entry 7485000/9750146 (76.7681%)
entry 7491000/9750146 (76.8296%)
entry 7494000/9750146 (76.8604%)
entry 7495000/9750146 (76.8706%)
entry 7512000/9750146 (77.045%)
entry 7513000/9750146 (77.0553%)
entry 7515000/9750146 (77.0758%)
entry 7516000/9750146 (77.086%)
entry 7523000/9750146 (77.1578%)
entry 7528000/9750146 (77.2091%)
entry 7531000/9750146 (77.2399%)
entry 7532000/9750146 (77.2501%)
entry 7536000/9750146 (77.2911%)
entry 7546000/9750146 (77.3937%)
entry 7547000/9750146 (77.404%)
entry 7549000/9750146 (77.4245%)
entry 7551000/9750146 (77.445%)
entry 7552000/9750146 (77.4553%)
entry 7556000/9750146 (77.4963%)
entry 7564000/9750146 (77.5783%)
entry 7565000/9750146 (77.5886%)
entry 7567000/9750146 (77.6091%)
entry 7570000/9750146 (77.6399%)
entry 7573000/9750146 (77.6706%)
entry 7578000/9750146 (77.7219%)
entry 7579000/9750146 (77.7322%)
entry 7581000/9750146 (77.7527%)
entry 7588000/9750146 (77.8245%)
entry 7595000/9750146 (77.8963%)
entry 7598000/9750146 (77.927%)
entry 7600000/9750146 (77.9476%)
entry 7604000/9750146 (77.9886%)
entry 7607000/9750146 (78.0193%)
entry 7609000/9750146 (78.0399%)
entry 7615000/9750146 (78.1014%)
entry 7618000/9750146 (78.1322%)
entry 7619000/9750146 (78.1424%)
entry 7622000/9750146 (78.1732%)
entry 7623000/9750146 (78.1834%)
entry 7631000/9750146 (78.2655%)
entry 7635000/9750146 (78.3065%)
entry 7636000/9750146 (78.3168%)
entry 7641000/9750146 (78.3681%)
entry 7644000/9750146 (78.3988%)
entry 7646000/9750146 (78.4193%)
entry 7648000/9750146 (78.4398%)
entry 7649000/9750146 (78.4501%)
entry 7652000/9750146 (78.4809%)
entry 7660000/9750146 (78.5629%)
entry 7661000/9750146 (78.5732%)
entry 7665000/9750146 (78.6142%)
entry 7668000/9750146 (78.645%)
entry 7674000/9750146 (78.7065%)
entry 7679000/9750146 (78.7578%)
entry 7690000/9750146 (78.8706%)
entry 7692000/9750146 (78.8911%)
entry 7693000/9750146 (78.9014%)
entry 7696000/9750146 (78.9322%)
entry 7705000/9750146 (79.0245%)
entry 7707000/9750146 (79.045%)
entry 7714000/9750146 (79.1168%)
entry 7719000/9750146 (79.168%)
entry 7721000/9750146 (79.1886%)
entry 7724000/9750146 (79.2193%)
entry 7727000/9750146 (79.2501%)
entry 7731000/9750146 (79.2911%)
entry 7733000/9750146 (79.3116%)
entry 7737000/9750146 (79.3527%)
entry 7745000/9750146 (79.4347%)
entry 7750000/9750146 (79.486%)
entry 7751000/9750146 (79.4962%)
entry 7755000/9750146 (79.5373%)
entry 7767000/9750146 (79.6603%)
entry 7772000/9750146 (79.7116%)
entry 7773000/9750146 (79.7219%)
entry 7779000/9750146 (79.7834%)
entry 7780000/9750146 (79.7937%)
entry 7781000/9750146 (79.8039%)
entry 7782000/9750146 (79.8142%)
entry 7788000/9750146 (79.8757%)
entry 7797000/9750146 (79.968%)
entry 7799000/9750146 (79.9885%)
entry 7800000/9750146 (79.9988%)
entry 7806000/9750146 (80.0603%)
entry 7816000/9750146 (80.1629%)
entry 7817000/9750146 (80.1732%)
entry 7824000/9750146 (80.245%)
entry 7827000/9750146 (80.2757%)
entry 7833000/9750146 (80.3373%)
entry 7835000/9750146 (80.3578%)
entry 7836000/9750146 (80.368%)
entry 7837000/9750146 (80.3783%)
entry 7848000/9750146 (80.4911%)
entry 7852000/9750146 (80.5321%)
entry 7859000/9750146 (80.6039%)
entry 7871000/9750146 (80.727%)
entry 7881000/9750146 (80.8296%)
entry 7888000/9750146 (80.9014%)
entry 7902000/9750146 (81.0449%)
entry 7904000/9750146 (81.0655%)
entry 7905000/9750146 (81.0757%)
entry 7906000/9750146 (81.086%)
entry 7911000/9750146 (81.1372%)
entry 7913000/9750146 (81.1578%)
entry 7922000/9750146 (81.2501%)
entry 7923000/9750146 (81.2603%)
entry 7924000/9750146 (81.2706%)
entry 7928000/9750146 (81.3116%)
entry 7929000/9750146 (81.3219%)
entry 7933000/9750146 (81.3629%)
entry 7935000/9750146 (81.3834%)
entry 7940000/9750146 (81.4347%)
entry 7947000/9750146 (81.5065%)
entry 7951000/9750146 (81.5475%)
entry 7954000/9750146 (81.5783%)
entry 7961000/9750146 (81.6501%)
entry 7962000/9750146 (81.6603%)
entry 7966000/9750146 (81.7013%)
entry 7968000/9750146 (81.7219%)
entry 7977000/9750146 (81.8142%)
entry 7987000/9750146 (81.9167%)
entry 7991000/9750146 (81.9577%)
entry 7992000/9750146 (81.968%)
entry 7994000/9750146 (81.9885%)
entry 7995000/9750146 (81.9988%)
entry 7997000/9750146 (82.0193%)
entry 7998000/9750146 (82.0295%)
entry 8003000/9750146 (82.0808%)
entry 8013000/9750146 (82.1834%)
entry 8015000/9750146 (82.2039%)
entry 8022000/9750146 (82.2757%)
entry 8025000/9750146 (82.3065%)
entry 8038000/9750146 (82.4398%)
entry 8043000/9750146 (82.4911%)
entry 8044000/9750146 (82.5013%)
entry 8050000/9750146 (82.5629%)
entry 8051000/9750146 (82.5731%)
entry 8055000/9750146 (82.6141%)
entry 8056000/9750146 (82.6244%)
entry 8058000/9750146 (82.6449%)
entry 8067000/9750146 (82.7372%)
entry 8068000/9750146 (82.7475%)
entry 8077000/9750146 (82.8398%)
entry 8080000/9750146 (82.8706%)
entry 8081000/9750146 (82.8808%)
entry 8083000/9750146 (82.9013%)
entry 8084000/9750146 (82.9116%)
entry 8087000/9750146 (82.9423%)
entry 8102000/9750146 (83.0962%)
entry 8105000/9750146 (83.127%)
entry 8106000/9750146 (83.1372%)
entry 8111000/9750146 (83.1885%)
entry 8118000/9750146 (83.2603%)
entry 8121000/9750146 (83.2911%)
entry 8123000/9750146 (83.3116%)
entry 8124000/9750146 (83.3218%)
entry 8127000/9750146 (83.3526%)
entry 8131000/9750146 (83.3936%)
entry 8132000/9750146 (83.4039%)
entry 8135000/9750146 (83.4346%)
entry 8140000/9750146 (83.4859%)
entry 8158000/9750146 (83.6705%)
entry 8159000/9750146 (83.6808%)
entry 8168000/9750146 (83.7731%)
entry 8169000/9750146 (83.7834%)
entry 8171000/9750146 (83.8039%)
entry 8174000/9750146 (83.8346%)
entry 8175000/9750146 (83.8449%)
entry 8180000/9750146 (83.8962%)
entry 8182000/9750146 (83.9167%)
entry 8183000/9750146 (83.9269%)
entry 8188000/9750146 (83.9782%)
entry 8189000/9750146 (83.9885%)
entry 8192000/9750146 (84.0193%)
entry 8205000/9750146 (84.1526%)
entry 8212000/9750146 (84.2244%)
entry 8218000/9750146 (84.2859%)
entry 8219000/9750146 (84.2962%)
entry 8223000/9750146 (84.3372%)
entry 8228000/9750146 (84.3885%)
entry 8229000/9750146 (84.3987%)
entry 8233000/9750146 (84.4398%)
entry 8234000/9750146 (84.45%)
